<?xml version="1.0" encoding="utf-8"?>
<TestRun id="0be44f4b-6e16-43b0-84f4-2587c5404269" name="NCELL-DEV-020@DESKTOP-CK86BSC 2026-09-08 18:22:50" runUser="DESKTOP-CK86BSC\NCELL-DEV-020" xmlns="http://microsoft.com/schemas/VisualStudio/TeamTest/2010">
  <Times creation="2026-09-08T18:22:50.9477581-03:00" queuing="2026-09-08T18:22:50.9477585-03:00" start="2026-09-08T18:22:50.0034828-03:00" finish="2026-09-08T18:22:55.7837950-03:00" />
  <TestSettings name="default" id="170f6a5c-0854-475b-9853-d3f2d068234b">
    <Deployment runDeploymentRoot="NCELL-DEV-020_DESKTOP-CK86BSC_2026-09-08_18_22_50" />
  </TestSettings>
  <Results>
    <UnitTestResult executionId="c4c2fc93-d53a-45f6-8ae3-e1180faa3a64" testId="da045552-11dd-f84b-f7c1-f9332e26410d" testName="Sigov.ApiTests.PostBuild06IndustriaTests.Migration_DeveCriarTabelasIndustriaisComTenantId" computerName="DESKTOP-CK86BSC" duration="00:00:00.0002001" startTime="2026-09-08T18:22:50.9242357-03:00" endTime="2026-09-08T18:22:50.9242357-03:00" testType="13cdc9d9-ddb5-4fa4-a97d-d965ccfc6d4b" outcome="Passed" testListId="8c84fa94-04c1-424b-9868-57a2d4851a1d" relativeResultsDirectory="c4c2fc93-d53a-45f6-8ae3-e1180faa3a64" />
    <UnitTestResult executionId="25a2ee1a-252e-4a6a-8f81-db1b74e28fed" testId="1254f92c-f4d7-5406-f5a9-a3656e35db80" testName="Sigov.ApiTests.PosRc02RealFlowStaticTests.Ged_Deve_Persistir_Hash_Versao_Validacao_Publica_E_Outbox" computerName="DESKTOP-CK86BSC" duration="00:00:00.0004025" startTime="2026-09-08T18:22:50.9487509-03:00" endTime="2026-09-08T18:22:50.9487510-03:00" testType="13cdc9d9-ddb5-4fa4-a97d-d965ccfc6d4b" outcome="Passed" testListId="8c84fa94-04c1-424b-9868-57a2d4851a1d" relativeResultsDirectory="25a2ee1a-252e-4a6a-8f81-db1b74e28fed" />
    <UnitTestResult executionId="cb91b72e-ea52-4784-a9ef-8d025a635093" testId="51721827-2238-8551-aff0-1b5f49b86b5a" testName="Sigov.ApiTests.AuthPermissionRegressionTests.Identificador_De_Login_Deve_Normalizar_Formatos_Suportados(input: &quot;529.982.247-25&quot;, kind: Cpf, expected: &quot;52998224725&quot;)" computerName="DESKTOP-CK86BSC" duration="00:00:00.0023343" startTime="2026-09-08T18:22:51.0993054-03:00" endTime="2026-09-08T18:22:51.0993055-03:00" testType="13cdc9d9-ddb5-4fa4-a97d-d965ccfc6d4b" outcome="Passed" testListId="8c84fa94-04c1-424b-9868-57a2d4851a1d" relativeResultsDirectory="cb91b72e-ea52-4784-a9ef-8d025a635093" />
    <UnitTestResult executionId="233a5649-f558-4c16-9fb0-1e7c1651ca6f" testId="6cf2d1a3-3a99-cb57-f95d-3da66340e90c" testName="Sigov.ApiTests.PostBuild07FinanceiroIntegradoTests.Catalogo_e_permissoes_financeiras_estao_seedados" computerName="DESKTOP-CK86BSC" duration="00:00:00.0004008" startTime="2026-09-08T18:22:51.0952327-03:00" endTime="2026-09-08T18:22:51.0952327-03:00" testType="13cdc9d9-ddb5-4fa4-a97d-d965ccfc6d4b" outcome="Passed" testListId="8c84fa94-04c1-424b-9868-57a2d4851a1d" relativeResultsDirectory="233a5649-f558-4c16-9fb0-1e7c1651ca6f" />
    <UnitTestResult executionId="e86354d0-31dd-48bc-9bfe-b56d57f4cbef" testId="e2596bbc-5874-7199-f3ae-80549865ea8d" testName="Sigov.ApiTests.PosRc02RealFlowStaticTests.ApiV1_Deve_Exigir_Key_Tenant_E_Escopo_Com_Log_Sem_Token_Claro" computerName="DESKTOP-CK86BSC" duration="00:00:00.0297601" startTime="2026-09-08T18:22:50.9483647-03:00" endTime="2026-09-08T18:22:50.9483652-03:00" testType="13cdc9d9-ddb5-4fa4-a97d-d965ccfc6d4b" outcome="Failed" testListId="8c84fa94-04c1-424b-9868-57a2d4851a1d" relativeResultsDirectory="e86354d0-31dd-48bc-9bfe-b56d57f4cbef">
      <Output>
        <ErrorInfo>
          <Message>Assert.DoesNotContain() Failure: Sub-string found&#xD;
                                ↓ (pos 1279)&#xD;
String: ···".IsNullOrWhiteSpace(apiKey))\r\n           "···&#xD;
Found:  "apiKey)"</Message>
          <StackTrace>   at Sigov.ApiTests.PosRc02RealFlowStaticTests.ApiV1_Deve_Exigir_Key_Tenant_E_Escopo_Com_Log_Sem_Token_Claro() in C:\MNSOFT\SIGOV-PLUS\tests\Sigov.ApiTests\PosRc02RealFlowStaticTests.cs:line 21&#xD;
   at System.Reflection.MethodBaseInvoker.InterpretedInvoke_Method(Object obj, IntPtr* args)&#xD;
   at System.Reflection.MethodBaseInvoker.InvokeWithNoArgs(Object obj, BindingFlags invokeAttr)</StackTrace>
        </ErrorInfo>
      </Output>
    </UnitTestResult>
    <UnitTestResult executionId="6563fc72-b348-401c-8b4c-8b2d73a18f68" testId="75b69e8d-1bf0-b222-ec05-943d55bc6278" testName="Sigov.ApiTests.SaasComercialApiTests.Endpoints_admin_e_tenant_existentes" computerName="DESKTOP-CK86BSC" duration="00:00:00.0205095" startTime="2026-09-08T18:22:50.9078968-03:00" endTime="2026-09-08T18:22:50.9078968-03:00" testType="13cdc9d9-ddb5-4fa4-a97d-d965ccfc6d4b" outcome="Passed" testListId="8c84fa94-04c1-424b-9868-57a2d4851a1d" relativeResultsDirectory="6563fc72-b348-401c-8b4c-8b2d73a18f68" />
    <UnitTestResult executionId="0a551ccc-294e-4634-b76b-f6ee8328762f" testId="149067fb-adf2-0223-29bc-22565136d5d3" testName="Sigov.ApiTests.TenantResolutionApiTests.Middleware_Deve_Rejeitar_Header_Development_Em_Production_PorConfiguracao" computerName="DESKTOP-CK86BSC" duration="00:00:00.0004828" startTime="2026-09-08T18:22:51.0988393-03:00" endTime="2026-09-08T18:22:51.0988394-03:00" testType="13cdc9d9-ddb5-4fa4-a97d-d965ccfc6d4b" outcome="Passed" testListId="8c84fa94-04c1-424b-9868-57a2d4851a1d" relativeResultsDirectory="0a551ccc-294e-4634-b76b-f6ee8328762f" />
    <UnitTestResult executionId="4dec88de-d098-4f7d-ae13-3b2f9dddab59" testId="cdc8fee9-059e-ae93-e2d7-371cbcd9c69f" testName="Sigov.ApiTests.AgroParte4ApiTests.Programas_beneficios_concessoes_e_insumos_possuem_rotas_rest" computerName="DESKTOP-CK86BSC" duration="00:00:00.0015383" startTime="2026-09-08T18:22:51.0972190-03:00" endTime="2026-09-08T18:22:51.0972191-03:00" testType="13cdc9d9-ddb5-4fa4-a97d-d965ccfc6d4b" outcome="Passed" testListId="8c84fa94-04c1-424b-9868-57a2d4851a1d" relativeResultsDirectory="4dec88de-d098-4f7d-ae13-3b2f9dddab59" />
    <UnitTestResult executionId="774fdef8-2d89-484f-a40f-e438f82bf502" testId="21ec01cf-ddf8-adf1-7f39-aa2e7c1bcd0e" testName="Sigov.ApiTests.PostBuild07FinanceiroIntegradoTests.Telas_menu_docs_e_demo_foram_entregues" computerName="DESKTOP-CK86BSC" duration="00:00:00.1167508" startTime="2026-09-08T18:22:51.0495766-03:00" endTime="2026-09-08T18:22:51.0495769-03:00" testType="13cdc9d9-ddb5-4fa4-a97d-d965ccfc6d4b" outcome="Failed" testListId="8c84fa94-04c1-424b-9868-57a2d4851a1d" relativeResultsDirectory="774fdef8-2d89-484f-a40f-e438f82bf502">
      <Output>
        <ErrorInfo>
          <Message>Expected Sidebar "@inject Sigov.Web.Services.IMenuPermissionService MenuPermissions&#xD;
@{&#xD;
  var path = Context.Request.Path.Value ?? string.Empty;&#xD;
  Func&lt;string, string&gt; active = url =&gt; path.StartsWith(url, StringComparison.OrdinalIgnoreCase) ? " active" : string.Empty;&#xD;
  Func&lt;string[], string&gt; opened = urls =&gt; urls.Any(url =&gt; path.StartsWith(url, StringComparison.OrdinalIgnoreCase)) ? "open" : string.Empty;
  var claims = User.Claims.Where(c =&gt; c.Type is "permission" or "permissions" or "scope").SelectMany(c =&gt; c.Value.Split(new[]{' ',',',';'}, StringSplitOptions.RemoveEmptyEntries | StringSplitOptions.TrimEntries)).ToArray();
  Func&lt;string, bool&gt; hasPermission = permission =&gt; claims.Contains(permission, StringComparer.OrdinalIgnoreCase);
  Func&lt;string, bool&gt; hasModule = module =&gt; User.Claims.Any(c =&gt; c.Type == "module" &amp;&amp; string.Equals(c.Value, module, StringComparison.OrdinalIgnoreCase));
  var canSeeEnterprisePurchasing = User.IsInRole("ADMIN_GERAL") || User.IsInRole("ADMIN_TENANT") || claims.Contains("compras_empresariais.dashboard.visualizar", StringComparer.OrdinalIgnoreCase);
  var canSeeSecurity = MenuPermissions.CanSeeModule(User, "seguranca");
  var canSeeAudit = MenuPermissions.CanSeeModule(User, "auditoria-lgpd");
  var canSeeGovernanca = User.IsInRole("ADMIN_GERAL") || User.IsInRole("ADMIN_TENANT") || User.IsInRole("ADMINISTRADOR_GERAL") || User.IsInRole("AUDITOR") || claims.Any(c =&gt; c.StartsWith("governanca.", StringComparison.OrdinalIgnoreCase));
  var canSeeIndustry = hasModule("industria_producao") &amp;&amp; hasModule("core") &amp;&amp; hasModule("estoque_compras") &amp;&amp; claims.Any(c =&gt; c.StartsWith("industria.", StringComparison.OrdinalIgnoreCase));
  var canSeeAnyEnterprise = canSeeIndustry || new[] { "comercial", "ordem_servico", "estoque_compras", "manutencao_industrial" }.Any(codigo =&gt; MenuPermissions.CanSeeModule(User, codigo));
  var globalRoles = new[] { "ADMINISTRADOR_GERAL", "SIGOV_ADMIN", "SUPER_ADMIN", "SUPERADMIN", "ADMIN_GERAL" };
  var isGlobalAdmin = User.Claims.Where(c =&gt; c.Type == System.Security.Claims.ClaimTypes.Role).Any(c =&gt; globalRoles.Contains(c.Value, StringComparer.OrdinalIgnoreCase));
  var hasTenantContext = User.Claims.Any(c =&gt; c.Type == "tenant_id" &amp;&amp; long.TryParse(c.Value, out var tenantId) &amp;&amp; tenantId &gt; 0);
}&#xD;
&lt;div class="sigov-sidebar-backdrop" data-sigov-sidebar-close&gt;&lt;/div&gt;&#xD;
&lt;aside id="sigovSidebar" class="sigov-sidebar" aria-label="Menu principal"&gt;&#xD;
  &lt;div class="sigov-sidebar__header"&gt;&#xD;
    &lt;span class="sigov-sidebar__eyebrow"&gt;Workspace&lt;/span&gt;&lt;strong&gt;Menu SIGOV+&lt;/strong&gt;&#xD;
    &lt;label class="visually-hidden" for="sigovMenuFilter"&gt;Filtrar menu&lt;/label&gt;&#xD;
    &lt;div class="sigov-sidebar__filter"&gt;&lt;sigov-icon name="search" size="16" /&gt;&lt;input id="sigovMenuFilter" type="search" placeholder="Filtrar menu" data-sigov-menu-filter /&gt;&lt;/div&gt;&#xD;
  &lt;/div&gt;&#xD;
  &lt;nav class="sigov-sidebar__nav" data-sigov-menu&gt;&#xD;
    &lt;details class="sigov-nav-group" open&gt;&lt;summary&gt;&lt;sigov-icon name="home" size="16" /&gt;Início&lt;/summary&gt;&#xD;
      &lt;a class="sigov-nav-link@(active("/MinhaCentral"))" href="/MinhaCentral" data-favorite-key="Minha Central"&gt;&lt;sigov-icon name="home" size="18"/&gt;&lt;span&gt;Minha Central&lt;/span&gt;&lt;button type="button" class="sigov-favorite-toggle" aria-label="Favoritar Minha Central"&gt;★&lt;/button&gt;&lt;/a&gt;&#xD;
      &lt;a class="sigov-nav-link@(active("/Dashboard"))" href="/Dashboard" data-favorite-key="Dashboard"&gt;&lt;sigov-icon name="dashboard" size="18"/&gt;&lt;span&gt;Dashboard&lt;/span&gt;&lt;button type="button" class="sigov-favorite-toggle" aria-label="Favoritar Dashboard"&gt;★&lt;/button&gt;&lt;/a&gt;&#xD;
      &lt;a class="sigov-nav-link@(active("/Notificacoes"))" href="/Notificacoes"&gt;&lt;sigov-icon name="notifications" size="18"/&gt;&lt;span&gt;Notificações&lt;/span&gt;&lt;/a&gt;&#xD;
      &lt;a class="sigov-nav-link@(active("/GovernancaOperacional"))" href="/GovernancaOperacional"&gt;&lt;sigov-icon name="dashboard" size="18"/&gt;&lt;span&gt;Governança Operacional&lt;/span&gt;&lt;/a&gt;&#xD;
      @if (canSeeGovernanca) {&#xD;
      &lt;a class="sigov-nav-link@(active("/Pendencias"))" href="/Pendencias"&gt;&lt;sigov-icon name="workflow" size="18"/&gt;&lt;span&gt;Pendências&lt;/span&gt;&lt;/a&gt;&#xD;
      &lt;a class="sigov-nav-link@(active("/Alertas"))" href="/Alertas"&gt;&lt;sigov-icon name="notifications" size="18"/&gt;&lt;span&gt;Alertas&lt;/span&gt;&lt;/a&gt;&#xD;
      &lt;a class="sigov-nav-link@(active("/IntegracoesInternas"))" href="/IntegracoesInternas"&gt;&lt;sigov-icon name="sync" size="18"/&gt;&lt;span&gt;Integrações Internas&lt;/span&gt;&lt;/a&gt;&#xD;
      &lt;a class="sigov-nav-link@(active("/QualidadeDados"))" href="/QualidadeDados"&gt;&lt;sigov-icon name="audit" size="18"/&gt;&lt;span&gt;Qualidade de Dados&lt;/span&gt;&lt;/a&gt;&#xD;
      &lt;a class="sigov-nav-link@(active("/Modulos/StatusFuncional"))" href="/Modulos/StatusFuncional"&gt;&lt;sigov-icon name="dashboard" size="18"/&gt;&lt;span&gt;Status funcional&lt;/span&gt;&lt;/a&gt;&#xD;
      }&#xD;
      &lt;a class="sigov-nav-link@(active("/BuscaGlobal"))" href="/BuscaGlobal"&gt;&lt;sigov-icon name="search" size="18"/&gt;&lt;span&gt;Busca Global&lt;/span&gt;&lt;/a&gt;&#xD;
    &lt;/details&gt;
    @if (canSeeIndustry) {
    &lt;details class="sigov-nav-group" @opened(new[]{"/Industria"})&gt;&lt;summary&gt;&lt;sigov-icon name="industry" size="16" /&gt;Indústria 360&lt;/summary&gt;
      @if (hasPermission("industria.dashboard.visualizar")) {
      &lt;a class="sigov-nav-link@(active("/Industria/Dashboard"))" href="/Industria/Dashboard"&gt;&lt;sigov-icon name="dashboard" size="18"/&gt;&lt;span&gt;Dashboard&lt;/span&gt;&lt;/a&gt;
      }
      @if (hasPermission("industria.centros.visualizar")) {
      &lt;a class="sigov-nav-link@(active("/Industria/CentrosTrabalho"))" href="/Industria/CentrosTrabalho"&gt;&lt;span&gt;Centros de trabalho&lt;/span&gt;&lt;/a&gt;
      }
      @if (hasPermission("industria.recursos.visualizar")) {
      &lt;a class="sigov-nav-link@(active("/Industria/Recursos"))" href="/Industria/Recursos"&gt;&lt;span&gt;Recursos&lt;/span&gt;&lt;/a&gt;
      }
      @if (hasPermission("industria.produtos.visualizar")) {
      &lt;a class="sigov-nav-link@(active("/Industria/Produtos"))" href="/Industria/Produtos"&gt;&lt;span&gt;Produtos&lt;/span&gt;&lt;/a&gt;
      }
      @if (hasPermission("industria.fichas.visualizar")) {
      &lt;a class="sigov-nav-link@(active("/Industria/FichasTecnicas"))" href="/Industria/FichasTecnicas"&gt;&lt;span&gt;Fichas técnicas&lt;/span&gt;&lt;/a&gt;
      }
      @if (hasPermission("industria.roteiros.visualizar")) {
      &lt;a class="sigov-nav-link@(active("/Industria/Roteiros"))" href="/Industria/Roteiros"&gt;&lt;span&gt;Roteiros&lt;/span&gt;&lt;/a&gt;
      }
      @if (hasPermission("industria.ordens.visualizar")) {
      &lt;a class="sigov-nav-link@(active("/Industria/OrdensProducao"))" href="/Industria/OrdensProducao"&gt;&lt;span&gt;Ordens de produção&lt;/span&gt;&lt;/a&gt;
      &lt;a class="sigov-nav-link@(active("/Industria/Apontamentos"))" href="/Industria/Apontamentos"&gt;&lt;span&gt;Apontamentos&lt;/span&gt;&lt;/a&gt;
      }
      @if (hasPermission("industria.chao_fabrica.acessar")) {
      &lt;a class="sigov-nav-link@(active("/Industria/ChaoFabrica"))" href="/Industria/ChaoFabrica"&gt;&lt;span&gt;Chão de fábrica&lt;/span&gt;&lt;/a&gt;
      }
      @if (hasPermission("industria.qualidade.visualizar")) {
      &lt;a class="sigov-nav-link@(active("/Industria/Qualidade"))" href="/Industria/Qualidade"&gt;&lt;span&gt;Qualidade&lt;/span&gt;&lt;/a&gt;
      }
      @if (hasPermission("industria.paradas.visualizar")) {
      &lt;a class="sigov-nav-link@(active("/Industria/Paradas"))" href="/Industria/Paradas"&gt;&lt;span&gt;Paradas&lt;/span&gt;&lt;/a&gt;
      }
      @if (hasPermission("industria.custos.visualizar")) {
      &lt;a class="sigov-nav-link@(active("/Industria/Custos"))" href="/Industria/Custos"&gt;&lt;span&gt;Custos&lt;/span&gt;&lt;/a&gt;
      }
    &lt;/details&gt;
    }
    @if (isGlobalAdmin &amp;&amp; !hasTenantContext) {
    &lt;details class="sigov-nav-group" @opened(new[]{"/SaasAdmin"})&gt;&lt;summary&gt;&lt;sigov-icon name="settings" size="16" /&gt;Administração SaaS&lt;/summary&gt;
      &lt;a class="sigov-nav-link@(active("/SaasAdmin/Dashboard"))" href="/SaasAdmin/Dashboard"&gt;&lt;span&gt;Visão geral&lt;/span&gt;&lt;/a&gt;
      &lt;a class="sigov-nav-link@(active("/SaasAdmin/Tenants"))" href="/SaasAdmin/Tenants"&gt;&lt;span&gt;Organizações&lt;/span&gt;&lt;/a&gt;
      &lt;a class="sigov-nav-link@(active("/SaasAdmin/Autorizacao"))" href="/SaasAdmin/Autorizacao"&gt;&lt;span&gt;Perfis e permissões&lt;/span&gt;&lt;/a&gt;
      &lt;a class="sigov-nav-link@(active("/SaasAdmin/Planos"))" href="/SaasAdmin/Planos"&gt;&lt;span&gt;Planos&lt;/span&gt;&lt;/a&gt;
      &lt;a class="sigov-nav-link@(active("/SaasAdmin/Modulos"))" href="/SaasAdmin/Modulos"&gt;&lt;span&gt;Módulos&lt;/span&gt;&lt;/a&gt;
      &lt;a class="sigov-nav-link@(active("/SaasAdmin/Assinaturas"))" href="/SaasAdmin/Assinaturas"&gt;&lt;span&gt;Assinaturas&lt;/span&gt;&lt;/a&gt;
      &lt;a class="sigov-nav-link@(active("/SaasAdmin/Uso"))" href="/SaasAdmin/Uso"&gt;&lt;span&gt;Uso e limites&lt;/span&gt;&lt;/a&gt;
    &lt;/details&gt;
    }
    &lt;details class="sigov-nav-group" @opened(new[]{"/Convenios"})&gt;&lt;summary&gt;&lt;sigov-icon name="finance" size="16" /&gt;Convênios e Emendas&lt;/summary&gt;&#xD;
      &lt;a class="sigov-nav-link@(active("/Convenios"))" href="/Convenios/Dashboard"&gt;&lt;sigov-icon name="dashboard" size="18"/&gt;&lt;span&gt;Dashboard&lt;/span&gt;&lt;/a&gt;&#xD;
      &lt;a class="sigov-nav-link" href="/Convenios/Instrumentos"&gt;&lt;span&gt;Instrumentos&lt;/span&gt;&lt;/a&gt;&lt;a class="sigov-nav-link" href="/Convenios/Projetos"&gt;&lt;span&gt;Projetos&lt;/span&gt;&lt;/a&gt;&lt;a class="sigov-nav-link" href="/Convenios/PrestacoesContas"&gt;&lt;span&gt;Prestação de contas&lt;/span&gt;&lt;/a&gt;&lt;a class="sigov-nav-link" href="/Convenios/Relatorios"&gt;&lt;span&gt;Relatórios&lt;/span&gt;&lt;/a&gt;&#xD;
    &lt;/details&gt;&#xD;
    &lt;details class="sigov-nav-group" @opened(new[]{"/Defesa"})&gt;&lt;summary&gt;&lt;sigov-icon name="services" size="16" /&gt;Defesa Civil e Guarda&lt;/summary&gt;&#xD;
      &lt;a class="sigov-nav-link@(active("/Defesa"))" href="/Defesa/Dashboard"&gt;&lt;sigov-icon name="dashboard" size="18"/&gt;&lt;span&gt;Dashboard operacional&lt;/span&gt;&lt;/a&gt;&#xD;
      &lt;a class="sigov-nav-link" href="/Defesa/Ocorrencias"&gt;&lt;span&gt;Ocorrências&lt;/span&gt;&lt;/a&gt;&lt;a class="sigov-nav-link" href="/Defesa/Acionamentos"&gt;&lt;span&gt;Acionamentos&lt;/span&gt;&lt;/a&gt;&lt;a class="sigov-nav-link" href="/Defesa/Rondas"&gt;&lt;span&gt;Rondas&lt;/span&gt;&lt;/a&gt;&lt;a class="sigov-nav-link" href="/Defesa/Relatorios"&gt;&lt;span&gt;Relatórios&lt;/span&gt;&lt;/a&gt;&#xD;
    &lt;/details&gt;&#xD;
    &lt;details class="sigov-nav-group" @opened(new[]{"/Transito"})&gt;&lt;summary&gt;&lt;sigov-icon name="services" size="16" /&gt;Trânsito e Mobilidade&lt;/summary&gt;&#xD;
      &lt;a class="sigov-nav-link@(active("/Transito"))" href="/Transito/Dashboard"&gt;&lt;sigov-icon name="dashboard" size="18"/&gt;&lt;span&gt;Dashboard de Trânsito&lt;/span&gt;&lt;/a&gt;&#xD;
      &lt;a class="sigov-nav-link" href="/Transito/Autos"&gt;&lt;span&gt;Autos e notificações&lt;/span&gt;&lt;/a&gt;&lt;a class="sigov-nav-link" href="/Transito/Ocorrencias"&gt;&lt;span&gt;Fiscalização&lt;/span&gt;&lt;/a&gt;&lt;a class="sigov-nav-link" href="/Transito/Linhas"&gt;&lt;span&gt;Transporte urbano&lt;/span&gt;&lt;/a&gt;&lt;a class="sigov-nav-link" href="/Transito/Relatorios"&gt;&lt;span&gt;Relatórios&lt;/span&gt;&lt;/a&gt;&#xD;
    &lt;/details&gt;&#xD;
    &lt;details class="sigov-nav-group" @opened(new[]{"/Educacao/Secretaria","/Educacao/Diario","/Educacao/Portal"})&gt;&lt;summary&gt;&lt;sigov-icon name="education" size="16" /&gt;Educação • Bloco 3&lt;/summary&gt;&#xD;
      &lt;a class="sigov-nav-link@(active("/Educacao/Secretaria"))" href="/Educacao/Secretaria"&gt;&lt;sigov-icon name="dashboard" size="18"/&gt;&lt;span&gt;Secretaria Escolar&lt;/span&gt;&lt;/a&gt;&#xD;
      &lt;a class="sigov-nav-link@(active("/Educacao/DocumentosEscolares"))" href="/Educacao/DocumentosEscolares"&gt;&lt;sigov-icon name="documents" size="18"/&gt;&lt;span&gt;Documentos Escolares&lt;/span&gt;&lt;/a&gt;&#xD;
      &lt;a class="sigov-nav-link@(active("/Educacao/SolicitacoesEscolares"))" href="/Educacao/SolicitacoesEscolares"&gt;&lt;sigov-icon name="workflow" size="18"/&gt;&lt;span&gt;Solicitações Escolares&lt;/span&gt;&lt;/a&gt;&#xD;
      &lt;a class="sigov-nav-link@(active("/Educacao/PendenciasDocumentais"))" href="/Educacao/PendenciasDocumentais"&gt;&lt;sigov-icon name="notifications" size="18"/&gt;&lt;span&gt;Pendências Documentais&lt;/span&gt;&lt;/a&gt;&#xD;
      &lt;a class="sigov-nav-link@(active("/Educacao/Transferencias"))" href="/Educacao/Transferencias"&gt;&lt;sigov-icon name="sync" size="18"/&gt;&lt;span&gt;Transferências&lt;/span&gt;&lt;/a&gt;&#xD;
      &lt;a class="sigov-nav-link@(active("/Educacao/Ocorrencias"))" href="/Educacao/Ocorrencias"&gt;&lt;sigov-icon name="audit" size="18"/&gt;&lt;span&gt;Ocorrências&lt;/span&gt;&lt;/a&gt;&#xD;
      &lt;a class="sigov-nav-link@(active("/Educacao/DiarioClasse"))" href="/Educacao/DiarioClasse"&gt;&lt;sigov-icon name="documents" size="18"/&gt;&lt;span&gt;Diário de Classe&lt;/span&gt;&lt;/a&gt;&#xD;
      &lt;a class="sigov-nav-link@(active("/Educacao/DiarioFrequencia"))" href="/Educacao/DiarioFrequencia"&gt;&lt;sigov-icon name="active" size="18"/&gt;&lt;span&gt;Frequência do Diário&lt;/span&gt;&lt;/a&gt;&#xD;
      &lt;a class="sigov-nav-link@(active("/Educacao/DiarioConteudo"))" href="/Educacao/DiarioConteudo"&gt;&lt;sigov-icon name="education" size="18"/&gt;&lt;span&gt;Conteúdo Ministrado&lt;/span&gt;&lt;/a&gt;&#xD;
      &lt;a class="sigov-nav-link@(active("/Educacao/DiarioPendencias"))" href="/Educacao/DiarioPendencias"&gt;&lt;sigov-icon name="notifications" size="18"/&gt;&lt;span&gt;Pendências do Diário&lt;/span&gt;&lt;/a&gt;&#xD;
      &lt;a class="sigov-nav-link@(active("/Educacao/PortalResponsavel"))" href="/Educacao/PortalResponsavel"&gt;&lt;sigov-icon name="users" size="18"/&gt;&lt;span&gt;Portal Responsável&lt;/span&gt;&lt;/a&gt;&#xD;
      &lt;a class="sigov-nav-link@(active("/Educacao/PortalAluno"))" href="/Educacao/PortalAluno"&gt;&lt;sigov-icon name="home" size="18"/&gt;&lt;span&gt;Portal Aluno&lt;/span&gt;&lt;/a&gt;&#xD;
      &lt;a class="sigov-nav-link@(active("/Educacao/PortalBoletim"))" href="/Educacao/PortalBoletim"&gt;&lt;sigov-icon name="documents" size="18"/&gt;&lt;span&gt;Boletim&lt;/span&gt;&lt;/a&gt;&#xD;
      &lt;a class="sigov-nav-link@(active("/Educacao/PortalComunicados"))" href="/Educacao/PortalComunicados"&gt;&lt;sigov-icon name="notifications" size="18"/&gt;&lt;span&gt;Comunicados&lt;/span&gt;&lt;/a&gt;&#xD;
      &lt;a class="sigov-nav-link@(active("/Educacao/PortalSolicitacoes"))" href="/Educacao/PortalSolicitacoes"&gt;&lt;sigov-icon name="workflow" size="18"/&gt;&lt;span&gt;Solicitações do Portal&lt;/span&gt;&lt;/a&gt;&#xD;
      &lt;a class="sigov-nav-link@(active("/Educacao/PortalAdminVinculos"))" href="/Educacao/PortalAdminVinculos"&gt;&lt;sigov-icon name="shield" size="18"/&gt;&lt;span&gt;Administração de Vínculos&lt;/span&gt;&lt;/a&gt;&#xD;
    &lt;/details&gt;&#xD;
    &lt;details class="sigov-nav-group" @opened(new[]{"/Educacao/TransporteEscolar","/Educacao/Merenda","/Educacao/Biblioteca","/Educacao/Indicadores"})&gt;&lt;summary&gt;&lt;sigov-icon name="education" size="16" /&gt;Educação avançada&lt;/summary&gt;&#xD;
      &lt;a class="sigov-nav-link@(active("/Educacao/TransporteEscolar"))" href="/Educacao/TransporteEscolar/Dashboard"&gt;&lt;sigov-icon name="sync" size="18"/&gt;&lt;span&gt;Transporte Escolar&lt;/span&gt;&lt;/a&gt;&#xD;
      &lt;a class="sigov-nav-link@(active("/Educacao/TransporteEscolar/Rotas"))" href="/Educacao/TransporteEscolar/Rotas"&gt;&lt;sigov-icon name="workflow" size="18"/&gt;&lt;span&gt;Rotas&lt;/span&gt;&lt;/a&gt;&#xD;
      &lt;a class="sigov-nav-link@(active("/Educacao/TransporteEscolar/Viagens"))" href="/Educacao/TransporteEscolar/Viagens"&gt;&lt;sigov-icon name="active" size="18"/&gt;&lt;span&gt;Viagens&lt;/span&gt;&lt;/a&gt;&#xD;
      &lt;a class="sigov-nav-link@(active("/Educacao/Merenda"))" href="/Educacao/Merenda/Dashboard"&gt;&lt;sigov-icon name="dashboard" size="18"/&gt;&lt;span&gt;Merenda&lt;/span&gt;&lt;/a&gt;&#xD;
      &lt;a class="sigov-nav-link@(active("/Educacao/Merenda/Cardapios"))" href="/Educacao/Merenda/Cardapios"&gt;&lt;sigov-icon name="documents" size="18"/&gt;&lt;span&gt;Cardápios&lt;/span&gt;&lt;/a&gt;&#xD;
      &lt;a class="sigov-nav-link@(active("/Educacao/Merenda/Estoque"))" href="/Educacao/Merenda/Estoque"&gt;&lt;sigov-icon name="archive" size="18"/&gt;&lt;span&gt;Estoque Merenda&lt;/span&gt;&lt;/a&gt;&#xD;
      &lt;a class="sigov-nav-link@(active("/Educacao/Biblioteca"))" href="/Educacao/Biblioteca/Dashboard"&gt;&lt;sigov-icon name="documents" size="18"/&gt;&lt;span&gt;Biblioteca Digital&lt;/span&gt;&lt;/a&gt;&#xD;
      &lt;a class="sigov-nav-link@(active("/Educacao/Biblioteca/Emprestimos"))" href="/Educacao/Biblioteca/Emprestimos"&gt;&lt;sigov-icon name="workflow" size="18"/&gt;&lt;span&gt;Empréstimos&lt;/span&gt;&lt;/a&gt;&#xD;
      &lt;a class="sigov-nav-link@(active("/Educacao/Indicadores/Dashboard"))" href="/Educacao/Indicadores/Dashboard"&gt;&lt;sigov-icon name="dashboard" size="18"/&gt;&lt;span&gt;Indicadores Educacionais&lt;/span&gt;&lt;/a&gt;&#xD;
      &lt;a class="sigov-nav-link@(active("/Educacao/Indicadores/Fundeb"))" href="/Educacao/Indicadores/Fundeb"&gt;&lt;sigov-icon name="finance" size="18"/&gt;&lt;span&gt;FUNDEB preparatório&lt;/span&gt;&lt;/a&gt;&#xD;
      &lt;a class="sigov-nav-link@(active("/Educacao/Indicadores/Custos"))" href="/Educacao/Indicadores/Custos"&gt;&lt;sigov-icon name="dashboard" size="18"/&gt;&lt;span&gt;Custos Educacionais&lt;/span&gt;&lt;/a&gt;&#xD;
      &lt;a class="sigov-nav-link@(active("/Educacao/Indicadores/Educacenso"))" href="/Educacao/Indicadores/Educacenso"&gt;&lt;sigov-icon name="audit" size="18"/&gt;&lt;span&gt;Educacenso Preparatório&lt;/span&gt;&lt;/a&gt;&#xD;
      &lt;a class="sigov-nav-link@(active("/Educacao/Indicadores/Relatorios"))" href="/Educacao/Indicadores/Relatorios"&gt;&lt;sigov-icon name="documents" size="18"/&gt;&lt;span&gt;Relatórios Educação&lt;/span&gt;&lt;/a&gt;&#xD;
    &lt;/details&gt;&#xD;
    &lt;details class="sigov-nav-group" @opened(new[]{"/RH/Ponto","/RH/Ferias","/RH/Afastamento","/RH/Portal"})&gt;&lt;summary&gt;&lt;sigov-icon name="users" size="16" /&gt;RH • Bloco 2&lt;/summary&gt;&#xD;
      &lt;a class="sigov-nav-link@(active("/RH/PontoDashboard"))" href="/RH/PontoDashboard"&gt;&lt;sigov-icon name="active" size="18"/&gt;&lt;span&gt;Dashboard Ponto&lt;/span&gt;&lt;/a&gt;&#xD;
      &lt;a class="sigov-nav-link@(active("/RH/PontoJornadas"))" href="/RH/PontoJornadas"&gt;&lt;sigov-icon name="settings" size="18"/&gt;&lt;span&gt;Jornadas e Escalas&lt;/span&gt;&lt;/a&gt;&#xD;
      &lt;a class="sigov-nav-link@(active("/RH/PontoRegistros"))" href="/RH/PontoRegistros"&gt;&lt;sigov-icon name="audit" size="18"/&gt;&lt;span&gt;Registros e Apuração&lt;/span&gt;&lt;/a&gt;&#xD;
      &lt;a class="sigov-nav-link@(active("/RH/PontoEspelho"))" href="/RH/PontoEspelho"&gt;&lt;sigov-icon name="documents" size="18"/&gt;&lt;span&gt;Espelho de Ponto&lt;/span&gt;&lt;/a&gt;&#xD;
      &lt;a class="sigov-nav-link@(active("/RH/FeriasDashboard"))" href="/RH/FeriasDashboard"&gt;&lt;sigov-icon name="dashboard" size="18"/&gt;&lt;span&gt;Férias e Afastamentos&lt;/span&gt;&lt;/a&gt;&#xD;
      &lt;a class="sigov-nav-link@(active("/RH/FeriasProgramacao"))" href="/RH/FeriasProgramacao"&gt;&lt;sigov-icon name="workflow" size="18"/&gt;&lt;span&gt;Programação e Aprovações&lt;/span&gt;&lt;/a&gt;&#xD;
      &lt;a class="sigov-nav-link@(active("/RH/Portal"))" href="/RH/Portal"&gt;&lt;sigov-icon name="home" size="18"/&gt;&lt;span&gt;Meu Portal&lt;/span&gt;&lt;/a&gt;&#xD;
      &lt;a class="sigov-nav-link@(active("/RH/PortalSolicitacoes"))" href="/RH/PortalSolicitacoes"&gt;&lt;sigov-icon name="notifications" size="18"/&gt;&lt;span&gt;Solicitações e Mensagens&lt;/span&gt;&lt;/a&gt;&#xD;
      &lt;a class="sigov-nav-link@(active("/RH/PortalAdminSolicitacoes"))" href="/RH/PortalAdminSolicitacoes"&gt;&lt;sigov-icon name="shield" size="18"/&gt;&lt;span&gt;Administração do Portal&lt;/span&gt;&lt;/a&gt;&#xD;
    &lt;/details&gt;&#xD;
    &lt;details class="sigov-nav-group" @opened(new[]{"/Financeiro","/Tributario","/Compras","/Contratos"})&gt;&lt;summary&gt;&lt;sigov-icon name="finance" size="16" /&gt;Financeiro / SIAFIC&lt;/summary&gt;&#xD;
      &lt;a class="sigov-nav-link@(active("/Financeiro/Dashboard"))" href="/Financeiro/Dashboard"&gt;&lt;sigov-icon name="dashboard" size="18"/&gt;&lt;span&gt;Dashboard Financeiro&lt;/span&gt;&lt;/a&gt;&#xD;
      &lt;a class="sigov-nav-link@(active("/Financeiro/OrcamentoDespesa"))" href="/Financeiro/OrcamentoDespesa"&gt;&lt;sigov-icon name="finance" size="18"/&gt;&lt;span&gt;Dotações e saldos&lt;/span&gt;&lt;/a&gt;&#xD;
      &lt;a class="sigov-nav-link@(active("/Financeiro/Empenhos"))" href="/Financeiro/Empenhos"&gt;&lt;sigov-icon name="documents" size="18"/&gt;&lt;span&gt;Empenhos&lt;/span&gt;&lt;/a&gt;&#xD;
      &lt;a class="sigov-nav-link@(active("/Financeiro/Liquidacoes"))" href="/Financeiro/Liquidacoes"&gt;&lt;sigov-icon name="workflow" size="18"/&gt;&lt;span&gt;Liquidações&lt;/span&gt;&lt;/a&gt;&#xD;
      &lt;a class="sigov-nav-link@(active("/Financeiro/Pagamentos"))" href="/Financeiro/Pagamentos"&gt;&lt;sigov-icon name="finance" size="18"/&gt;&lt;span&gt;Pagamentos&lt;/span&gt;&lt;/a&gt;&#xD;
      &lt;a class="sigov-nav-link@(active("/Tributario/Dashboard"))" href="/Tributario/Dashboard"&gt;&lt;sigov-icon name="dashboard" size="18"/&gt;&lt;span&gt;Dashboard Tributário&lt;/span&gt;&lt;/a&gt;&#xD;
      &lt;a class="sigov-nav-link@(active("/Tributario/Contribuintes"))" href="/Tributario/Contribuintes"&gt;&lt;sigov-icon name="users" size="18"/&gt;&lt;span&gt;Contribuintes&lt;/span&gt;&lt;/a&gt;&#xD;
      &lt;a class="sigov-nav-link@(active("/Tributario/Lancamentos"))" href="/Tributario/Lancamentos"&gt;&lt;sigov-icon name="tax" size="18"/&gt;&lt;span&gt;Lançamentos&lt;/span&gt;&lt;/a&gt;&#xD;
      &lt;a class="sigov-nav-link@(active("/Tributario/Parcelamentos"))" href="/Tributario/Parcelamentos"&gt;&lt;sigov-icon name="finance" size="18"/&gt;&lt;span&gt;Parcelamentos&lt;/span&gt;&lt;/a&gt;&#xD;
      &lt;a class="sigov-nav-link@(active("/Tributario/DividaAtiva"))" href="/Tributario/DividaAtiva"&gt;&lt;sigov-icon name="documents" size="18"/&gt;&lt;span&gt;Dívida Ativa&lt;/span&gt;&lt;/a&gt;&#xD;
      &lt;a class="sigov-nav-link@(active("/Tributario/CarnesBoletos"))" href="/Tributario/CarnesBoletos/Dashboard"&gt;&lt;sigov-icon name="documents" size="18"/&gt;&lt;span&gt;Carnês e Boletos&lt;/span&gt;&lt;/a&gt;&#xD;
      &lt;a class="sigov-nav-link@(active("/Tributario/CarnesBoletos/Producao"))" href="/Tributario/CarnesBoletos/Producao"&gt;&lt;sigov-icon name="workflow" size="18"/&gt;&lt;span&gt;Produção de Carnês&lt;/span&gt;&lt;/a&gt;&#xD;
      &lt;a class="sigov-nav-link@(active("/Tributario/CarnesBoletos/Entregas"))" href="/Tributario/CarnesBoletos/Entregas"&gt;&lt;sigov-icon name="services" size="18"/&gt;&lt;span&gt;Entrega de Carnês&lt;/span&gt;&lt;/a&gt;&#xD;
      &lt;a class="sigov-nav-link@(active("/PortalContribuinte"))" href="/PortalContribuinte"&gt;&lt;sigov-icon name="users" size="18"/&gt;&lt;span&gt;Portal do Contribuinte&lt;/span&gt;&lt;/a&gt;&#xD;
      &lt;a class="sigov-nav-link@(active("/Tributario/Fiscalizacao"))" href="/Tributario/Fiscalizacao/Dashboard"&gt;&lt;sigov-icon name="shield" size="18"/&gt;&lt;span&gt;Fiscalização ISSQN&lt;/span&gt;&lt;/a&gt;&#xD;
      &lt;a class="sigov-nav-link@(active("/Tributario/Fiscalizacao/AutosInfracao"))" href="/Tributario/Fiscalizacao/AutosInfracao"&gt;&lt;sigov-icon name="tax" size="18"/&gt;&lt;span&gt;Autos de Infração&lt;/span&gt;&lt;/a&gt;&#xD;
      &lt;a class="sigov-nav-link@(active("/Tributario/Fiscalizacao/SimplesDivergencias"))" href="/Tributario/Fiscalizacao/SimplesDivergencias"&gt;&lt;sigov-icon name="workflow" size="18"/&gt;&lt;span&gt;Simples Nacional Preparatório&lt;/span&gt;&lt;/a&gt;&#xD;
      &lt;a class="sigov-nav-link@(active("/Tributario/Nfse"))" href="/Tributario/Nfse/Dashboard"&gt;&lt;sigov-icon name="documents" size="18"/&gt;&lt;span&gt;NFS-e Preparatória&lt;/span&gt;&lt;/a&gt;&#xD;
      &lt;a class="sigov-nav-link@(active("/Tributario/Nfse/LivroEletronico"))" href="/Tributario/Nfse/LivroEletronico"&gt;&lt;sigov-icon name="documents" size="18"/&gt;&lt;span&gt;Livro Eletrônico&lt;/span&gt;&lt;/a&gt;&#xD;
      &lt;a class="sigov-nav-link@(active("/Tributario/Nfse/Desif"))" href="/Tributario/Nfse/Desif"&gt;&lt;sigov-icon name="finance" size="18"/&gt;&lt;span&gt;DES-IF Preparatório&lt;/span&gt;&lt;/a&gt;&#xD;
      &lt;a class="sigov-nav-link@(active("/Compras"))" href="/Compras/Dashboard"&gt;&lt;sigov-icon name="cart" size="18"/&gt;&lt;span&gt;Compras&lt;/span&gt;&lt;/a&gt;&#xD;
      &lt;a class="sigov-nav-link@(active("/Contratos"))" href="/Contratos/Dashboard"&gt;&lt;sigov-icon name="documents" size="18"/&gt;&lt;span&gt;Contratos&lt;/span&gt;&lt;/a&gt;&#xD;
    &lt;/details&gt;&#xD;
    &lt;details class="sigov-nav-group" @opened(new[]{"/RelatoriosExecutivos"})&gt;&lt;summary&gt;&lt;sigov-icon name="dashboard" size="16" /&gt;Relatórios Executivos&lt;/summary&gt;&#xD;
      &lt;a class="sigov-nav-link@(active("/RelatoriosExecutivos/Dashboard"))" href="/RelatoriosExecutivos/Dashboard"&gt;&lt;sigov-icon name="dashboard" size="18"/&gt;&lt;span&gt;Dashboard Executivo&lt;/span&gt;&lt;/a&gt;&#xD;
      &lt;a class="sigov-nav-link@(active("/RelatoriosExecutivos/Financeiro"))" href="/RelatoriosExecutivos/Financeiro"&gt;&lt;sigov-icon name="finance" size="18"/&gt;&lt;span&gt;Financeiro&lt;/span&gt;&lt;/a&gt;&#xD;
      &lt;a class="sigov-nav-link@(active("/RelatoriosExecutivos/Tributario"))" href="/RelatoriosExecutivos/Tributario"&gt;&lt;sigov-icon name="tax" size="18"/&gt;&lt;span&gt;Tributário&lt;/span&gt;&lt;/a&gt;&#xD;
      &lt;a class="sigov-nav-link@(active("/RelatoriosExecutivos/RhFolha"))" href="/RelatoriosExecutivos/RhFolha"&gt;&lt;sigov-icon name="users" size="18"/&gt;&lt;span&gt;RH / Folha agregado&lt;/span&gt;&lt;/a&gt;&#xD;
      &lt;a class="sigov-nav-link@(active("/RelatoriosExecutivos/Educacao"))" href="/RelatoriosExecutivos/Educacao"&gt;&lt;sigov-icon name="education" size="18"/&gt;&lt;span&gt;Educação agregada&lt;/span&gt;&lt;/a&gt;&#xD;
    &lt;/details&gt;&#xD;
    &lt;details class="sigov-nav-group" @opened(new[]{"/Rh","/Educacao","/Saude","/Saneamento","/Social","/AssistenciaSocial","/Habitacao","/Agro"})&gt;&lt;summary&gt;&lt;sigov-icon name="services" size="16" /&gt;Serviços públicos&lt;/summary&gt;&#xD;
      &lt;a class="sigov-nav-link@(active("/Rh"))" href="/Rh/Dashboard"&gt;&lt;sigov-icon name="users" size="18"/&gt;&lt;span&gt;Recursos Humanos&lt;/span&gt;&lt;/a&gt;&#xD;
      &lt;a class="sigov-nav-link@(active("/Educacao"))" href="/Educacao/Dashboard"&gt;&lt;sigov-icon name="education" size="18"/&gt;&lt;span&gt;Educação&lt;/span&gt;&lt;/a&gt;&#xD;
      &lt;a class="sigov-nav-link@(active("/Educacao/GestaoExecutiva"))" href="/Educacao/GestaoExecutiva"&gt;&lt;sigov-icon name="dashboard" size="18"/&gt;&lt;span&gt;Educação Executiva&lt;/span&gt;&lt;/a&gt;&#xD;
      &lt;a class="sigov-nav-link@(active("/RH/GestaoExecutiva"))" href="/RH/GestaoExecutiva"&gt;&lt;sigov-icon name="dashboard" size="18"/&gt;&lt;span&gt;RH Executivo&lt;/span&gt;&lt;/a&gt;&#xD;
      &lt;a class="sigov-nav-link@(active("/RH/FolhaGestaoExecutiva"))" href="/RH/FolhaGestaoExecutiva"&gt;&lt;sigov-icon name="finance" size="18"/&gt;&lt;span&gt;Folha Executiva&lt;/span&gt;&lt;/a&gt;&#xD;
      &lt;a class="sigov-nav-link@(active("/Workflows/MinhasTarefas"))" href="/Workflows/MinhasTarefas"&gt;&lt;sigov-icon name="workflow" size="18"/&gt;&lt;span&gt;Minhas tarefas&lt;/span&gt;&lt;/a&gt;&#xD;
      &lt;a class="sigov-nav-link@(active("/Saude"))" href="/Saude/Dashboard"&gt;&lt;sigov-icon name="health" size="18"/&gt;&lt;span&gt;Saúde&lt;/span&gt;&lt;/a&gt;&#xD;
      &lt;div class="sigov-nav-subgroup" aria-label="Saúde Avançada"&gt;&#xD;
        &lt;a class="sigov-nav-link@(active("/Saude/AcsOffline"))" href="/Saude/AcsOffline/Dashboard"&gt;&lt;span&gt;ACS Offline&lt;/span&gt;&lt;/a&gt;&#xD;
        &lt;a class="sigov-nav-link@(active("/Saude/AcsCampo"))" href="/Saude/AcsCampo/Dashboard"&gt;&lt;span&gt;Cadastros e visitas&lt;/span&gt;&lt;/a&gt;&#xD;
        &lt;a class="sigov-nav-link@(active("/Saude/Operacao"))" href="/Saude/Operacao/Dashboard"&gt;&lt;span&gt;Operação assistencial&lt;/span&gt;&lt;/a&gt;&#xD;
        &lt;a class="sigov-nav-link@(active("/Saude/Vacinacao"))" href="/Saude/Vacinacao/Pendencias"&gt;&lt;span&gt;Vacinação&lt;/span&gt;&lt;/a&gt;&#xD;
        &lt;a class="sigov-nav-link@(active("/Saude/Farmacia"))" href="/Saude/Farmacia/Estoque"&gt;&lt;span&gt;Farmácia&lt;/span&gt;&lt;/a&gt;&#xD;
        &lt;a class="sigov-nav-link@(active("/Saude/Regulacao"))" href="/Saude/Regulacao/Fila"&gt;&lt;span&gt;Regulação&lt;/span&gt;&lt;/a&gt;&#xD;
        &lt;a class="sigov-nav-link@(active("/Saude/Retaguarda"))" href="/Saude/Retaguarda/Dashboard"&gt;&lt;span&gt;Retaguarda ACS&lt;/span&gt;&lt;/a&gt;&#xD;
        &lt;a class="sigov-nav-link@(active("/Saude/Esus"))" href="/Saude/Esus/Lotes"&gt;&lt;span&gt;e-SUS preparatório&lt;/span&gt;&lt;/a&gt;&#xD;
        &lt;a class="sigov-nav-link@(active("/Saude/Suporte"))" href="/Saude/Suporte/Chamados"&gt;&lt;span&gt;SLA / Suporte&lt;/span&gt;&lt;/a&gt;&#xD;
      &lt;/div&gt;&#xD;
      &lt;a class="sigov-nav-link@(active("/Saneamento"))" href="/Saneamento/Dashboard"&gt;&lt;sigov-icon name="water" size="18"/&gt;&lt;span&gt;Dashboard Saneamento&lt;/span&gt;&lt;/a&gt;&#xD;
      &lt;a class="sigov-nav-link@(active("/Saneamento/Comercial"))" href="/Saneamento/Clientes"&gt;&lt;sigov-icon name="users" size="18"/&gt;&lt;span&gt;Consumidores e ligações&lt;/span&gt;&lt;/a&gt;&#xD;
      &lt;a class="sigov-nav-link@(active("/Saneamento/Hidrometros"))" href="/Saneamento/Hidrometros"&gt;&lt;sigov-icon name="water" size="18"/&gt;&lt;span&gt;Hidrômetros&lt;/span&gt;&lt;/a&gt;&#xD;
      &lt;a class="sigov-nav-link@(active("/Saneamento/Faturamento"))" href="/Saneamento/Faturamento"&gt;&lt;sigov-icon name="finance" size="18"/&gt;&lt;span&gt;Leitura e faturamento&lt;/span&gt;&lt;/a&gt;&#xD;
      &lt;a class="sigov-nav-link@(active("/Saneamento/Operacao"))" href="/Saneamento/OrdensServico"&gt;&lt;sigov-icon name="services" size="18"/&gt;&lt;span&gt;Operação de campo&lt;/span&gt;&lt;/a&gt;&#xD;
      &lt;a class="sigov-nav-link@(active("/Saneamento/GisQualidade"))" href="/Saneamento/GisQualidade/Dashboard"&gt;&lt;sigov-icon name="map" size="18"/&gt;&lt;span&gt;GIS e qualidade&lt;/span&gt;&lt;/a&gt;&#xD;
      &lt;a class="sigov-nav-link@(active("/AssistenciaSocial"))" href="/AssistenciaSocial/Dashboard"&gt;&lt;sigov-icon name="users" size="18"/&gt;&lt;span&gt;Assistência Social&lt;/span&gt;&lt;/a&gt;&#xD;
      &lt;a class="sigov-nav-link@(active("/Habitacao"))" href="/Habitacao/Dashboard"&gt;&lt;sigov-icon name="home" size="18"/&gt;&lt;span&gt;Habitação&lt;/span&gt;&lt;/a&gt;&#xD;
      &lt;a class="sigov-nav-link@(active("/Agro"))" href="/Agro"&gt;&lt;sigov-icon name="industry" size="18"/&gt;&lt;span&gt;Agro&lt;/span&gt;&lt;/a&gt;&#xD;
      &lt;a class="sigov-nav-link@(active("/Agro/Produtores"))" href="/Agro/Produtores"&gt;&lt;span&gt;Produtores rurais&lt;/span&gt;&lt;/a&gt;&#xD;
      &lt;a class="sigov-nav-link@(active("/Agro/Propriedades"))" href="/Agro/Propriedades"&gt;&lt;span&gt;Propriedades&lt;/span&gt;&lt;/a&gt;&#xD;
      &lt;a class="sigov-nav-link@(active("/Agro/AssistenciaTecnica"))" href="/Agro/AssistenciaTecnica"&gt;&lt;span&gt;Assistência técnica&lt;/span&gt;&lt;/a&gt;&#xD;
      &lt;a class="sigov-nav-link@(active("/Agro/Programas"))" href="/Agro/Programas"&gt;&lt;span&gt;Programas rurais&lt;/span&gt;&lt;/a&gt;&#xD;
      &lt;a class="sigov-nav-link@(active("/Agro/Patrulha"))" href="/Agro/Patrulha"&gt;&lt;span&gt;Patrulha mecanizada&lt;/span&gt;&lt;/a&gt;&#xD;
      &lt;a class="sigov-nav-link@(active("/Agro/Relatorios"))" href="/Agro/Relatorios"&gt;&lt;span&gt;Relatórios Agro&lt;/span&gt;&lt;/a&gt;&#xD;
    &lt;/details&gt;&#xD;
    &lt;details class="sigov-nav-group" @opened(new[]{"/Juridico","/Protocolo","/Ged","/Workflow","/Assinaturas"})&gt;&lt;summary&gt;&lt;sigov-icon name="protocol" size="16" /&gt;Administração&lt;/summary&gt;&#xD;
      &lt;a class="sigov-nav-link@(active("/Juridico"))" href="/Juridico/Dashboard"&gt;&lt;sigov-icon name="documents" size="18"/&gt;&lt;span&gt;Jurídico / Procuradoria&lt;/span&gt;&lt;/a&gt;&#xD;
      &lt;a class="sigov-nav-link@(active("/Protocolo"))" href="/Protocolo" data-favorite-key="Protocolo"&gt;&lt;sigov-icon name="protocol" size="18"/&gt;&lt;span&gt;Protocolo&lt;/span&gt;&lt;button type="button" class="sigov-favorite-toggle" aria-label="Favoritar Protocolo"&gt;★&lt;/button&gt;&lt;/a&gt;&#xD;
      &lt;a class="sigov-nav-link@(active("/Ged"))" href="/Ged/Dashboard" data-favorite-key="GED/OCR"&gt;&lt;sigov-icon name="documents" size="18"/&gt;&lt;span&gt;GED/OCR&lt;/span&gt;&lt;button type="button" class="sigov-favorite-toggle" aria-label="Favoritar GED"&gt;★&lt;/button&gt;&lt;/a&gt;&#xD;
      &lt;a class="sigov-nav-link@(active("/Patrimonio"))" href="/Patrimonio"&gt;&lt;sigov-icon name="services" size="18"/&gt;&lt;span&gt;Patrimônio&lt;/span&gt;&lt;/a&gt;&#xD;
      &lt;a class="sigov-nav-link@(active("/Obras"))" href="/Obras"&gt;&lt;sigov-icon name="services" size="18"/&gt;&lt;span&gt;Obras Públicas&lt;/span&gt;&lt;/a&gt;&#xD;
      &lt;a class="sigov-nav-link@(active("/MeioAmbiente"))" href="/MeioAmbiente"&gt;&lt;sigov-icon name="services" size="18"/&gt;&lt;span&gt;Meio Ambiente&lt;/span&gt;&lt;/a&gt;&#xD;
      &lt;a class="sigov-nav-link@(active("/AtendimentoCidadao"))" href="/AtendimentoCidadao"&gt;&lt;sigov-icon name="services" size="18"/&gt;&lt;span&gt;Atendimento ao Cidadão&lt;/span&gt;&lt;/a&gt;&#xD;
      &lt;a class="sigov-nav-link@(active("/Almoxarifado"))" href="/Almoxarifado"&gt;&lt;sigov-icon name="commercial" size="18"/&gt;&lt;span&gt;Almoxarifado&lt;/span&gt;&lt;/a&gt;&#xD;
      &lt;a class="sigov-nav-link@(active("/Compras"))" href="/Compras"&gt;&lt;sigov-icon name="commercial" size="18"/&gt;&lt;span&gt;Compras públicas&lt;/span&gt;&lt;/a&gt;&#xD;
    &lt;/details&gt;&#xD;
    &lt;details class="sigov-nav-group" @opened(new[]{"/ProcessosDigitais","/ProtocoloExterno"})&gt;&lt;summary&gt;&lt;sigov-icon name="protocol" size="16" /&gt;Processos Digitais&lt;/summary&gt;&#xD;
      &lt;a class="sigov-nav-link@(active("/ProcessosDigitais/Dashboard"))" href="/ProcessosDigitais/Dashboard"&gt;Dashboard Processos&lt;/a&gt;&lt;a class="sigov-nav-link@(active("/ProcessosDigitais/Novo"))" href="/ProcessosDigitais/Novo"&gt;Novo Processo&lt;/a&gt;&lt;a class="sigov-nav-link@(active("/ProcessosDigitais/Prazos"))" href="/ProcessosDigitais/Prazos"&gt;Prazos&lt;/a&gt;&lt;a class="sigov-nav-link@(active("/ProtocoloExterno"))" href="/ProtocoloExterno"&gt;Protocolo Externo&lt;/a&gt;&lt;a class="sigov-nav-link@(active("/ProcessosDigitais/Relatorios"))" href="/ProcessosDigitais/Relatorios"&gt;Relatórios&lt;/a&gt;&#xD;
    &lt;/details&gt;&#xD;
    &lt;details class="sigov-nav-group" @opened(new[]{"/Ged","/Assinaturas"})&gt;&lt;summary&gt;&lt;sigov-icon name="documents" size="16" /&gt;GED e Assinaturas&lt;/summary&gt;&#xD;
      &lt;a class="sigov-nav-link@(active("/Ged/Dashboard"))" href="/Ged/Dashboard"&gt;Dashboard GED&lt;/a&gt;&lt;a class="sigov-nav-link@(active("/Ged/Documentos"))" href="/Ged/Documentos"&gt;Documentos&lt;/a&gt;&lt;a class="sigov-nav-link@(active("/Ged/ArquivoFisico"))" href="/Ged/ArquivoFisico"&gt;Arquivo Físico&lt;/a&gt;&lt;a class="sigov-nav-link@(active("/Ged/ValidacaoPublica"))" href="/Ged/ValidacaoPublica"&gt;Validação Pública&lt;/a&gt;&lt;a class="sigov-nav-link@(active("/Assinaturas/Pendentes"))" href="/Assinaturas/Pendentes"&gt;Assinaturas Pendentes&lt;/a&gt;&#xD;
    &lt;/details&gt;&#xD;
    &lt;details class="sigov-nav-group" @opened(new[]{"/Legislativo"})&gt;&lt;summary&gt;&lt;sigov-icon name="audit" size="16" /&gt;Legislativo / Câmara&lt;/summary&gt;&#xD;
      &lt;a class="sigov-nav-link@(active("/Legislativo/Dashboard"))" href="/Legislativo/Dashboard"&gt;Dashboard Legislativo&lt;/a&gt;&lt;a class="sigov-nav-link@(active("/Legislativo/Proposicoes"))" href="/Legislativo/Proposicoes"&gt;Proposições&lt;/a&gt;&lt;a class="sigov-nav-link@(active("/Legislativo/Sessoes"))" href="/Legislativo/Sessoes"&gt;Sessões&lt;/a&gt;&lt;a class="sigov-nav-link@(active("/Legislativo/Votacoes"))" href="/Legislativo/Votacoes"&gt;Votações&lt;/a&gt;&lt;a class="sigov-nav-link@(active("/Legislativo/Normas"))" href="/Legislativo/Normas"&gt;Normas&lt;/a&gt;&#xD;
    &lt;/details&gt;&#xD;
    &lt;details class="sigov-nav-group" @opened(new[]{"/Transparencia","/DiarioOficial","/AtendimentoDigital"})&gt;&lt;summary&gt;&lt;sigov-icon name="services" size="16" /&gt;Transparência e Atendimento&lt;/summary&gt;&#xD;
      &lt;a class="sigov-nav-link@(active("/Transparencia/Dashboard"))" href="/Transparencia/Dashboard"&gt;Dashboard Transparência&lt;/a&gt;&lt;a class="sigov-nav-link@(active("/DiarioOficial/Edicoes"))" href="/DiarioOficial/Edicoes"&gt;Diário Oficial&lt;/a&gt;&lt;a class="sigov-nav-link@(active("/Transparencia/Pntp"))" href="/Transparencia/Pntp"&gt;PNTP / ATRICON&lt;/a&gt;&lt;a class="sigov-nav-link@(active("/Transparencia/Pncp"))" href="/Transparencia/Pncp"&gt;PNCP Preparatório&lt;/a&gt;&lt;a class="sigov-nav-link@(active("/AtendimentoDigital/ESic"))" href="/AtendimentoDigital/ESic"&gt;e-SIC&lt;/a&gt;&lt;a class="sigov-nav-link@(active("/AtendimentoDigital/Ouvidoria"))" href="/AtendimentoDigital/Ouvidoria"&gt;Ouvidoria&lt;/a&gt;&lt;a class="sigov-nav-link@(active("/AtendimentoDigital/Chamados"))" href="/AtendimentoDigital/Chamados"&gt;Atendimento Digital&lt;/a&gt;&#xD;
    &lt;/details&gt;&#xD;
    &lt;details class="sigov-nav-group" @opened(new[]{"/Operacao","/MobileCampo","/IA"})&gt;&lt;summary&gt;&lt;sigov-icon name="services" size="16" /&gt;Operação&lt;/summary&gt;&#xD;
      &lt;a class="sigov-nav-link@(active("/MobileCampo"))" href="/MobileCampo"&gt;&lt;sigov-icon name="mobile" size="18"/&gt;&lt;span&gt;Mobile/Campo&lt;/span&gt;&lt;/a&gt;&#xD;
      &lt;a class="sigov-nav-link@(active("/IA"))" href="/IA"&gt;&lt;sigov-icon name="ai" size="18"/&gt;&lt;span&gt;IA&lt;/span&gt;&lt;/a&gt;&#xD;
      &lt;a class="sigov-nav-link@(active("/Operacao/Health"))" href="/Operacao/Health"&gt;&lt;sigov-icon name="active" size="18"/&gt;&lt;span&gt;Health&lt;/span&gt;&lt;/a&gt;&#xD;
    &lt;/details&gt;&#xD;
    @if (canSeeAnyEnterprise) {
    &lt;details class="sigov-nav-group" @opened(new[]{"/Empresarial"})&gt;&lt;summary&gt;&lt;sigov-icon name="commercial" size="16" /&gt;Empresarial SaaS&lt;/summary&gt;
      &lt;a class="sigov-nav-link@(active("/Empresarial/Comercial/Dashboard"))" href="/Empresarial/Comercial/Dashboard"&gt;&lt;sigov-icon name="commercial" size="18"/&gt;&lt;span&gt;Dashboard&lt;/span&gt;&lt;/a&gt;&#xD;
      &lt;a class="sigov-nav-link@(active("/Empresarial/Comercial/Clientes"))" href="/Empresarial/Comercial/Clientes"&gt;&lt;sigov-icon name="commercial" size="18"/&gt;&lt;span&gt;Clientes&lt;/span&gt;&lt;/a&gt;&#xD;
      &lt;a class="sigov-nav-link@(active("/Empresarial/Comercial/Leads"))" href="/Empresarial/Comercial/Leads"&gt;&lt;sigov-icon name="commercial" size="18"/&gt;&lt;span&gt;Leads&lt;/span&gt;&lt;/a&gt;&#xD;
      &lt;a class="sigov-nav-link@(active("/Empresarial/Comercial/Oportunidades"))" href="/Empresarial/Comercial/Oportunidades"&gt;&lt;sigov-icon name="commercial" size="18"/&gt;&lt;span&gt;Oportunidades&lt;/span&gt;&lt;/a&gt;&#xD;
      &lt;a class="sigov-nav-link@(active("/Empresarial/Comercial/Funil"))" href="/Empresarial/Comercial/Funil"&gt;&lt;sigov-icon name="commercial" size="18"/&gt;&lt;span&gt;Funil&lt;/span&gt;&lt;/a&gt;&#xD;
      &lt;a class="sigov-nav-link@(active("/Empresarial/Comercial/Propostas"))" href="/Empresarial/Comercial/Propostas"&gt;&lt;sigov-icon name="commercial" size="18"/&gt;&lt;span&gt;Propostas&lt;/span&gt;&lt;/a&gt;&#xD;
      &lt;a class="sigov-nav-link@(active("/Empresarial/Comercial/Pedidos"))" href="/Empresarial/Comercial/Pedidos"&gt;&lt;sigov-icon name="commercial" size="18"/&gt;&lt;span&gt;Pedidos&lt;/span&gt;&lt;/a&gt;&#xD;
      &lt;a class="sigov-nav-link@(active("/Empresarial/Comercial/TabelasPreco"))" href="/Empresarial/Comercial/TabelasPreco"&gt;&lt;sigov-icon name="commercial" size="18"/&gt;&lt;span&gt;Tabelas de Preço&lt;/span&gt;&lt;/a&gt;&#xD;
      &lt;a class="sigov-nav-link@(active("/Empresarial/Comercial/Relatorios"))" href="/Empresarial/Comercial/Relatorios"&gt;&lt;sigov-icon name="commercial" size="18"/&gt;&lt;span&gt;Relatorios&lt;/span&gt;&lt;/a&gt;&#xD;
      &lt;a class="sigov-nav-link@(active("/Empresarial/OrdemServico/Dashboard"))" href="/Empresarial/OrdemServico/Dashboard"&gt;&lt;sigov-icon name="commercial" size="18"/&gt;&lt;span&gt;Dashboard&lt;/span&gt;&lt;/a&gt;&#xD;
      &lt;a class="sigov-nav-link@(active("/Empresarial/OrdemServico/Ordens"))" href="/Empresarial/OrdemServico/Ordens"&gt;&lt;sigov-icon name="commercial" size="18"/&gt;&lt;span&gt;Ordens&lt;/span&gt;&lt;/a&gt;&#xD;
      &lt;a class="sigov-nav-link@(active("/Empresarial/OrdemServico/Agenda"))" href="/Empresarial/OrdemServico/Agenda"&gt;&lt;sigov-icon name="commercial" size="18"/&gt;&lt;span&gt;Agenda&lt;/span&gt;&lt;/a&gt;&#xD;
      &lt;a class="sigov-nav-link@(active("/Empresarial/OrdemServico/Sla"))" href="/Empresarial/OrdemServico/Sla"&gt;&lt;sigov-icon name="commercial" size="18"/&gt;&lt;span&gt;SLA&lt;/span&gt;&lt;/a&gt;&#xD;
      &lt;a class="sigov-nav-link@(active("/Empresarial/OrdemServico/Checklist"))" href="/Empresarial/OrdemServico/Checklist"&gt;&lt;sigov-icon name="commercial" size="18"/&gt;&lt;span&gt;Checklist&lt;/span&gt;&lt;/a&gt;&#xD;
      &lt;a class="sigov-nav-link@(active("/Empresarial/OrdemServico/Apontamentos"))" href="/Empresarial/OrdemServico/Apontamentos"&gt;&lt;sigov-icon name="commercial" size="18"/&gt;&lt;span&gt;Apontamentos&lt;/span&gt;&lt;/a&gt;&#xD;
      &lt;a class="sigov-nav-link@(active("/Empresarial/OrdemServico/Relatorios"))" href="/Empresarial/OrdemServico/Relatorios"&gt;&lt;sigov-icon name="commercial" size="18"/&gt;&lt;span&gt;Relatorios&lt;/span&gt;&lt;/a&gt;&#xD;
      &lt;a class="sigov-nav-link@(active("/Empresarial/Estoque/Dashboard"))" href="/Empresarial/Estoque/Dashboard"&gt;&lt;sigov-icon name="commercial" size="18"/&gt;&lt;span&gt;Dashboard&lt;/span&gt;&lt;/a&gt;&#xD;
      &lt;a class="sigov-nav-link@(active("/Empresarial/Estoque/Produtos"))" href="/Empresarial/Estoque/Produtos"&gt;&lt;sigov-icon name="commercial" size="18"/&gt;&lt;span&gt;Produtos&lt;/span&gt;&lt;/a&gt;&#xD;
      &lt;a class="sigov-nav-link@(active("/Empresarial/Estoque/Almoxarifados"))" href="/Empresarial/Estoque/Almoxarifados"&gt;&lt;sigov-icon name="commercial" size="18"/&gt;&lt;span&gt;Almoxarifados&lt;/span&gt;&lt;/a&gt;&#xD;
      &lt;a class="sigov-nav-link@(active("/Empresarial/Estoque/Saldos"))" href="/Empresarial/Estoque/Saldos"&gt;&lt;sigov-icon name="commercial" size="18"/&gt;&lt;span&gt;Saldos&lt;/span&gt;&lt;/a&gt;&#xD;
      &lt;a class="sigov-nav-link@(active("/Empresarial/Estoque/Movimentos"))" href="/Empresarial/Estoque/Movimentos"&gt;&lt;sigov-icon name="commercial" size="18"/&gt;&lt;span&gt;Movimentos&lt;/span&gt;&lt;/a&gt;&#xD;
      &lt;a class="sigov-nav-link@(active("/Empresarial/Estoque/Requisicoes"))" href="/Empresarial/Estoque/Requisicoes"&gt;&lt;sigov-icon name="commercial" size="18"/&gt;&lt;span&gt;Requisicoes&lt;/span&gt;&lt;/a&gt;&#xD;
      &lt;a class="sigov-nav-link@(active("/Empresarial/Estoque/Inventarios"))" href="/Empresarial/Estoque/Inventarios"&gt;&lt;sigov-icon name="commercial" size="18"/&gt;&lt;span&gt;Inventarios&lt;/span&gt;&lt;/a&gt;&#xD;
      &lt;a class="sigov-nav-link@(active("/Empresarial/Estoque/Fornecedores"))" href="/Empresarial/Estoque/Fornecedores"&gt;&lt;sigov-icon name="commercial" size="18"/&gt;&lt;span&gt;Fornecedores&lt;/span&gt;&lt;/a&gt;&#xD;
      &lt;a class="sigov-nav-link@(active("/Empresarial/Estoque/Compras"))" href="/Empresarial/Estoque/Compras"&gt;&lt;sigov-icon name="commercial" size="18"/&gt;&lt;span&gt;Compras&lt;/span&gt;&lt;/a&gt;&#xD;
      &lt;a class="sigov-nav-link@(active("/Empresarial/Estoque/Relatorios"))" href="/Empresarial/Estoque/Relatorios"&gt;&lt;sigov-icon name="commercial" size="18"/&gt;&lt;span&gt;Relatorios&lt;/span&gt;&lt;/a&gt;&#xD;
      &lt;a class="sigov-nav-link@(active("/Empresarial/Industrial/Dashboard"))" href="/Empresarial/Industrial/Dashboard"&gt;&lt;sigov-icon name="industry" size="18"/&gt;&lt;span&gt;Dashboard&lt;/span&gt;&lt;/a&gt;&#xD;
      &lt;a class="sigov-nav-link@(active("/Empresarial/Industrial/Ativos"))" href="/Empresarial/Industrial/Ativos"&gt;&lt;sigov-icon name="industry" size="18"/&gt;&lt;span&gt;Ativos&lt;/span&gt;&lt;/a&gt;&#xD;
      &lt;a class="sigov-nav-link@(active("/Empresarial/Industrial/PlanosManutencao"))" href="/Empresarial/Industrial/PlanosManutencao"&gt;&lt;sigov-icon name="industry" size="18"/&gt;&lt;span&gt;Planos de Manutenção&lt;/span&gt;&lt;/a&gt;&#xD;
      &lt;a class="sigov-nav-link@(active("/Empresarial/Industrial/Programadas"))" href="/Empresarial/Industrial/Programadas"&gt;&lt;sigov-icon name="industry" size="18"/&gt;&lt;span&gt;Manutenções Programadas&lt;/span&gt;&lt;/a&gt;&#xD;
      &lt;a class="sigov-nav-link@(active("/Empresarial/Industrial/Medidores"))" href="/Empresarial/Industrial/Medidores"&gt;&lt;sigov-icon name="industry" size="18"/&gt;&lt;span&gt;Medidores&lt;/span&gt;&lt;/a&gt;&#xD;
      &lt;a class="sigov-nav-link@(active("/Empresarial/Industrial/Paradas"))" href="/Empresarial/Industrial/Paradas"&gt;&lt;sigov-icon name="industry" size="18"/&gt;&lt;span&gt;Paradas&lt;/span&gt;&lt;/a&gt;&#xD;
      &lt;a class="sigov-nav-link@(active("/Empresarial/Industrial/Producao"))" href="/Empresarial/Industrial/Producao"&gt;&lt;sigov-icon name="industry" size="18"/&gt;&lt;span&gt;Producao&lt;/span&gt;&lt;/a&gt;&#xD;
      &lt;a class="sigov-nav-link@(active("/Empresarial/Industrial/Qualidade"))" href="/Empresarial/Industrial/Qualidade"&gt;&lt;sigov-icon name="industry" size="18"/&gt;&lt;span&gt;Qualidade&lt;/span&gt;&lt;/a&gt;&#xD;
      &lt;a class="sigov-nav-link@(active("/Empresarial/Industrial/Relatorios"))" href="/Empresarial/Industrial/Relatorios"&gt;&lt;sigov-icon name="industry" size="18"/&gt;&lt;span&gt;Relatorios&lt;/span&gt;&lt;/a&gt;&#xD;
    &lt;/details&gt;
    }
    &lt;details class="sigov-nav-group" @opened(new[]{"/SystemHealth","/Observabilidade","/Seguranca","/Auditoria","/Lgpd"})&gt;&lt;summary&gt;&lt;sigov-icon name="shield" size="16" /&gt;Governança e Segurança&lt;/summary&gt;&#xD;
      &lt;a class="sigov-nav-link@(active("/SystemHealth/ProjectStatus"))" href="/SystemHealth/ProjectStatus"&gt;&lt;span&gt;Project Status&lt;/span&gt;&lt;/a&gt;&#xD;
      &lt;a class="sigov-nav-link@(active("/Observabilidade"))" href="/Observabilidade/Dashboard"&gt;&lt;span&gt;Observabilidade&lt;/span&gt;&lt;/a&gt;&#xD;
      @if (canSeeSecurity) {&#xD;
      &lt;a class="sigov-nav-link@(active("/Seguranca/Dashboard"))" href="/Seguranca/Dashboard"&gt;&lt;span&gt;Segurança&lt;/span&gt;&lt;/a&gt;&#xD;
      &lt;a class="sigov-nav-link@(active("/Seguranca/Perfis"))" href="/Seguranca/Perfis"&gt;&lt;span&gt;Perfis e Permissões&lt;/span&gt;&lt;/a&gt;&#xD;
      &lt;a class="sigov-nav-link@(active("/Seguranca/MatrizAcesso"))" href="/Seguranca/MatrizAcesso"&gt;&lt;span&gt;Matriz de acesso&lt;/span&gt;&lt;/a&gt;&#xD;
      }&#xD;
      @if (canSeeAudit) {&#xD;
      &lt;a class="sigov-nav-link@(active("/Auditoria"))" href="/Auditoria/Dashboard"&gt;&lt;span&gt;Auditoria&lt;/span&gt;&lt;/a&gt;&#xD;
      &lt;a class="sigov-nav-link@(active("/Lgpd"))" href="/Lgpd/Dashboard"&gt;&lt;span&gt;LGPD&lt;/span&gt;&lt;/a&gt;&#xD;
      &lt;a class="sigov-nav-link@(active("/Lgpd/Incidentes"))" href="/Lgpd/Incidentes"&gt;&lt;span&gt;Incidentes&lt;/span&gt;&lt;/a&gt;&#xD;
      &lt;a class="sigov-nav-link@(active("/Lgpd/AcessosDadosPessoais"))" href="/Lgpd/AcessosDadosPessoais"&gt;&lt;span&gt;Acessos a Dados Pessoais&lt;/span&gt;&lt;/a&gt;&#xD;
      &lt;a class="sigov-nav-link@(active("/Lgpd/Retencao"))" href="/Lgpd/Retencao"&gt;&lt;span&gt;Retenção e Descarte&lt;/span&gt;&lt;/a&gt;&#xD;
      &lt;a class="sigov-nav-link@(active("/Auditoria/Exportacoes"))" href="/Auditoria/Exportacoes"&gt;&lt;span&gt;Relatórios de Governança&lt;/span&gt;&lt;/a&gt;&#xD;
      }&#xD;
    &lt;/details&gt;&#xD;
    &lt;details class="sigov-nav-group" @opened(new[]{"/Seguranca","/Saas","/Auditoria","/Lgpd"})&gt;&lt;summary&gt;&lt;sigov-icon name="settings" size="16" /&gt;Administração&lt;/summary&gt;&#xD;
      &lt;a class="sigov-nav-link@(active("/Seguranca/Usuarios"))" href="/Seguranca/Usuarios"&gt;&lt;sigov-icon name="users" size="18"/&gt;&lt;span&gt;Usuários&lt;/span&gt;&lt;/a&gt;&#xD;
      &lt;a class="sigov-nav-link@(active("/Saas/Implantacao"))" href="/Saas/Implantacao"&gt;&lt;sigov-icon name="sync" size="18"/&gt;&lt;span&gt;Implantação&lt;/span&gt;&lt;/a&gt;&#xD;
      &lt;a class="sigov-nav-link@(active("/Auditoria"))" href="/Auditoria/Trilhas"&gt;&lt;sigov-icon name="audit" size="18"/&gt;&lt;span&gt;Auditoria&lt;/span&gt;&lt;/a&gt;&#xD;
      &lt;a class="sigov-nav-link@(active("/Lgpd"))" href="/Lgpd/Dashboard"&gt;&lt;sigov-icon name="shield" size="18"/&gt;&lt;span&gt;LGPD&lt;/span&gt;&lt;/a&gt;&#xD;
    &lt;/details&gt;&#xD;
    &lt;details class="sigov-nav-group" @opened(new[]{"/Ajuda","/Manual","/Modulos"})&gt;&lt;summary&gt;&lt;sigov-icon name="help" size="16" /&gt;Ajuda&lt;/summary&gt;&#xD;
      &lt;a class="sigov-nav-link@(active("/Ajuda"))" href="/Ajuda"&gt;&lt;sigov-icon name="help" size="18"/&gt;&lt;span&gt;Central de Ajuda&lt;/span&gt;&lt;/a&gt;&#xD;
      &lt;a class="sigov-nav-link@(active("/Modulos/Catalogo"))" href="/Modulos/Catalogo"&gt;&lt;sigov-icon name="dashboard" size="18"/&gt;&lt;span&gt;Catálogo de módulos&lt;/span&gt;&lt;/a&gt;&#xD;
      &lt;a class="sigov-nav-link@(active("/Modulos/MeuAcesso"))" href="/Modulos/MeuAcesso"&gt;&lt;sigov-icon name="shield" size="18"/&gt;&lt;span&gt;Meu acesso&lt;/span&gt;&lt;/a&gt;&#xD;
    &lt;/details&gt;&#xD;
  &lt;/nav&gt;&#xD;
&lt;/aside&gt;&#xD;
" to contain "/Financeiro/ContasPagar".</Message>
          <StackTrace>   at FluentAssertions.Execution.XUnit2TestFramework.Throw(String message)&#xD;
   at FluentAssertions.Execution.TestFrameworkProvider.Throw(String message)&#xD;
   at FluentAssertions.Execution.DefaultAssertionStrategy.HandleFailure(String message)&#xD;
   at FluentAssertions.Execution.AssertionScope.FailWith(Func`1 failReasonFunc)&#xD;
   at FluentAssertions.Execution.AssertionScope.FailWith(Func`1 failReasonFunc)&#xD;
   at FluentAssertions.Execution.AssertionScope.FailWith(String message, Object[] args)&#xD;
   at FluentAssertions.Primitives.StringAssertions`1.Contain(String expected, String because, Object[] becauseArgs)&#xD;
   at Sigov.ApiTests.PostBuild07FinanceiroIntegradoTests.Telas_menu_docs_e_demo_foram_entregues() in C:\MNSOFT\SIGOV-PLUS\tests\Sigov.ApiTests\PostBuild07FinanceiroIntegradoTests.cs:line 47&#xD;
   at System.Reflection.MethodBaseInvoker.InterpretedInvoke_Method(Object obj, IntPtr* args)&#xD;
   at System.Reflection.MethodBaseInvoker.InvokeWithNoArgs(Object obj, BindingFlags invokeAttr)</StackTrace>
        </ErrorInfo>
      </Output>
    </UnitTestResult>
    <UnitTestResult executionId="2965541f-d06d-480a-9775-262f0f53c2d9" testId="e520a330-ae69-7137-fab9-86ca5969ddd5" testName="Sigov.ApiTests.SaudeApiTests.Controllers_saude_estao_presentes" computerName="DESKTOP-CK86BSC" duration="00:00:00.0501863" startTime="2026-09-08T18:22:51.1147173-03:00" endTime="2026-09-08T18:22:51.1147173-03:00" testType="13cdc9d9-ddb5-4fa4-a97d-d965ccfc6d4b" outcome="Passed" testListId="8c84fa94-04c1-424b-9868-57a2d4851a1d" relativeResultsDirectory="2965541f-d06d-480a-9775-262f0f53c2d9" />
    <UnitTestResult executionId="dd4df57c-ce15-4605-b613-f08323c8f9e6" testId="25314a1a-27f9-282c-cc91-7b1283608c34" testName="Sigov.ApiTests.AuthPermissionRegressionTests.Identificador_De_Login_Deve_Rejeitar_Documento_Ou_Email_Invalido(input: &quot;email-invalido@&quot;)" computerName="DESKTOP-CK86BSC" duration="00:00:00.0010519" startTime="2026-09-08T18:22:51.0978954-03:00" endTime="2026-09-08T18:22:51.0978955-03:00" testType="13cdc9d9-ddb5-4fa4-a97d-d965ccfc6d4b" outcome="Passed" testListId="8c84fa94-04c1-424b-9868-57a2d4851a1d" relativeResultsDirectory="dd4df57c-ce15-4605-b613-f08323c8f9e6" />
    <UnitTestResult executionId="b11f3f94-138a-4948-9ac8-b3bed48a1840" testId="1b2dd2d3-384f-23e2-91bc-51bcc99b1a4d" testName="Sigov.ApiTests.AuthPermissionRegressionTests.Web_Deve_Manter_Permissoes_Fora_Do_Ticket_E_Carrega_Las_Uma_Vez_Por_Requisicao" computerName="DESKTOP-CK86BSC" duration="00:00:00.0006507" startTime="2026-09-08T18:22:51.1012993-03:00" endTime="2026-09-08T18:22:51.1012993-03:00" testType="13cdc9d9-ddb5-4fa4-a97d-d965ccfc6d4b" outcome="Passed" testListId="8c84fa94-04c1-424b-9868-57a2d4851a1d" relativeResultsDirectory="b11f3f94-138a-4948-9ac8-b3bed48a1840" />
    <UnitTestResult executionId="74de4158-0231-4eae-854c-1282860b64a4" testId="addc35ed-9e98-bd08-d31d-514bce831b11" testName="Sigov.ApiTests.Ui.UserPreferencesApiTests.Preferencias_Deve_Exigir_Usuario" computerName="DESKTOP-CK86BSC" duration="00:00:03.3852300" startTime="2026-09-08T18:22:54.4175180-03:00" endTime="2026-09-08T18:22:54.4175181-03:00" testType="13cdc9d9-ddb5-4fa4-a97d-d965ccfc6d4b" outcome="Failed" testListId="8c84fa94-04c1-424b-9868-57a2d4851a1d" relativeResultsDirectory="74de4158-0231-4eae-854c-1282860b64a4">
      <Output>
        <ErrorInfo>
          <Message>Expected body "{"error":"tenant_not_resolved","message":"Tenant não resolvido pelo host, header de desenvolvimento ou claim autenticada."}" to contain "Usuário obrigatório".</Message>
          <StackTrace>   at FluentAssertions.Execution.XUnit2TestFramework.Throw(String message)&#xD;
   at FluentAssertions.Execution.TestFrameworkProvider.Throw(String message)&#xD;
   at FluentAssertions.Execution.DefaultAssertionStrategy.HandleFailure(String message)&#xD;
   at FluentAssertions.Execution.AssertionScope.FailWith(Func`1 failReasonFunc)&#xD;
   at FluentAssertions.Execution.AssertionScope.FailWith(Func`1 failReasonFunc)&#xD;
   at FluentAssertions.Execution.AssertionScope.FailWith(String message, Object[] args)&#xD;
   at FluentAssertions.Primitives.StringAssertions`1.Contain(String expected, String because, Object[] becauseArgs)&#xD;
   at Sigov.ApiTests.Ui.UserPreferencesApiTests.Preferencias_Deve_Exigir_Usuario() in C:\MNSOFT\SIGOV-PLUS\tests\Sigov.ApiTests\Ui\UserPreferencesApiTests.cs:line 22&#xD;
--- End of stack trace from previous location ---</StackTrace>
        </ErrorInfo>
      </Output>
    </UnitTestResult>
    <UnitTestResult executionId="1e70e3f2-7a23-4601-8153-55ff270210d9" testId="461b7a29-8984-a7cb-0b42-f3b12592d9ca" testName="Sigov.ApiTests.PostBuild08TributarioAvancadoTests.Migration_cria_tabelas_tributarias_avancadas_com_tenant_indices_e_triggers" computerName="DESKTOP-CK86BSC" duration="00:00:00.0004744" startTime="2026-09-08T18:22:51.0989296-03:00" endTime="2026-09-08T18:22:51.0989296-03:00" testType="13cdc9d9-ddb5-4fa4-a97d-d965ccfc6d4b" outcome="Passed" testListId="8c84fa94-04c1-424b-9868-57a2d4851a1d" relativeResultsDirectory="1e70e3f2-7a23-4601-8153-55ff270210d9" />
    <UnitTestResult executionId="bcce8d4d-f772-4c77-a78d-dbfcffef63de" testId="34613c99-93a8-c17f-28dd-a1c979931456" testName="Sigov.ApiTests.ApiContractRegressionTests.Actions_Tributarias_Nao_Devem_Permitir_Acesso_Anonimo" computerName="DESKTOP-CK86BSC" duration="00:00:00.0090324" startTime="2026-09-08T18:22:54.4275642-03:00" endTime="2026-09-08T18:22:54.4275645-03:00" testType="13cdc9d9-ddb5-4fa4-a97d-d965ccfc6d4b" outcome="Passed" testListId="8c84fa94-04c1-424b-9868-57a2d4851a1d" relativeResultsDirectory="bcce8d4d-f772-4c77-a78d-dbfcffef63de" />
    <UnitTestResult executionId="024f3ce4-7f46-4841-b6ce-5f17a1175d1c" testId="44f6f14d-d0bd-432d-588a-93c10a1c01bb" testName="Sigov.ApiTests.ApiV1ApiKeySecurityStaticTests.Middleware_Deve_Exigir_Key_Tenant_E_Escopos_Sem_Logar_Token" computerName="DESKTOP-CK86BSC" duration="00:00:00.0207381" startTime="2026-09-08T18:22:50.9080745-03:00" endTime="2026-09-08T18:22:50.9080745-03:00" testType="13cdc9d9-ddb5-4fa4-a97d-d965ccfc6d4b" outcome="Passed" testListId="8c84fa94-04c1-424b-9868-57a2d4851a1d" relativeResultsDirectory="024f3ce4-7f46-4841-b6ce-5f17a1175d1c" />
    <UnitTestResult executionId="d25bd09f-7b9d-46c9-b232-d7d5394e6612" testId="23d46443-7dfb-d5ea-d100-10759fab78f3" testName="Sigov.ApiTests.AgroApiTests.Agro_Service_Deve_Validar_Permissoes_E_Tenant_Isolation" computerName="DESKTOP-CK86BSC" duration="00:00:00.0018328" startTime="2026-09-08T18:22:50.9487966-03:00" endTime="2026-09-08T18:22:50.9487966-03:00" testType="13cdc9d9-ddb5-4fa4-a97d-d965ccfc6d4b" outcome="Passed" testListId="8c84fa94-04c1-424b-9868-57a2d4851a1d" relativeResultsDirectory="d25bd09f-7b9d-46c9-b232-d7d5394e6612" />
    <UnitTestResult executionId="94dc197e-8ec9-4168-9bb8-eb512bfde3d2" testId="a1609f67-d870-83c1-8727-65768b5d2847" testName="Sigov.ApiTests.AuthPermissionRegressionTests.Identificador_De_Login_Deve_Normalizar_Formatos_Suportados(input: &quot;admin-legado&quot;, kind: LegacyLogin, expected: &quot;admin-legado&quot;)" computerName="DESKTOP-CK86BSC" duration="00:00:00.0004755" startTime="2026-09-08T18:22:51.0992440-03:00" endTime="2026-09-08T18:22:51.0992440-03:00" testType="13cdc9d9-ddb5-4fa4-a97d-d965ccfc6d4b" outcome="Passed" testListId="8c84fa94-04c1-424b-9868-57a2d4851a1d" relativeResultsDirectory="94dc197e-8ec9-4168-9bb8-eb512bfde3d2" />
    <UnitTestResult executionId="bdbc95b1-3baf-43a3-8dab-1d5862bb0265" testId="aec50860-ea79-a8bc-e7de-4731ac272a8d" testName="Sigov.ApiTests.ApiContractRegressionTests.Rotas_De_Livro_Eletronico_Devem_Resolver_Para_Action_E_Dto_Corretos(path: &quot;api/tributario/livro-eletronico/gerar&quot;, expectedController: typeof(Sigov.Api.Controllers.TributarioController), expectedAction: &quot;GerarLivro&quot;, expectedBodyType: typeof(Sigov.Api.Controllers.GerarLivroRequest))" computerName="DESKTOP-CK86BSC" duration="00:00:00.0056175" startTime="2026-09-08T18:22:54.6802439-03:00" endTime="2026-09-08T18:22:54.6802442-03:00" testType="13cdc9d9-ddb5-4fa4-a97d-d965ccfc6d4b" outcome="Passed" testListId="8c84fa94-04c1-424b-9868-57a2d4851a1d" relativeResultsDirectory="bdbc95b1-3baf-43a3-8dab-1d5862bb0265" />
    <UnitTestResult executionId="9d325e85-2fa3-4dd3-8511-bdccde989ad2" testId="ff6457a5-d41d-7712-dbb3-66a5fa6d709a" testName="Sigov.ApiTests.PostBuild05ComercioTests.Regras_minimas_de_venda_caixa_estoque_e_financeiro_estao_expressas" computerName="DESKTOP-CK86BSC" duration="00:00:00.0002400" startTime="2026-09-08T18:22:51.0951701-03:00" endTime="2026-09-08T18:22:51.0951701-03:00" testType="13cdc9d9-ddb5-4fa4-a97d-d965ccfc6d4b" outcome="Passed" testListId="8c84fa94-04c1-424b-9868-57a2d4851a1d" relativeResultsDirectory="9d325e85-2fa3-4dd3-8511-bdccde989ad2" />
    <UnitTestResult executionId="3c955ffd-32c2-4d88-9d1f-3971f5cb5c58" testId="e7f3ca62-7668-70d9-5a2d-5470efcea736" testName="Sigov.ApiTests.PosRc06StaticTests.Hash_Da_Chave_Demo_Deve_Ser_Compativel_Com_Middleware" computerName="DESKTOP-CK86BSC" duration="00:00:00.0085098" startTime="2026-09-08T18:22:51.0978411-03:00" endTime="2026-09-08T18:22:51.0978412-03:00" testType="13cdc9d9-ddb5-4fa4-a97d-d965ccfc6d4b" outcome="Passed" testListId="8c84fa94-04c1-424b-9868-57a2d4851a1d" relativeResultsDirectory="3c955ffd-32c2-4d88-9d1f-3971f5cb5c58" />
    <UnitTestResult executionId="f9cd3540-c9c1-4081-9230-a7a578a48de5" testId="5c3eee17-393b-9871-a2be-32b133a67dff" testName="Sigov.ApiTests.PosRc06StaticTests.SchemaReport_Smoke_Seed_E_Package_Devem_Cobrir_Correcoes_PosRc06" computerName="DESKTOP-CK86BSC" duration="00:00:00.0015123" startTime="2026-09-08T18:22:51.0983578-03:00" endTime="2026-09-08T18:22:51.0983579-03:00" testType="13cdc9d9-ddb5-4fa4-a97d-d965ccfc6d4b" outcome="Failed" testListId="8c84fa94-04c1-424b-9868-57a2d4851a1d" relativeResultsDirectory="f9cd3540-c9c1-4081-9230-a7a578a48de5">
      <Output>
        <ErrorInfo>
          <Message>Assert.Contains() Failure: Sub-string not found&#xD;
String:    "-- SIGOV PLUS Pós-RC 27A: seed seguro, id"···&#xD;
Not found: "protocolos.read"</Message>
          <StackTrace>   at Sigov.ApiTests.PosRc06StaticTests.SchemaReport_Smoke_Seed_E_Package_Devem_Cobrir_Correcoes_PosRc06() in C:\MNSOFT\SIGOV-PLUS\tests\Sigov.ApiTests\PosRc06StaticTests.cs:line 33&#xD;
   at System.Reflection.MethodBaseInvoker.InterpretedInvoke_Method(Object obj, IntPtr* args)&#xD;
   at System.Reflection.MethodBaseInvoker.InvokeWithNoArgs(Object obj, BindingFlags invokeAttr)</StackTrace>
        </ErrorInfo>
      </Output>
    </UnitTestResult>
    <UnitTestResult executionId="62c6a393-ba1c-4db3-843b-f52022a32b0b" testId="2b4ed864-db4a-9818-a162-432070f0148e" testName="Sigov.ApiTests.PostBuild06IndustriaTests.Web_DeveConterMenuETelasIndustriais" computerName="DESKTOP-CK86BSC" duration="00:00:00.0077955" startTime="2026-09-08T18:22:50.9241938-03:00" endTime="2026-09-08T18:22:50.9241938-03:00" testType="13cdc9d9-ddb5-4fa4-a97d-d965ccfc6d4b" outcome="Passed" testListId="8c84fa94-04c1-424b-9868-57a2d4851a1d" relativeResultsDirectory="62c6a393-ba1c-4db3-843b-f52022a32b0b" />
    <UnitTestResult executionId="76e8f477-b5fb-446a-b9a2-4f03f202a970" testId="1c43d33f-beda-69e2-42cb-9998ee147b48" testName="Sigov.ApiTests.AuthPermissionRegressionTests.Api_Deve_Ter_Middleware_De_Erros_Sem_StackTrace_E_Headers_De_Seguranca" computerName="DESKTOP-CK86BSC" duration="00:00:00.0759488" startTime="2026-09-08T18:22:51.0263358-03:00" endTime="2026-09-08T18:22:51.0263363-03:00" testType="13cdc9d9-ddb5-4fa4-a97d-d965ccfc6d4b" outcome="Failed" testListId="8c84fa94-04c1-424b-9868-57a2d4851a1d" relativeResultsDirectory="76e8f477-b5fb-446a-b9a2-4f03f202a970">
      <Output>
        <ErrorInfo>
          <Message>Expected exceptionMiddleware "using System.Diagnostics;&#xD;
using Sigov.Api.Contracts;&#xD;
using Sigov.Domain.Comercial;&#xD;
&#xD;
namespace Sigov.Api.Middlewares;&#xD;
&#xD;
public sealed class ExceptionHandlingMiddleware&#xD;
{&#xD;
    private readonly RequestDelegate _next;&#xD;
    private readonly ILogger&lt;ExceptionHandlingMiddleware&gt; _logger;&#xD;
&#xD;
    public ExceptionHandlingMiddleware(RequestDelegate next, ILogger&lt;ExceptionHandlingMiddleware&gt; logger)&#xD;
    {&#xD;
        _next = next;&#xD;
        _logger = logger;&#xD;
    }&#xD;
&#xD;
    public async Task InvokeAsync(HttpContext context)&#xD;
    {&#xD;
        try&#xD;
        {&#xD;
            await _next(context).ConfigureAwait(false);&#xD;
        }&#xD;
        catch (Exception ex)&#xD;
        {&#xD;
            var correlationId = context.Items[CorrelationIdMiddleware.HeaderName]?.ToString() ?? Activity.Current?.Id ?? context.TraceIdentifier;&#xD;
            var (status, message) = ex switch&#xD;
            {&#xD;
                CommercialRuleException =&gt; (StatusCodes.Status400BadRequest, ex.Message),&#xD;
                CommercialConflictException =&gt; (StatusCodes.Status409Conflict, ex.Message),&#xD;
                CommercialNotFoundException =&gt; (StatusCodes.Status404NotFound, ex.Message),&#xD;
                UnauthorizedAccessException =&gt; (StatusCodes.Status403Forbidden, "Acesso não autorizado para o tenant."),&#xD;
                _ =&gt; (StatusCodes.Status500InternalServerError, "Não foi possível processar a solicitação. Informe o código de correlação ao suporte.")&#xD;
            };&#xD;
            if (status &gt;= 500) _logger.LogError(ex, "Erro inesperado na requisição {CorrelationId}.", correlationId);&#xD;
            else _logger.LogWarning("Regra comercial rejeitada. Status={Status}; CorrelationId={CorrelationId}; Motivo={Motivo}", status, correlationId, ex.Message);&#xD;
            context.Response.StatusCode = status;&#xD;
            await context.Response.WriteAsJsonAsync(ApiResponse&lt;object&gt;.Fail(message, correlationId)).ConfigureAwait(false);&#xD;
        }&#xD;
    }&#xD;
}&#xD;
" to contain "ProblemDetails".</Message>
          <StackTrace>   at FluentAssertions.Execution.XUnit2TestFramework.Throw(String message)&#xD;
   at FluentAssertions.Execution.TestFrameworkProvider.Throw(String message)&#xD;
   at FluentAssertions.Execution.DefaultAssertionStrategy.HandleFailure(String message)&#xD;
   at FluentAssertions.Execution.AssertionScope.FailWith(Func`1 failReasonFunc)&#xD;
   at FluentAssertions.Execution.AssertionScope.FailWith(Func`1 failReasonFunc)&#xD;
   at FluentAssertions.Execution.AssertionScope.FailWith(String message, Object[] args)&#xD;
   at FluentAssertions.Primitives.StringAssertions`1.Contain(String expected, String because, Object[] becauseArgs)&#xD;
   at Sigov.ApiTests.AuthPermissionRegressionTests.Api_Deve_Ter_Middleware_De_Erros_Sem_StackTrace_E_Headers_De_Seguranca() in C:\MNSOFT\SIGOV-PLUS\tests\Sigov.ApiTests\AuthPermissionRegressionTests.cs:line 19&#xD;
   at System.Reflection.MethodBaseInvoker.InterpretedInvoke_Method(Object obj, IntPtr* args)&#xD;
   at System.Reflection.MethodBaseInvoker.InvokeWithNoArgs(Object obj, BindingFlags invokeAttr)</StackTrace>
        </ErrorInfo>
      </Output>
    </UnitTestResult>
    <UnitTestResult executionId="3c625596-6a03-4b91-bcbf-b9639b1587f7" testId="d99ab580-6da6-d47b-8478-bb57d0f6cb34" testName="Sigov.ApiTests.AgroApiTests.Agro_Geo_Deve_Expor_Crud_E_Exportacao_GeoJson" computerName="DESKTOP-CK86BSC" duration="00:00:00.0004164" startTime="2026-09-08T18:22:50.9488290-03:00" endTime="2026-09-08T18:22:50.9488290-03:00" testType="13cdc9d9-ddb5-4fa4-a97d-d965ccfc6d4b" outcome="Passed" testListId="8c84fa94-04c1-424b-9868-57a2d4851a1d" relativeResultsDirectory="3c625596-6a03-4b91-bcbf-b9639b1587f7" />
    <UnitTestResult executionId="4fbbc6f3-6484-4741-91d2-26a282fecf01" testId="d3089225-f898-818b-0dbc-06a5ea0c3e96" testName="Sigov.ApiTests.PostBuild06IndustriaTests.Saas_DeveConterModuloPacotesEPermissoesIndustriais" computerName="DESKTOP-CK86BSC" duration="00:00:00.0002991" startTime="2026-09-08T18:22:50.9242153-03:00" endTime="2026-09-08T18:22:50.9242153-03:00" testType="13cdc9d9-ddb5-4fa4-a97d-d965ccfc6d4b" outcome="Passed" testListId="8c84fa94-04c1-424b-9868-57a2d4851a1d" relativeResultsDirectory="4fbbc6f3-6484-4741-91d2-26a282fecf01" />
    <UnitTestResult executionId="2dae168c-99ee-4d6d-85df-9b40499f7d37" testId="8020937d-3193-4ee7-c611-4014bc7cea30" testName="Sigov.ApiTests.PostBuild07FinanceiroIntegradoTests.Apis_financeiras_empresariais_exigem_modulo_e_expoem_fluxos_principais" computerName="DESKTOP-CK86BSC" duration="00:00:00.0003520" startTime="2026-09-08T18:22:51.0951394-03:00" endTime="2026-09-08T18:22:51.0951394-03:00" testType="13cdc9d9-ddb5-4fa4-a97d-d965ccfc6d4b" outcome="Passed" testListId="8c84fa94-04c1-424b-9868-57a2d4851a1d" relativeResultsDirectory="2dae168c-99ee-4d6d-85df-9b40499f7d37" />
    <UnitTestResult executionId="2cade19d-d30d-47d9-b3f2-89d5a7eb791f" testId="74b39d9c-eb2b-7c46-40f4-1fff2cf27f06" testName="Sigov.ApiTests.PostBuild08TributarioAvancadoTests.Permissoes_e_catalogo_saas_do_tributario_avancado_estao_seedados" computerName="DESKTOP-CK86BSC" duration="00:00:00.0022468" startTime="2026-09-08T18:22:51.0989101-03:00" endTime="2026-09-08T18:22:51.0989101-03:00" testType="13cdc9d9-ddb5-4fa4-a97d-d965ccfc6d4b" outcome="Passed" testListId="8c84fa94-04c1-424b-9868-57a2d4851a1d" relativeResultsDirectory="2cade19d-d30d-47d9-b3f2-89d5a7eb791f" />
    <UnitTestResult executionId="e0453987-dafd-43c1-9e46-944e2f4f5880" testId="bdd9e2e9-4b87-55b5-f85b-0cf3c64943d4" testName="Sigov.ApiTests.AuthPermissionRegressionTests.Identificador_De_Login_Deve_Rejeitar_Documento_Ou_Email_Invalido(input: &quot;00.000.000/0000-00&quot;)" computerName="DESKTOP-CK86BSC" duration="00:00:00.0126654" startTime="2026-09-08T18:22:51.0978706-03:00" endTime="2026-09-08T18:22:51.0978707-03:00" testType="13cdc9d9-ddb5-4fa4-a97d-d965ccfc6d4b" outcome="Passed" testListId="8c84fa94-04c1-424b-9868-57a2d4851a1d" relativeResultsDirectory="e0453987-dafd-43c1-9e46-944e2f4f5880" />
    <UnitTestResult executionId="1c6fb59c-80d0-4fb4-9058-ae1ad16c98c2" testId="4fc8c35c-843c-4dd3-03a0-d99ea2bee67a" testName="Sigov.ApiTests.PostBuild09GedOcrAssinaturaAutomacaoTests.Permissoes_e_catalogo_saas_documental_estao_seedados" computerName="DESKTOP-CK86BSC" duration="00:00:00.0016377" startTime="2026-09-08T18:22:51.1146268-03:00" endTime="2026-09-08T18:22:51.1146270-03:00" testType="13cdc9d9-ddb5-4fa4-a97d-d965ccfc6d4b" outcome="Failed" testListId="8c84fa94-04c1-424b-9868-57a2d4851a1d" relativeResultsDirectory="1c6fb59c-80d0-4fb4-9058-ae1ad16c98c2">
      <Output>
        <ErrorInfo>
          <Message>Expected File.ReadAllText(TestRepoPath.Get("src/Sigov.Application/Saas/Modules/ModuleCatalogService.cs")) "namespace Sigov.Application.Saas.Modules;&#xD;
&#xD;
public sealed class ModuleCatalogService : IModuleCatalogService&#xD;
{&#xD;
    private static readonly IReadOnlyList&lt;ModuleCatalogItem&gt; Modules = BuildModules();&#xD;
    private static readonly IReadOnlyList&lt;ModulePackageItem&gt; Packages = BuildPackages();&#xD;
&#xD;
    public IReadOnlyCollection&lt;ModuleCatalogItem&gt; GetModules() =&gt; Modules;&#xD;
&#xD;
    public ModuleCatalogItem? FindByCode(string codigo) =&gt; Modules.FirstOrDefault(module =&gt; string.Equals(module.Codigo, codigo, StringComparison.OrdinalIgnoreCase));&#xD;
&#xD;
    public IReadOnlyCollection&lt;ModulePackageItem&gt; GetPackages() =&gt; Packages;&#xD;
&#xD;
    public ModulePackageItem? FindPackageByCode(string codigo) =&gt; Packages.FirstOrDefault(package =&gt; string.Equals(package.Codigo, codigo, StringComparison.OrdinalIgnoreCase));&#xD;
&#xD;
    private static IReadOnlyList&lt;ModuleCatalogItem&gt; BuildModules()&#xD;
    {&#xD;
        return new[]&#xD;
        {&#xD;
            Module("core", "Core", "Cadastros estruturantes, entidades, exercícios e base operacional.", "Fundação", false, true, Array.Empty&lt;string&gt;()),&#xD;
            Module("seguranca", "Segurança", "Usuários, grupos, perfis, permissões e autenticação.", "Fundação", false, true, new[] { "core" }),&#xD;
            Module("auditoria", "Auditoria", "Trilhas, conformidade e rastreabilidade operacional.", "Governança", false, true, new[] { "core" }),&#xD;
            Module("lgpd", "LGPD", "Privacidade, mascaramento e controle de dados pessoais.", "Governança", false, true, new[] { "core", "auditoria" }),&#xD;
            Module("processos", "Processos Digitais", "Processos, protocolos, movimentações e documentos.", "Administrativo", true, true, new[] { "core", "seguranca" }),&#xD;
            Module("financeiro", "Financeiro", "Orçamento, empenhos, liquidações, pagamentos e receitas.", "Financeiro", true, true, new[] { "core" }),&#xD;
            Module("tributario", "Tributário", "Base parametrizável para arrecadação e cadastros tributários.", "Receita", true, true, new[] { "core" }),&#xD;
            Module("compras", "Compras", "Planejamento de compras, processos e cotações.", "Administrativo", true, true, new[] { "core" }),&#xD;
            Module("contratos", "Contratos", "Contratos, vigências, aditivos e fiscalização.", "Administrativo", true, true, new[] { "core", "compras" }),&#xD;
            Module("almoxarifado", "Almoxarifado", "Materiais, entradas, saídas e estoque.", "Administrativo", true, true, new[] { "core" }),&#xD;
            Module("patrimonio", "Patrimônio", "Bens, tombamento, movimentações e inventário.", "Administrativo", true, true, new[] { "core" }),&#xD;
            Module("frotas", "Frotas", "Veículos, motoristas, abastecimentos e manutenção.", "Operacional", true, true, new[] { "core" }),&#xD;
            Module("obras", "Obras", "Obras, medições, contratos e acompanhamento físico-financeiro.", "Operacional", true, true, new[] { "core" }),&#xD;
            Module("rh", "Recursos Humanos", "Servidores, cargos, lotações, folha e portal.", "Gestão de Pessoas", true, true, new[] { "core" }),&#xD;
            Module("educacao", "Educação", "Escolas, matrículas, turmas e acompanhamento educacional.", "Políticas Públicas", true, true, new[] { "core" }),&#xD;
            Module("saude", "Saúde", "Pacientes, agendas, ACS e serviços de saúde.", "Políticas Públicas", true, true, new[] { "core", "lgpd" }),&#xD;
            Module("saneamento", "Saneamento", "Unidades consumidoras, medições, qualidade e operações.", "Políticas Públicas", true, true, new[] { "core" }),&#xD;
[...]
[18:22:54 INF] Executed action Sigov.Api.Controllers.HealthController.GetVersion (Sigov.Api) in 16.1526ms&#xD;
[18:22:54 INF] Executed endpoint 'Sigov.Api.Controllers.HealthController.GetVersion (Sigov.Api)'&#xD;
[18:22:54 INF] HTTP GET /api/health/version =&gt; 200 em 105ms&#xD;
[18:22:54 INF] Request finished HTTP/1.1 GET http://localhost/api/health/version - 200 null application/json; charset=utf-8 492.579ms&#xD;
[18:22:54 INF] Request starting HTTP/1.1 GET http://localhost/api/ui/modulos/core - null null&#xD;
[18:22:54 INF] Request starting HTTP/1.1 GET http://localhost/api/regras-negocio/Core - null null&#xD;
[xUnit.net 00:00:03.77]       Expected response.StatusCode to be HttpStatusCode.OK {value: 200}, but found HttpStatusCode.BadRequest {value: 400}.&#xD;
[xUnit.net 00:00:03.77]       Stack Trace:&#xD;
[xUnit.net 00:00:03.77]            at FluentAssertions.Execution.XUnit2TestFramework.Throw(String message)&#xD;
[xUnit.net 00:00:03.77]            at FluentAssertions.Execution.TestFrameworkProvider.Throw(String message)&#xD;
[xUnit.net 00:00:03.77]            at FluentAssertions.Execution.DefaultAssertionStrategy.HandleFailure(String message)&#xD;
[xUnit.net 00:00:03.77]            at FluentAssertions.Execution.AssertionScope.FailWith(Func`1 failReasonFunc)&#xD;
[xUnit.net 00:00:03.77]            at FluentAssertions.Execution.AssertionScope.FailWith(Func`1 failReasonFunc)&#xD;
[xUnit.net 00:00:03.77]            at FluentAssertions.Execution.AssertionScope.FailWith(String message, Object[] args)&#xD;
[xUnit.net 00:00:03.77]            at FluentAssertions.Primitives.EnumAssertions`2.Be(TEnum expected, String because, Object[] becauseArgs)&#xD;
[xUnit.net 00:00:03.77]         C:\MNSOFT\SIGOV-PLUS\tests\Sigov.ApiTests\Ui\OnboardingApiTests.cs(20,0): at Sigov.ApiTests.Ui.OnboardingApiTests.Onboarding_Deve_Retornar_Jornada_Padrao()&#xD;
[xUnit.net 00:00:03.77]         --- End of stack trace from previous location ---&#xD;
[xUnit.net 00:00:03.77]       Expected body "{"error":"tenant_not_resolved","message":"Tenant não resolvido pelo host, header de desenvolvimento ou claim autenticada."}" to contain "Usuário obrigatório".&#xD;
[xUnit.net 00:00:03.77]       Stack Trace:&#xD;
[xUnit.net 00:00:03.77]            at FluentAssertions.Execution.XUnit2TestFramework.Throw(String message)&#xD;
[xUnit.net 00:00:03.77]            at FluentAssertions.Execution.TestFrameworkProvider.Throw(String message)&#xD;
[xUnit.net 00:00:03.77]            at FluentAssertions.Execution.DefaultAssertionStrategy.HandleFailure(String message)&#xD;
[xUnit.net 00:00:03.77]            at FluentAssertions.Execution.AssertionScope.FailWith(Func`1 failReasonFunc)&#xD;
[xUnit.net 00:00:03.77]            at FluentAssertions.Execution.AssertionScope.FailWith(Func`1 failReasonFunc)&#xD;
[xUnit.net 00:00:03.77]            at FluentAssertions.Execution.AssertionScope.FailWith(String message, Object[] args)&#xD;
[xUnit.net 00:00:03.77]            at FluentAssertions.Primitives.StringAssertions`1.Contain(String expected, String because, Object[] becauseArgs)&#xD;
[xUnit.net 00:00:03.77]         C:\MNSOFT\SIGOV-PLUS\tests\Sigov.ApiTests\Ui\UserPreferencesApiTests.cs(22,0): at Sigov.ApiTests.Ui.UserPreferencesApiTests.Preferencias_Deve_Exigir_Usuario()&#xD;
[xUnit.net 00:00:03.77]         --- End of stack trace from previous location ---&#xD;
[18:22:54 INF] Application is shutting down...&#xD;
[18:22:54 INF] Application is shutting down...&#xD;
[18:22:54 INF] Application is shutting down...&#xD;
[18:22:54 INF] Application is shutting down...&#xD;
[18:22:54 INF] Executed action Sigov.Api.Controllers.HealthController.GetLive (Sigov.Api) in 38.1005ms&#xD;
[18:22:54 INF] Executed endpoint 'Sigov.Api.Controllers.HealthController.GetLive (Sigov.Api)'&#xD;
[18:22:54 INF] HTTP GET /api/health/live =&gt; 200 em 93ms&#xD;
[18:22:54 INF] Request finished HTTP/1.1 GET http://localhost/api/health/live - 200 null application/json; charset=utf-8 510.8783ms&#xD;
[18:22:54 INF] Executed action Sigov.Api.Controllers.HealthController.Get (Sigov.Api) in 38.9374ms&#xD;
[18:22:54 INF] Executed endpoint 'Sigov.Api.Controllers.HealthController.Get (Sigov.Api)'&#xD;
[18:22:54 INF] HTTP GET /api/health =&gt; 200 em 125ms&#xD;
[18:22:54 INF] Request finished HTTP/1.1 GET http://localhost/api/health - 200 null application/json; charset=utf-8 512.0382ms&#xD;
[18:22:54 INF] Executed action Sigov.Api.Controllers.HealthController.GetLive (Sigov.Api) in 40.0992ms&#xD;
[18:22:54 INF] Executed endpoint 'Sigov.Api.Controllers.HealthController.GetLive (Sigov.Api)'&#xD;
[18:22:54 INF] HTTP GET /api/health/live =&gt; 200 em 126ms&#xD;
[18:22:54 INF] Request finished HTTP/1.1 GET http://localhost/api/health/live - 200 null application/json; charset=utf-8 512.9131ms&#xD;
[18:22:54 INF] Request starting HTTP/1.1 GET http://localhost/api/health/live - null null&#xD;
[18:22:54 INF] Application is shutting down...&#xD;
[18:22:54 INF] Request starting HTTP/1.1 GET http://localhost/api/health/live - null null&#xD;
[18:22:54 INF] Application is shutting down...&#xD;
[18:22:54 INF] Request starting HTTP/1.1 POST http://localhost/api/integracoes/webhooks/receber/dev - application/json; charset=utf-8 65&#xD;
[18:22:54 INF] HTTP GET /api/regras-negocio/Core =&gt; 400 em 0ms&#xD;
[18:22:54 INF] Request finished HTTP/1.1 GET http://localhost/api/regras-negocio/Core - 400 null application/json; charset=utf-8 30.8177ms&#xD;
[18:22:54 INF] HTTP GET /api/ui/modulos/core =&gt; 400 em 0ms&#xD;
[18:22:54 INF] Request finished HTTP/1.1 GET http://localhost/api/ui/modulos/core - 400 null application/json; charset=utf-8 32.4738ms&#xD;
[18:22:54 INF] Application is shutting down...&#xD;
[18:22:54 INF] Application is shutting down...&#xD;
[xUnit.net 00:00:03.79]       Expected listResponse.StatusCode to be HttpStatusCode.OK {value: 200}, but found HttpStatusCode.BadRequest {value: 400}.&#xD;
[xUnit.net 00:00:03.79]       Stack Trace:&#xD;
[xUnit.net 00:00:03.79]            at FluentAssertions.Execution.XUnit2TestFramework.Throw(String message)&#xD;
[xUnit.net 00:00:03.79]            at FluentAssertions.Execution.TestFrameworkProvider.Throw(String message)&#xD;
[xUnit.net 00:00:03.79]            at FluentAssertions.Execution.DefaultAssertionStrategy.HandleFailure(String message)&#xD;
[xUnit.net 00:00:03.79]            at FluentAssertions.Execution.AssertionScope.FailWith(Func`1 failReasonFunc)&#xD;
[xUnit.net 00:00:03.79]            at FluentAssertions.Execution.AssertionScope.FailWith(Func`1 failReasonFunc)&#xD;
[xUnit.net 00:00:03.79]            at FluentAssertions.Execution.AssertionScope.FailWith(String message, Object[] args)&#xD;
[xUnit.net 00:00:03.79]            at FluentAssertions.Primitives.EnumAssertions`2.Be(TEnum expected, String because, Object[] becauseArgs)&#xD;
[xUnit.net 00:00:03.79]         C:\MNSOFT\SIGOV-PLUS\tests\Sigov.ApiTests\Ui\BusinessRulesApiTests.cs(21,0): at Sigov.ApiTests.Ui.BusinessRulesApiTests.Regras_De_Negocio_Deve_Responder_Lista_E_Modulo()&#xD;
[xUnit.net 00:00:03.79]         --- End of stack trace from previous location ---&#xD;
[xUnit.net 00:00:03.79]       Expected listResponse.StatusCode to be HttpStatusCode.OK {value: 200}, but found HttpStatusCode.BadRequest {value: 400}.&#xD;
[xUnit.net 00:00:03.80]       Stack Trace:&#xD;
[xUnit.net 00:00:03.80]            at FluentAssertions.Execution.XUnit2TestFramework.Throw(String message)&#xD;
[xUnit.net 00:00:03.80]            at FluentAssertions.Execution.TestFrameworkProvider.Throw(String message)&#xD;
[xUnit.net 00:00:03.80]            at FluentAssertions.Execution.DefaultAssertionStrategy.HandleFailure(String message)&#xD;
[xUnit.net 00:00:03.80]            at FluentAssertions.Execution.AssertionScope.FailWith(Func`1 failReasonFunc)&#xD;
[xUnit.net 00:00:03.80]            at FluentAssertions.Execution.AssertionScope.FailWith(Func`1 failReasonFunc)&#xD;
[xUnit.net 00:00:03.80]            at FluentAssertions.Execution.AssertionScope.FailWith(String message, Object[] args)&#xD;
[xUnit.net 00:00:03.80]            at FluentAssertions.Primitives.EnumAssertions`2.Be(TEnum expected, String because, Object[] becauseArgs)&#xD;
[xUnit.net 00:00:03.80]         C:\MNSOFT\SIGOV-PLUS\tests\Sigov.ApiTests\Ui\ModuleCatalogApiTests.cs(21,0): at Sigov.ApiTests.Ui.ModuleCatalogApiTests.Catalogo_De_Modulos_Deve_Responder_Rotas_Comerciais()&#xD;
[xUnit.net 00:00:03.80]         --- End of stack trace from previous location ---&#xD;
[18:22:54 INF] Executing endpoint 'Sigov.Api.Controllers.HealthController.GetLive (Sigov.Api)'&#xD;
[18:22:54 INF] Route matched with {action = "GetLive", controller = "Health"}. Executing controller action with signature Microsoft.AspNetCore.Mvc.ActionResult`1[Sigov.Api.Contracts.ApiResponse`1[System.Object]] GetLive() on controller Sigov.Api.Controllers.HealthController (Sigov.Api).&#xD;
[18:22:54 INF] Executing OkObjectResult, writing value of type 'Sigov.Api.Contracts.ApiResponse`1[[System.Object, System.Private.CoreLib, Version=10.0.0.0, Culture=neutral, PublicKeyToken=7cec85d7bea7798e]]'.&#xD;
[18:22:54 INF] Executed action Sigov.Api.Controllers.HealthController.GetLive (Sigov.Api) in 0.7137ms&#xD;
[18:22:54 INF] Executed endpoint 'Sigov.Api.Controllers.HealthController.GetLive (Sigov.Api)'&#xD;
[18:22:54 INF] HTTP GET /api/health/live =&gt; 200 em 1ms&#xD;
[18:22:54 INF] Request finished HTTP/1.1 GET http://localhost/api/health/live - 200 null application/json; charset=utf-8 29.8535ms&#xD;
[18:22:54 INF] Request starting HTTP/1.1 GET http://localhost/api/health/live - null null&#xD;
[18:22:54 INF] Executing endpoint 'Sigov.Api.Controllers.HealthController.GetLive (Sigov.Api)'&#xD;
[18:22:54 INF] Route matched with {action = "GetLive", controller = "Health"}. Executing controller action with signature Microsoft.AspNetCore.Mvc.ActionResult`1[Sigov.Api.Contracts.ApiResponse`1[System.Object]] GetLive() on controller Sigov.Api.Controllers.HealthController (Sigov.Api).&#xD;
[18:22:54 INF] HTTP POST /api/integracoes/webhooks/receber/dev =&gt; 400 em 0ms&#xD;
[18:22:54 INF] Request finished HTTP/1.1 POST http://localhost/api/integracoes/webhooks/receber/dev - 400 null application/json; charset=utf-8 28.9461ms&#xD;
[18:22:54 INF] Application is shutting down...&#xD;
[18:22:54 INF] Executing OkObjectResult, writing value of type 'Sigov.Api.Contracts.ApiResponse`1[[System.Object, System.Private.CoreLib, Version=10.0.0.0, Culture=neutral, PublicKeyToken=7cec85d7bea7798e]]'.&#xD;
[18:22:54 INF] Executed action Sigov.Api.Controllers.HealthController.GetLive (Sigov.Api) in 11.7207ms&#xD;
[18:22:54 INF] Executed endpoint 'Sigov.Api.Controllers.HealthController.GetLive (Sigov.Api)'&#xD;
[18:22:54 INF] HTTP GET /api/health/live =&gt; 200 em 13ms&#xD;
[18:22:54 INF] Request finished HTTP/1.1 GET http://localhost/api/health/live - 200 null application/json; charset=utf-8 14.2233ms&#xD;
[18:22:54 INF] Application is shutting down...&#xD;
[18:22:54 INF] Executing endpoint 'Sigov.Api.Controllers.HealthController.GetLive (Sigov.Api)'&#xD;
[18:22:54 INF] Route matched with {action = "GetLive", controller = "Health"}. Executing controller action with signature Microsoft.AspNetCore.Mvc.ActionResult`1[Sigov.Api.Contracts.ApiResponse`1[System.Object]] GetLive() on controller Sigov.Api.Controllers.HealthController (Sigov.Api).&#xD;
[18:22:54 INF] Executed action Sigov.Api.Controllers.HealthController.GetLive (Sigov.Api) in 3.0903ms&#xD;
[18:22:54 INF] Executed endpoint 'Sigov.Api.Controllers.HealthController.GetLive (Sigov.Api)'&#xD;
[18:22:54 INF] HTTP GET /api/health/live =&gt; 200 em 10ms&#xD;
[18:22:54 INF] Request finished HTTP/1.1 GET http://localhost/api/health/live - 200 null application/json; charset=utf-8 171.7051ms&#xD;
[18:22:54 INF] Request starting HTTP/1.1 GET http://localhost/api/health/version - null null&#xD;
[18:22:54 INF] Executing endpoint 'Sigov.Api.Controllers.HealthController.GetVersion (Sigov.Api)'&#xD;
[18:22:54 INF] Route matched with {action = "GetVersion", controller = "Health"}. Executing controller action with signature Microsoft.AspNetCore.Mvc.ActionResult`1[Sigov.Api.Contracts.ApiResponse`1[System.Object]] GetVersion() on controller Sigov.Api.Controllers.HealthController (Sigov.Api).&#xD;
[18:22:54 INF] Executed action Sigov.Api.Controllers.HealthController.GetVersion (Sigov.Api) in 1.3501ms&#xD;
[18:22:54 INF] Executed endpoint 'Sigov.Api.Controllers.HealthController.GetVersion (Sigov.Api)'&#xD;
[18:22:54 INF] HTTP GET /api/health/version =&gt; 200 em 3ms&#xD;
[18:22:54 INF] Request finished HTTP/1.1 GET http://localhost/api/health/version - 200 null application/json; charset=utf-8 31.4372ms&#xD;
[18:22:54 INF] Request starting HTTP/1.1 GET http://localhost/api/health - null null&#xD;
[18:22:54 INF] Executing endpoint 'Sigov.Api.Controllers.HealthController.Get (Sigov.Api)'&#xD;
[18:22:54 INF] Route matched with {action = "Get", controller = "Health"}. Executing controller action with signature Microsoft.AspNetCore.Mvc.ActionResult`1[Sigov.Api.Contracts.ApiResponse`1[System.Object]] Get() on controller Sigov.Api.Controllers.HealthController (Sigov.Api).&#xD;
[18:22:54 INF] Executed action Sigov.Api.Controllers.HealthController.Get (Sigov.Api) in 4.2065ms&#xD;
[18:22:54 INF] Executed endpoint 'Sigov.Api.Controllers.HealthController.Get (Sigov.Api)'&#xD;
[18:22:54 INF] HTTP GET /api/health =&gt; 200 em 7ms&#xD;
[18:22:54 INF] Request finished HTTP/1.1 GET http://localhost/api/health - 200 null application/json; charset=utf-8 8.6935ms&#xD;
[18:22:54 INF] Request starting HTTP/1.1 GET http://localhost/api/health/version - null null&#xD;
[18:22:54 INF] Executing endpoint 'Sigov.Api.Controllers.HealthController.GetVersion (Sigov.Api)'&#xD;
[18:22:54 INF] Route matched with {action = "GetVersion", controller = "Health"}. Executing controller action with signature Microsoft.AspNetCore.Mvc.ActionResult`1[Sigov.Api.Contracts.ApiResponse`1[System.Object]] GetVersion() on controller Sigov.Api.Controllers.HealthController (Sigov.Api).&#xD;
[18:22:54 INF] Executed action Sigov.Api.Controllers.HealthController.GetVersion (Sigov.Api) in 0.6476ms&#xD;
[18:22:54 INF] Executed endpoint 'Sigov.Api.Controllers.HealthController.GetVersion (Sigov.Api)'&#xD;
[18:22:54 INF] HTTP GET /api/health/version =&gt; 200 em 1ms&#xD;
[18:22:54 INF] Request finished HTTP/1.1 GET http://localhost/api/health/version - 200 null application/json; charset=utf-8 1.3876ms&#xD;
[18:22:54 INF] Request starting HTTP/1.1 GET http://localhost/swagger/v1/swagger.json - null null&#xD;
[18:22:55 INF] HTTP GET /swagger/v1/swagger.json =&gt; 200 em 925ms&#xD;
[18:22:55 INF] Request finished HTTP/1.1 GET http://localhost/swagger/v1/swagger.json - 200 null application/json;charset=utf-8 929.2363ms&#xD;
[18:22:55 INF] Application is shutting down...&#xD;
[xUnit.net 00:00:05.03]   Finished:    Sigov.ApiTests&#xD;
</StdOut>
    </Output>
    <RunInfos>
      <RunInfo computerName="DESKTOP-CK86BSC" outcome="Error" timestamp="2026-09-08T18:22:50.9590178-03:00">
        <Text>[xUnit.net 00:00:00.30]     Sigov.ApiTests.PosRc02RealFlowStaticTests.ApiV1_Deve_Exigir_Key_Tenant_E_Escopo_Com_Log_Sem_Token_Claro [FAIL]</Text>
      </RunInfo>
      <RunInfo computerName="DESKTOP-CK86BSC" outcome="Error" timestamp="2026-09-08T18:22:51.0247020-03:00">
        <Text>[xUnit.net 00:00:00.38]     Sigov.ApiTests.AuthPermissionRegressionTests.Api_Deve_Ter_Middleware_De_Erros_Sem_StackTrace_E_Headers_De_Seguranca [FAIL]</Text>
      </RunInfo>
      <RunInfo computerName="DESKTOP-CK86BSC" outcome="Error" timestamp="2026-09-08T18:22:51.0265146-03:00">
        <Text>[xUnit.net 00:00:00.38]     Sigov.ApiTests.PostBuild07FinanceiroIntegradoTests.Telas_menu_docs_e_demo_foram_entregues [FAIL]</Text>
      </RunInfo>
      <RunInfo computerName="DESKTOP-CK86BSC" outcome="Error" timestamp="2026-09-08T18:22:51.0497944-03:00">
        <Text>[xUnit.net 00:00:00.40]     Sigov.ApiTests.SegurancaApiTests.Menu_Deve_Ter_Rotas_De_Seguranca [FAIL]</Text>
      </RunInfo>
      <RunInfo computerName="DESKTOP-CK86BSC" outcome="Error" timestamp="2026-09-08T18:22:51.0614067-03:00">
        <Text>[xUnit.net 00:00:00.41]     Sigov.ApiTests.PostBuild05ComercioTests.Catalogo_menu_docs_e_script_expoem_varejo_atacado_pdv_caixa_e_financeiro [FAIL]</Text>
      </RunInfo>
      <RunInfo computerName="DESKTOP-CK86BSC" outcome="Error" timestamp="2026-09-08T18:22:51.0758097-03:00">
        <Text>[xUnit.net 00:00:00.43]     Sigov.ApiTests.PosRc07StaticContractTests.EnvExampleAndDockerComposeUseSigovDefaults [FAIL]</Text>
      </RunInfo>
      <RunInfo computerName="DESKTOP-CK86BSC" outcome="Error" timestamp="2026-09-08T18:22:51.0828480-03:00">
        <Text>[xUnit.net 00:00:00.43]     Sigov.ApiTests.AgroParte6ApiTests.Controllers_Definem_Endpoints_Privados_E_Publicos [FAIL]</Text>
      </RunInfo>
      <RunInfo computerName="DESKTOP-CK86BSC" outcome="Error" timestamp="2026-09-08T18:22:51.0978117-03:00">
        <Text>[xUnit.net 00:00:00.45]     Sigov.ApiTests.PosRc07StaticContractTests.GoLiveCheckCiSmokeSeedAndPackageContractsArePresent [FAIL]</Text>
      </RunInfo>
      <RunInfo computerName="DESKTOP-CK86BSC" outcome="Error" timestamp="2026-09-08T18:22:51.0979185-03:00">
        <Text>[xUnit.net 00:00:00.45]     Sigov.ApiTests.PosRc06StaticTests.Ci_Deve_Conter_Jobs_E_Validar_OutboxEvento [FAIL]</Text>
      </RunInfo>
      <RunInfo computerName="DESKTOP-CK86BSC" outcome="Error" timestamp="2026-09-08T18:22:51.0985090-03:00">
        <Text>[xUnit.net 00:00:00.45]     Sigov.ApiTests.PosRc06StaticTests.SchemaReport_Smoke_Seed_E_Package_Devem_Cobrir_Correcoes_PosRc06 [FAIL]</Text>
      </RunInfo>
      <RunInfo computerName="DESKTOP-CK86BSC" outcome="Error" timestamp="2026-09-08T18:22:51.0998845-03:00">
        <Text>[xUnit.net 00:00:00.45]     Sigov.ApiTests.PostBuild08TributarioAvancadoTests.Telas_docs_e_demo_do_tributario_avancado_foram_entregues [FAIL]</Text>
      </RunInfo>
      <RunInfo computerName="DESKTOP-CK86BSC" outcome="Error" timestamp="2026-09-08T18:22:51.1031425-03:00">
        <Text>[xUnit.net 00:00:00.45]     Sigov.ApiTests.PostBuild09GedOcrAssinaturaAutomacaoTests.Telas_demo_e_documentacao_do_modulo_documental_foram_entregues [FAIL]</Text>
      </RunInfo>
      <RunInfo computerName="DESKTOP-CK86BSC" outcome="Error" timestamp="2026-09-08T18:22:51.1099949-03:00">
        <Text>[xUnit.net 00:00:00.46]     Sigov.ApiTests.PostBuild09GedOcrAssinaturaAutomacaoTests.Permissoes_e_catalogo_saas_documental_estao_seedados [FAIL]</Text>
      </RunInfo>
      <RunInfo computerName="DESKTOP-CK86BSC" outcome="Error" timestamp="2026-09-08T18:22:51.8675242-03:00">
        <Text>[xUnit.net 00:00:01.22]     Sigov.ApiTests.PostBuild01RegressionTests.PosBuild01_Deve_Ter_Seed_Admin_E_Auditoria_Idempotente [FAIL]</Text>
      </RunInfo>
      <RunInfo computerName="DESKTOP-CK86BSC" outcome="Error" timestamp="2026-09-08T18:22:54.4152138-03:00">
        <Text>[xUnit.net 00:00:03.77]     Sigov.ApiTests.Ui.OnboardingApiTests.Onboarding_Deve_Retornar_Jornada_Padrao [FAIL]</Text>
      </RunInfo>
      <RunInfo computerName="DESKTOP-CK86BSC" outcome="Error" timestamp="2026-09-08T18:22:54.4168290-03:00">
        <Text>[xUnit.net 00:00:03.77]     Sigov.ApiTests.Ui.UserPreferencesApiTests.Preferencias_Deve_Exigir_Usuario [FAIL]</Text>
      </RunInfo>
      <RunInfo computerName="DESKTOP-CK86BSC" outcome="Error" timestamp="2026-09-08T18:22:54.4410813-03:00">
        <Text>[xUnit.net 00:00:03.79]     Sigov.ApiTests.Ui.BusinessRulesApiTests.Regras_De_Negocio_Deve_Responder_Lista_E_Modulo [FAIL]</Text>
      </RunInfo>
      <RunInfo computerName="DESKTOP-CK86BSC" outcome="Error" timestamp="2026-09-08T18:22:54.4419064-03:00">
        <Text>[xUnit.net 00:00:03.79]     Sigov.ApiTests.Ui.ModuleCatalogApiTests.Catalogo_De_Modulos_Deve_Responder_Rotas_Comerciais [FAIL]</Text>
      </RunInfo>
    </RunInfos>
  </ResultSummary>
</TestRun>