<?xml version="1.0" encoding="utf-8"?>
<TestRun id="7abebaeb-72f3-43e2-9e07-9ccc36ec55af" name="NCELL-DEV-020@DESKTOP-CK86BSC 2026-09-08 18:16:47" runUser="DESKTOP-CK86BSC\NCELL-DEV-020" xmlns="http://microsoft.com/schemas/VisualStudio/TeamTest/2010">
  <Times creation="2026-09-08T18:16:47.9082014-03:00" queuing="2026-09-08T18:16:47.9082020-03:00" start="2026-09-08T18:16:46.8447533-03:00" finish="2026-09-08T18:16:51.9742480-03:00" />
  <TestSettings name="default" id="a4f61c45-fec0-4abd-97cf-d0701486995e">
    <Deployment runDeploymentRoot="NCELL-DEV-020_DESKTOP-CK86BSC_2026-09-08_18_16_47" />
  </TestSettings>
  <Results>
    <UnitTestResult executionId="76cdbfda-0afb-4e49-9c1e-218684887361" testId="4abebeb0-eebf-85d5-8127-775dd58053f8" testName="Sigov.ApiTests.PosRc02RealFlowStaticTests.Smoke_Deve_Cobrir_Rotas_Web_E_Api_V1_Reais" computerName="DESKTOP-CK86BSC" duration="00:00:00.0010975" startTime="2026-09-08T18:16:47.9172539-03:00" endTime="2026-09-08T18:16:47.9172539-03:00" testType="13cdc9d9-ddb5-4fa4-a97d-d965ccfc6d4b" outcome="Passed" testListId="8c84fa94-04c1-424b-9868-57a2d4851a1d" relativeResultsDirectory="76cdbfda-0afb-4e49-9c1e-218684887361" />
    <UnitTestResult executionId="38875247-3d0d-4375-8a10-ffedff8a86b2" testId="4b2d9041-c369-d866-cd36-c06533afa475" testName="Sigov.ApiTests.ModuleAccessRegressionTests.RequireModule_E_RequireFeature_Devem_Bloquear_Acesso_Nao_Contratado" computerName="DESKTOP-CK86BSC" duration="00:00:00.0007995" startTime="2026-09-08T18:16:47.8650984-03:00" endTime="2026-09-08T18:16:47.8650985-03:00" testType="13cdc9d9-ddb5-4fa4-a97d-d965ccfc6d4b" outcome="Passed" testListId="8c84fa94-04c1-424b-9868-57a2d4851a1d" relativeResultsDirectory="38875247-3d0d-4375-8a10-ffedff8a86b2" />
    <UnitTestResult executionId="fecd2903-615c-41eb-bcb1-fa1eda89a411" testId="a1ccd3eb-ead0-6ee0-722c-b6d92f2a7252" testName="Sigov.ApiTests.ApiContractRegressionTests.PublicHealthEndpoints_Deve_Retornar_ApiResponse_Sem_Autenticacao(path: &quot;/api/health/live&quot;, expectedStatus: OK)" computerName="DESKTOP-CK86BSC" duration="00:00:00.0592959" startTime="2026-09-08T18:16:51.7828462-03:00" endTime="2026-09-08T18:16:51.7828466-03:00" testType="13cdc9d9-ddb5-4fa4-a97d-d965ccfc6d4b" outcome="Failed" testListId="8c84fa94-04c1-424b-9868-57a2d4851a1d" relativeResultsDirectory="fecd2903-615c-41eb-bcb1-fa1eda89a411">
      <Output>
        <ErrorInfo>
          <Message>Expected response.StatusCode to be HttpStatusCode.OK {value: 200}, but found HttpStatusCode.InternalServerError {value: 500}.</Message>
          <StackTrace>   at FluentAssertions.Execution.XUnit2TestFramework.Throw(String message)&#xD;
   at FluentAssertions.Execution.TestFrameworkProvider.Throw(String message)&#xD;
   at FluentAssertions.Execution.DefaultAssertionStrategy.HandleFailure(String message)&#xD;
   at FluentAssertions.Execution.AssertionScope.FailWith(Func`1 failReasonFunc)&#xD;
   at FluentAssertions.Execution.AssertionScope.FailWith(Func`1 failReasonFunc)&#xD;
   at FluentAssertions.Execution.AssertionScope.FailWith(String message, Object[] args)&#xD;
   at FluentAssertions.Primitives.EnumAssertions`2.Be(TEnum expected, String because, Object[] becauseArgs)&#xD;
   at Sigov.ApiTests.ApiContractRegressionTests.PublicHealthEndpoints_Deve_Retornar_ApiResponse_Sem_Autenticacao(String path, HttpStatusCode expectedStatus) in C:\MNSOFT\SIGOV-PLUS\tests\Sigov.ApiTests\ApiContractRegressionTests.cs:line 29&#xD;
--- End of stack trace from previous location ---</StackTrace>
        </ErrorInfo>
      </Output>
    </UnitTestResult>
    <UnitTestResult executionId="fb5e6f4b-43a9-4c44-844f-0c7d450d00ee" testId="e7af6f43-c06e-303f-d57e-66d5c8035922" testName="Sigov.ApiTests.PosRc07StaticContractTests.EnvExampleAndDockerComposeUseSigovDefaults" computerName="DESKTOP-CK86BSC" duration="00:00:00.0018203" startTime="2026-09-08T18:16:48.0891295-03:00" endTime="2026-09-08T18:16:48.0891306-03:00" testType="13cdc9d9-ddb5-4fa4-a97d-d965ccfc6d4b" outcome="Failed" testListId="8c84fa94-04c1-424b-9868-57a2d4851a1d" relativeResultsDirectory="fb5e6f4b-43a9-4c44-844f-0c7d450d00ee">
      <Output>
        <ErrorInfo>
          <Message>Expected env "# Copie para .env e injete a credencial somente no ambiente local/secret store.&#xD;
# Contrato único consumido pela aplicação e pelos gates:&#xD;
ConnectionStrings__DefaultConnection=Host=localhost;Port=5432;Database=sigov;Username=sigov;Password=&lt;injetar-localmente&gt;;Search Path=sigov;Application Name=sigov.local&#xD;
&#xD;
APP_ENVIRONMENT=Development&#xD;
APP_HTTP_PORT=8080&#xD;
APP_API_HTTP_PORT=5001&#xD;
APP_HTTPS_PORT=8443&#xD;
APP_STORAGE_PATH=/app/storage&#xD;
DATABASE_VALIDATE_SCHEMA_ON_STARTUP=true&#xD;
DATABASE_FAIL_FAST_ON_INVALID_SCHEMA=false&#xD;
DATABASE_DISABLE_WORKERS_WHEN_SCHEMA_INVALID=true&#xD;
SIGOV_MIGRATION_MODE=Disabled&#xD;
SIGOV_RUN_MIGRATIONS=false&#xD;
SIGOV_RUN_WORKER=false&#xD;
" to contain "POSTGRES_DB=sigov".</Message>
          <StackTrace>   at FluentAssertions.Execution.XUnit2TestFramework.Throw(String message)&#xD;
   at FluentAssertions.Execution.TestFrameworkProvider.Throw(String message)&#xD;
   at FluentAssertions.Execution.DefaultAssertionStrategy.HandleFailure(String message)&#xD;
   at FluentAssertions.Execution.AssertionScope.FailWith(Func`1 failReasonFunc)&#xD;
   at FluentAssertions.Execution.AssertionScope.FailWith(Func`1 failReasonFunc)&#xD;
   at FluentAssertions.Execution.AssertionScope.FailWith(String message, Object[] args)&#xD;
   at FluentAssertions.Primitives.StringAssertions`1.Contain(String expected, String because, Object[] becauseArgs)&#xD;
   at Sigov.ApiTests.PosRc07StaticContractTests.EnvExampleAndDockerComposeUseSigovDefaults() in C:\MNSOFT\SIGOV-PLUS\tests\Sigov.ApiTests\PosRc07StaticContractTests.cs:line 15&#xD;
   at System.Reflection.MethodBaseInvoker.InterpretedInvoke_Method(Object obj, IntPtr* args)&#xD;
   at System.Reflection.MethodBaseInvoker.InvokeWithNoArgs(Object obj, BindingFlags invokeAttr)</StackTrace>
        </ErrorInfo>
      </Output>
    </UnitTestResult>
    <UnitTestResult executionId="cb2e5bd8-69c0-4ba1-a152-d20d0ba4e03d" testId="710313a1-28ea-07ea-4054-97ab19640d65" testName="Sigov.ApiTests.CorePessoasApiTests.Pessoas_Api_Deve_Preservar_Rotas_Rest" computerName="DESKTOP-CK86BSC" duration="00:00:00.0004775" startTime="2026-09-08T18:16:47.9180540-03:00" endTime="2026-09-08T18:16:47.9180541-03:00" testType="13cdc9d9-ddb5-4fa4-a97d-d965ccfc6d4b" outcome="Passed" testListId="8c84fa94-04c1-424b-9868-57a2d4851a1d" relativeResultsDirectory="cb2e5bd8-69c0-4ba1-a152-d20d0ba4e03d" />
    <UnitTestResult executionId="1d3a4d63-7284-4f90-92c2-97ab19f27fe1" testId="61e09d59-1972-38b8-2b38-99ef468fb33c" testName="Sigov.ApiTests.ApiContractRegressionTests.Rotas_De_Integracoes_Devem_Resolver_Para_Uma_Unica_Action(path: &quot;api/governanca-transversal/integracoes-internas&quot;, expectedController: typeof(Sigov.Api.Controllers.GovernancaTransversalController), expectedAction: &quot;Integracoes&quot;)" computerName="DESKTOP-CK86BSC" duration="00:00:00.0036494" startTime="2026-09-08T18:16:51.8385990-03:00" endTime="2026-09-08T18:16:51.8385995-03:00" testType="13cdc9d9-ddb5-4fa4-a97d-d965ccfc6d4b" outcome="Passed" testListId="8c84fa94-04c1-424b-9868-57a2d4851a1d" relativeResultsDirectory="1d3a4d63-7284-4f90-92c2-97ab19f27fe1" />
    <UnitTestResult executionId="95e07371-7bda-41f6-b6ff-7891aea41f0b" testId="bbef0524-ae42-9913-86e9-b7b796cf3435" testName="Sigov.ApiTests.PostBuild05ComercioTests.Catalogo_menu_docs_e_script_expoem_varejo_atacado_pdv_caixa_e_financeiro" computerName="DESKTOP-CK86BSC" duration="00:00:00.1805790" startTime="2026-09-08T18:16:48.0176080-03:00" endTime="2026-09-08T18:16:48.0176083-03:00" testType="13cdc9d9-ddb5-4fa4-a97d-d965ccfc6d4b" outcome="Failed" testListId="8c84fa94-04c1-424b-9868-57a2d4851a1d" relativeResultsDirectory="95e07371-7bda-41f6-b6ff-7891aea41f0b">
      <Output>
        <ErrorInfo>
          <Message>Expected Sidebar "@inject Sigov.Web.Services.IMenuPermissionService MenuPermissions&#xD;
@{&#xD;
  var path = Context.Request.Path.Value ?? string.Empty;&#xD;
  Func&lt;string, string&gt; active = url =&gt; path.StartsWith(url, StringComparison.OrdinalIgnoreCase) ? " active" : string.Empty;&#xD;
  Func&lt;string[], string&gt; opened = urls =&gt; urls.Any(url =&gt; path.StartsWith(url, StringComparison.OrdinalIgnoreCase)) ? "open" : string.Empty;
  var claims = User.Claims.Where(c =&gt; c.Type is "permission" or "permissions" or "scope").SelectMany(c =&gt; c.Value.Split(new[]{' ',',',';'}, StringSplitOptions.RemoveEmptyEntries | StringSplitOptions.TrimEntries)).ToArray();
  Func&lt;string, bool&gt; hasPermission = permission =&gt; claims.Contains(permission, StringComparer.OrdinalIgnoreCase);
  Func&lt;string, bool&gt; hasModule = module =&gt; User.Claims.Any(c =&gt; c.Type == "module" &amp;&amp; string.Equals(c.Value, module, StringComparison.OrdinalIgnoreCase));
  var canSeeEnterprisePurchasing = User.IsInRole("ADMIN_GERAL") || User.IsInRole("ADMIN_TENANT") || claims.Contains("compras_empresariais.dashboard.visualizar", StringComparer.OrdinalIgnoreCase);
  var canSeeSecurity = MenuPermissions.CanSeeModule(User, "seguranca");
  var canSeeAudit = MenuPermissions.CanSeeModule(User, "auditoria-lgpd");
  var canSeeGovernanca = User.IsInRole("ADMIN_GERAL") || User.IsInRole("ADMIN_TENANT") || User.IsInRole("ADMINISTRADOR_GERAL") || User.IsInRole("AUDITOR") || claims.Any(c =&gt; c.StartsWith("governanca.", StringComparison.OrdinalIgnoreCase));
  var canSeeIndustry = hasModule("industria_producao") &amp;&amp; hasModule("core") &amp;&amp; hasModule("estoque_compras") &amp;&amp; claims.Any(c =&gt; c.StartsWith("industria.", StringComparison.OrdinalIgnoreCase));
  var canSeeAnyEnterprise = canSeeIndustry || new[] { "comercial", "ordem_servico", "estoque_compras", "manutencao_industrial" }.Any(codigo =&gt; MenuPermissions.CanSeeModule(User, codigo));
  var globalRoles = new[] { "ADMINISTRADOR_GERAL", "SIGOV_ADMIN", "SUPER_ADMIN", "SUPERADMIN", "ADMIN_GERAL" };
  var isGlobalAdmin = User.Claims.Where(c =&gt; c.Type == System.Security.Claims.ClaimTypes.Role).Any(c =&gt; globalRoles.Contains(c.Value, StringComparer.OrdinalIgnoreCase));
  var hasTenantContext = User.Claims.Any(c =&gt; c.Type == "tenant_id" &amp;&amp; long.TryParse(c.Value, out var tenantId) &amp;&amp; tenantId &gt; 0);
}&#xD;
&lt;div class="sigov-sidebar-backdrop" data-sigov-sidebar-close&gt;&lt;/div&gt;&#xD;
&lt;aside id="sigovSidebar" class="sigov-sidebar" aria-label="Menu principal"&gt;&#xD;
  &lt;div class="sigov-sidebar__header"&gt;&#xD;
    &lt;span class="sigov-sidebar__eyebrow"&gt;Workspace&lt;/span&gt;&lt;strong&gt;Menu SIGOV+&lt;/strong&gt;&#xD;
    &lt;label class="visually-hidden" for="sigovMenuFilter"&gt;Filtrar menu&lt;/label&gt;&#xD;
    &lt;div class="sigov-sidebar__filter"&gt;&lt;sigov-icon name="search" size="16" /&gt;&lt;input id="sigovMenuFilter" type="search" placeholder="Filtrar menu" data-sigov-menu-filter /&gt;&lt;/div&gt;&#xD;
  &lt;/div&gt;&#xD;
  &lt;nav class="sigov-sidebar__nav" data-sigov-menu&gt;&#xD;
    &lt;details class="sigov-nav-group" open&gt;&lt;summary&gt;&lt;sigov-icon name="home" size="16" /&gt;Início&lt;/summary&gt;&#xD;
      &lt;a class="sigov-nav-link@(active("/MinhaCentral"))" href="/MinhaCentral" data-favorite-key="Minha Central"&gt;&lt;sigov-icon name="home" size="18"/&gt;&lt;span&gt;Minha Central&lt;/span&gt;&lt;button type="button" class="sigov-favorite-toggle" aria-label="Favoritar Minha Central"&gt;★&lt;/button&gt;&lt;/a&gt;&#xD;
      &lt;a class="sigov-nav-link@(active("/Dashboard"))" href="/Dashboard" data-favorite-key="Dashboard"&gt;&lt;sigov-icon name="dashboard" size="18"/&gt;&lt;span&gt;Dashboard&lt;/span&gt;&lt;button type="button" class="sigov-favorite-toggle" aria-label="Favoritar Dashboard"&gt;★&lt;/button&gt;&lt;/a&gt;&#xD;
      &lt;a class="sigov-nav-link@(active("/Notificacoes"))" href="/Notificacoes"&gt;&lt;sigov-icon name="notifications" size="18"/&gt;&lt;span&gt;Notificações&lt;/span&gt;&lt;/a&gt;&#xD;
      &lt;a class="sigov-nav-link@(active("/GovernancaOperacional"))" href="/GovernancaOperacional"&gt;&lt;sigov-icon name="dashboard" size="18"/&gt;&lt;span&gt;Governança Operacional&lt;/span&gt;&lt;/a&gt;&#xD;
      @if (canSeeGovernanca) {&#xD;
      &lt;a class="sigov-nav-link@(active("/Pendencias"))" href="/Pendencias"&gt;&lt;sigov-icon name="workflow" size="18"/&gt;&lt;span&gt;Pendências&lt;/span&gt;&lt;/a&gt;&#xD;
      &lt;a class="sigov-nav-link@(active("/Alertas"))" href="/Alertas"&gt;&lt;sigov-icon name="notifications" size="18"/&gt;&lt;span&gt;Alertas&lt;/span&gt;&lt;/a&gt;&#xD;
      &lt;a class="sigov-nav-link@(active("/IntegracoesInternas"))" href="/IntegracoesInternas"&gt;&lt;sigov-icon name="sync" size="18"/&gt;&lt;span&gt;Integrações Internas&lt;/span&gt;&lt;/a&gt;&#xD;
      &lt;a class="sigov-nav-link@(active("/QualidadeDados"))" href="/QualidadeDados"&gt;&lt;sigov-icon name="audit" size="18"/&gt;&lt;span&gt;Qualidade de Dados&lt;/span&gt;&lt;/a&gt;&#xD;
      &lt;a class="sigov-nav-link@(active("/Modulos/StatusFuncional"))" href="/Modulos/StatusFuncional"&gt;&lt;sigov-icon name="dashboard" size="18"/&gt;&lt;span&gt;Status funcional&lt;/span&gt;&lt;/a&gt;&#xD;
      }&#xD;
      &lt;a class="sigov-nav-link@(active("/BuscaGlobal"))" href="/BuscaGlobal"&gt;&lt;sigov-icon name="search" size="18"/&gt;&lt;span&gt;Busca Global&lt;/span&gt;&lt;/a&gt;&#xD;
    &lt;/details&gt;
    @if (canSeeIndustry) {
    &lt;details class="sigov-nav-group" @opened(new[]{"/Industria"})&gt;&lt;summary&gt;&lt;sigov-icon name="industry" size="16" /&gt;Indústria 360&lt;/summary&gt;
      @if (hasPermission("industria.dashboard.visualizar")) {
      &lt;a class="sigov-nav-link@(active("/Industria/Dashboard"))" href="/Industria/Dashboard"&gt;&lt;sigov-icon name="dashboard" size="18"/&gt;&lt;span&gt;Dashboard&lt;/span&gt;&lt;/a&gt;
      }
      @if (hasPermission("industria.centros.visualizar")) {
      &lt;a class="sigov-nav-link@(active("/Industria/CentrosTrabalho"))" href="/Industria/CentrosTrabalho"&gt;&lt;span&gt;Centros de trabalho&lt;/span&gt;&lt;/a&gt;
      }
      @if (hasPermission("industria.recursos.visualizar")) {
      &lt;a class="sigov-nav-link@(active("/Industria/Recursos"))" href="/Industria/Recursos"&gt;&lt;span&gt;Recursos&lt;/span&gt;&lt;/a&gt;
      }
      @if (hasPermission("industria.produtos.visualizar")) {
      &lt;a class="sigov-nav-link@(active("/Industria/Produtos"))" href="/Industria/Produtos"&gt;&lt;span&gt;Produtos&lt;/span&gt;&lt;/a&gt;
      }
      @if (hasPermission("industria.fichas.visualizar")) {
      &lt;a class="sigov-nav-link@(active("/Industria/FichasTecnicas"))" href="/Industria/FichasTecnicas"&gt;&lt;span&gt;Fichas técnicas&lt;/span&gt;&lt;/a&gt;
      }
      @if (hasPermission("industria.roteiros.visualizar")) {
      &lt;a class="sigov-nav-link@(active("/Industria/Roteiros"))" href="/Industria/Roteiros"&gt;&lt;span&gt;Roteiros&lt;/span&gt;&lt;/a&gt;
      }
      @if (hasPermission("industria.ordens.visualizar")) {
      &lt;a class="sigov-nav-link@(active("/Industria/OrdensProducao"))" href="/Industria/OrdensProducao"&gt;&lt;span&gt;Ordens de produção&lt;/span&gt;&lt;/a&gt;
      &lt;a class="sigov-nav-link@(active("/Industria/Apontamentos"))" href="/Industria/Apontamentos"&gt;&lt;span&gt;Apontamentos&lt;/span&gt;&lt;/a&gt;
      }
      @if (hasPermission("industria.chao_fabrica.acessar")) {
      &lt;a class="sigov-nav-link@(active("/Industria/ChaoFabrica"))" href="/Industria/ChaoFabrica"&gt;&lt;span&gt;Chão de fábrica&lt;/span&gt;&lt;/a&gt;
      }
      @if (hasPermission("industria.qualidade.visualizar")) {
      &lt;a class="sigov-nav-link@(active("/Industria/Qualidade"))" href="/Industria/Qualidade"&gt;&lt;span&gt;Qualidade&lt;/span&gt;&lt;/a&gt;
      }
      @if (hasPermission("industria.paradas.visualizar")) {
      &lt;a class="sigov-nav-link@(active("/Industria/Paradas"))" href="/Industria/Paradas"&gt;&lt;span&gt;Paradas&lt;/span&gt;&lt;/a&gt;
      }
      @if (hasPermission("industria.custos.visualizar")) {
      &lt;a class="sigov-nav-link@(active("/Industria/Custos"))" href="/Industria/Custos"&gt;&lt;span&gt;Custos&lt;/span&gt;&lt;/a&gt;
      }
    &lt;/details&gt;
    }
    @if (isGlobalAdmin &amp;&amp; !hasTenantContext) {
    &lt;details class="sigov-nav-group" @opened(new[]{"/SaasAdmin"})&gt;&lt;summary&gt;&lt;sigov-icon name="settings" size="16" /&gt;Administração SaaS&lt;/summary&gt;
      &lt;a class="sigov-nav-link@(active("/SaasAdmin/Dashboard"))" href="/SaasAdmin/Dashboard"&gt;&lt;span&gt;Visão geral&lt;/span&gt;&lt;/a&gt;
      &lt;a class="sigov-nav-link@(active("/SaasAdmin/Tenants"))" href="/SaasAdmin/Tenants"&gt;&lt;span&gt;Organizações&lt;/span&gt;&lt;/a&gt;
      &lt;a class="sigov-nav-link@(active("/SaasAdmin/Autorizacao"))" href="/SaasAdmin/Autorizacao"&gt;&lt;span&gt;Perfis e permissões&lt;/span&gt;&lt;/a&gt;
      &lt;a class="sigov-nav-link@(active("/SaasAdmin/Planos"))" href="/SaasAdmin/Planos"&gt;&lt;span&gt;Planos&lt;/span&gt;&lt;/a&gt;
      &lt;a class="sigov-nav-link@(active("/SaasAdmin/Modulos"))" href="/SaasAdmin/Modulos"&gt;&lt;span&gt;Módulos&lt;/span&gt;&lt;/a&gt;
      &lt;a class="sigov-nav-link@(active("/SaasAdmin/Assinaturas"))" href="/SaasAdmin/Assinaturas"&gt;&lt;span&gt;Assinaturas&lt;/span&gt;&lt;/a&gt;
      &lt;a class="sigov-nav-link@(active("/SaasAdmin/Uso"))" href="/SaasAdmin/Uso"&gt;&lt;span&gt;Uso e limites&lt;/span&gt;&lt;/a&gt;
    &lt;/details&gt;
    }
    &lt;details class="sigov-nav-group" @opened(new[]{"/Convenios"})&gt;&lt;summary&gt;&lt;sigov-icon name="finance" size="16" /&gt;Convênios e Emendas&lt;/summary&gt;&#xD;
      &lt;a class="sigov-nav-link@(active("/Convenios"))" href="/Convenios/Dashboard"&gt;&lt;sigov-icon name="dashboard" size="18"/&gt;&lt;span&gt;Dashboard&lt;/span&gt;&lt;/a&gt;&#xD;
      &lt;a class="sigov-nav-link" href="/Convenios/Instrumentos"&gt;&lt;span&gt;Instrumentos&lt;/span&gt;&lt;/a&gt;&lt;a class="sigov-nav-link" href="/Convenios/Projetos"&gt;&lt;span&gt;Projetos&lt;/span&gt;&lt;/a&gt;&lt;a class="sigov-nav-link" href="/Convenios/PrestacoesContas"&gt;&lt;span&gt;Prestação de contas&lt;/span&gt;&lt;/a&gt;&lt;a class="sigov-nav-link" href="/Convenios/Relatorios"&gt;&lt;span&gt;Relatórios&lt;/span&gt;&lt;/a&gt;&#xD;
    &lt;/details&gt;&#xD;
    &lt;details class="sigov-nav-group" @opened(new[]{"/Defesa"})&gt;&lt;summary&gt;&lt;sigov-icon name="services" size="16" /&gt;Defesa Civil e Guarda&lt;/summary&gt;&#xD;
      &lt;a class="sigov-nav-link@(active("/Defesa"))" href="/Defesa/Dashboard"&gt;&lt;sigov-icon name="dashboard" size="18"/&gt;&lt;span&gt;Dashboard operacional&lt;/span&gt;&lt;/a&gt;&#xD;
      &lt;a class="sigov-nav-link" href="/Defesa/Ocorrencias"&gt;&lt;span&gt;Ocorrências&lt;/span&gt;&lt;/a&gt;&lt;a class="sigov-nav-link" href="/Defesa/Acionamentos"&gt;&lt;span&gt;Acionamentos&lt;/span&gt;&lt;/a&gt;&lt;a class="sigov-nav-link" href="/Defesa/Rondas"&gt;&lt;span&gt;Rondas&lt;/span&gt;&lt;/a&gt;&lt;a class="sigov-nav-link" href="/Defesa/Relatorios"&gt;&lt;span&gt;Relatórios&lt;/span&gt;&lt;/a&gt;&#xD;
    &lt;/details&gt;&#xD;
    &lt;details class="sigov-nav-group" @opened(new[]{"/Transito"})&gt;&lt;summary&gt;&lt;sigov-icon name="services" size="16" /&gt;Trânsito e Mobilidade&lt;/summary&gt;&#xD;
      &lt;a class="sigov-nav-link@(active("/Transito"))" href="/Transito/Dashboard"&gt;&lt;sigov-icon name="dashboard" size="18"/&gt;&lt;span&gt;Dashboard de Trânsito&lt;/span&gt;&lt;/a&gt;&#xD;
      &lt;a class="sigov-nav-link" href="/Transito/Autos"&gt;&lt;span&gt;Autos e notificações&lt;/span&gt;&lt;/a&gt;&lt;a class="sigov-nav-link" href="/Transito/Ocorrencias"&gt;&lt;span&gt;Fiscalização&lt;/span&gt;&lt;/a&gt;&lt;a class="sigov-nav-link" href="/Transito/Linhas"&gt;&lt;span&gt;Transporte urbano&lt;/span&gt;&lt;/a&gt;&lt;a class="sigov-nav-link" href="/Transito/Relatorios"&gt;&lt;span&gt;Relatórios&lt;/span&gt;&lt;/a&gt;&#xD;
    &lt;/details&gt;&#xD;
    &lt;details class="sigov-nav-group" @opened(new[]{"/Educacao/Secretaria","/Educacao/Diario","/Educacao/Portal"})&gt;&lt;summary&gt;&lt;sigov-icon name="education" size="16" /&gt;Educação • Bloco 3&lt;/summary&gt;&#xD;
      &lt;a class="sigov-nav-link@(active("/Educacao/Secretaria"))" href="/Educacao/Secretaria"&gt;&lt;sigov-icon name="dashboard" size="18"/&gt;&lt;span&gt;Secretaria Escolar&lt;/span&gt;&lt;/a&gt;&#xD;
      &lt;a class="sigov-nav-link@(active("/Educacao/DocumentosEscolares"))" href="/Educacao/DocumentosEscolares"&gt;&lt;sigov-icon name="documents" size="18"/&gt;&lt;span&gt;Documentos Escolares&lt;/span&gt;&lt;/a&gt;&#xD;
      &lt;a class="sigov-nav-link@(active("/Educacao/SolicitacoesEscolares"))" href="/Educacao/SolicitacoesEscolares"&gt;&lt;sigov-icon name="workflow" size="18"/&gt;&lt;span&gt;Solicitações Escolares&lt;/span&gt;&lt;/a&gt;&#xD;
      &lt;a class="sigov-nav-link@(active("/Educacao/PendenciasDocumentais"))" href="/Educacao/PendenciasDocumentais"&gt;&lt;sigov-icon name="notifications" size="18"/&gt;&lt;span&gt;Pendências Documentais&lt;/span&gt;&lt;/a&gt;&#xD;
      &lt;a class="sigov-nav-link@(active("/Educacao/Transferencias"))" href="/Educacao/Transferencias"&gt;&lt;sigov-icon name="sync" size="18"/&gt;&lt;span&gt;Transferências&lt;/span&gt;&lt;/a&gt;&#xD;
      &lt;a class="sigov-nav-link@(active("/Educacao/Ocorrencias"))" href="/Educacao/Ocorrencias"&gt;&lt;sigov-icon name="audit" size="18"/&gt;&lt;span&gt;Ocorrências&lt;/span&gt;&lt;/a&gt;&#xD;
      &lt;a class="sigov-nav-link@(active("/Educacao/DiarioClasse"))" href="/Educacao/DiarioClasse"&gt;&lt;sigov-icon name="documents" size="18"/&gt;&lt;span&gt;Diário de Classe&lt;/span&gt;&lt;/a&gt;&#xD;
      &lt;a class="sigov-nav-link@(active("/Educacao/DiarioFrequencia"))" href="/Educacao/DiarioFrequencia"&gt;&lt;sigov-icon name="active" size="18"/&gt;&lt;span&gt;Frequência do Diário&lt;/span&gt;&lt;/a&gt;&#xD;
      &lt;a class="sigov-nav-link@(active("/Educacao/DiarioConteudo"))" href="/Educacao/DiarioConteudo"&gt;&lt;sigov-icon name="education" size="18"/&gt;&lt;span&gt;Conteúdo Ministrado&lt;/span&gt;&lt;/a&gt;&#xD;
      &lt;a class="sigov-nav-link@(active("/Educacao/DiarioPendencias"))" href="/Educacao/DiarioPendencias"&gt;&lt;sigov-icon name="notifications" size="18"/&gt;&lt;span&gt;Pendências do Diário&lt;/span&gt;&lt;/a&gt;&#xD;
      &lt;a class="sigov-nav-link@(active("/Educacao/PortalResponsavel"))" href="/Educacao/PortalResponsavel"&gt;&lt;sigov-icon name="users" size="18"/&gt;&lt;span&gt;Portal Responsável&lt;/span&gt;&lt;/a&gt;&#xD;
      &lt;a class="sigov-nav-link@(active("/Educacao/PortalAluno"))" href="/Educacao/PortalAluno"&gt;&lt;sigov-icon name="home" size="18"/&gt;&lt;span&gt;Portal Aluno&lt;/span&gt;&lt;/a&gt;&#xD;
      &lt;a class="sigov-nav-link@(active("/Educacao/PortalBoletim"))" href="/Educacao/PortalBoletim"&gt;&lt;sigov-icon name="documents" size="18"/&gt;&lt;span&gt;Boletim&lt;/span&gt;&lt;/a&gt;&#xD;
      &lt;a class="sigov-nav-link@(active("/Educacao/PortalComunicados"))" href="/Educacao/PortalComunicados"&gt;&lt;sigov-icon name="notifications" size="18"/&gt;&lt;span&gt;Comunicados&lt;/span&gt;&lt;/a&gt;&#xD;
      &lt;a class="sigov-nav-link@(active("/Educacao/PortalSolicitacoes"))" href="/Educacao/PortalSolicitacoes"&gt;&lt;sigov-icon name="workflow" size="18"/&gt;&lt;span&gt;Solicitações do Portal&lt;/span&gt;&lt;/a&gt;&#xD;
      &lt;a class="sigov-nav-link@(active("/Educacao/PortalAdminVinculos"))" href="/Educacao/PortalAdminVinculos"&gt;&lt;sigov-icon name="shield" size="18"/&gt;&lt;span&gt;Administração de Vínculos&lt;/span&gt;&lt;/a&gt;&#xD;
    &lt;/details&gt;&#xD;
    &lt;details class="sigov-nav-group" @opened(new[]{"/Educacao/TransporteEscolar","/Educacao/Merenda","/Educacao/Biblioteca","/Educacao/Indicadores"})&gt;&lt;summary&gt;&lt;sigov-icon name="education" size="16" /&gt;Educação avançada&lt;/summary&gt;&#xD;
      &lt;a class="sigov-nav-link@(active("/Educacao/TransporteEscolar"))" href="/Educacao/TransporteEscolar/Dashboard"&gt;&lt;sigov-icon name="sync" size="18"/&gt;&lt;span&gt;Transporte Escolar&lt;/span&gt;&lt;/a&gt;&#xD;
      &lt;a class="sigov-nav-link@(active("/Educacao/TransporteEscolar/Rotas"))" href="/Educacao/TransporteEscolar/Rotas"&gt;&lt;sigov-icon name="workflow" size="18"/&gt;&lt;span&gt;Rotas&lt;/span&gt;&lt;/a&gt;&#xD;
      &lt;a class="sigov-nav-link@(active("/Educacao/TransporteEscolar/Viagens"))" href="/Educacao/TransporteEscolar/Viagens"&gt;&lt;sigov-icon name="active" size="18"/&gt;&lt;span&gt;Viagens&lt;/span&gt;&lt;/a&gt;&#xD;
      &lt;a class="sigov-nav-link@(active("/Educacao/Merenda"))" href="/Educacao/Merenda/Dashboard"&gt;&lt;sigov-icon name="dashboard" size="18"/&gt;&lt;span&gt;Merenda&lt;/span&gt;&lt;/a&gt;&#xD;
      &lt;a class="sigov-nav-link@(active("/Educacao/Merenda/Cardapios"))" href="/Educacao/Merenda/Cardapios"&gt;&lt;sigov-icon name="documents" size="18"/&gt;&lt;span&gt;Cardápios&lt;/span&gt;&lt;/a&gt;&#xD;
      &lt;a class="sigov-nav-link@(active("/Educacao/Merenda/Estoque"))" href="/Educacao/Merenda/Estoque"&gt;&lt;sigov-icon name="archive" size="18"/&gt;&lt;span&gt;Estoque Merenda&lt;/span&gt;&lt;/a&gt;&#xD;
      &lt;a class="sigov-nav-link@(active("/Educacao/Biblioteca"))" href="/Educacao/Biblioteca/Dashboard"&gt;&lt;sigov-icon name="documents" size="18"/&gt;&lt;span&gt;Biblioteca Digital&lt;/span&gt;&lt;/a&gt;&#xD;
      &lt;a class="sigov-nav-link@(active("/Educacao/Biblioteca/Emprestimos"))" href="/Educacao/Biblioteca/Emprestimos"&gt;&lt;sigov-icon name="workflow" size="18"/&gt;&lt;span&gt;Empréstimos&lt;/span&gt;&lt;/a&gt;&#xD;
      &lt;a class="sigov-nav-link@(active("/Educacao/Indicadores/Dashboard"))" href="/Educacao/Indicadores/Dashboard"&gt;&lt;sigov-icon name="dashboard" size="18"/&gt;&lt;span&gt;Indicadores Educacionais&lt;/span&gt;&lt;/a&gt;&#xD;
      &lt;a class="sigov-nav-link@(active("/Educacao/Indicadores/Fundeb"))" href="/Educacao/Indicadores/Fundeb"&gt;&lt;sigov-icon name="finance" size="18"/&gt;&lt;span&gt;FUNDEB preparatório&lt;/span&gt;&lt;/a&gt;&#xD;
      &lt;a class="sigov-nav-link@(active("/Educacao/Indicadores/Custos"))" href="/Educacao/Indicadores/Custos"&gt;&lt;sigov-icon name="dashboard" size="18"/&gt;&lt;span&gt;Custos Educacionais&lt;/span&gt;&lt;/a&gt;&#xD;
      &lt;a class="sigov-nav-link@(active("/Educacao/Indicadores/Educacenso"))" href="/Educacao/Indicadores/Educacenso"&gt;&lt;sigov-icon name="audit" size="18"/&gt;&lt;span&gt;Educacenso Preparatório&lt;/span&gt;&lt;/a&gt;&#xD;
      &lt;a class="sigov-nav-link@(active("/Educacao/Indicadores/Relatorios"))" href="/Educacao/Indicadores/Relatorios"&gt;&lt;sigov-icon name="documents" size="18"/&gt;&lt;span&gt;Relatórios Educação&lt;/span&gt;&lt;/a&gt;&#xD;
    &lt;/details&gt;&#xD;
    &lt;details class="sigov-nav-group" @opened(new[]{"/RH/Ponto","/RH/Ferias","/RH/Afastamento","/RH/Portal"})&gt;&lt;summary&gt;&lt;sigov-icon name="users" size="16" /&gt;RH • Bloco 2&lt;/summary&gt;&#xD;
      &lt;a class="sigov-nav-link@(active("/RH/PontoDashboard"))" href="/RH/PontoDashboard"&gt;&lt;sigov-icon name="active" size="18"/&gt;&lt;span&gt;Dashboard Ponto&lt;/span&gt;&lt;/a&gt;&#xD;
      &lt;a class="sigov-nav-link@(active("/RH/PontoJornadas"))" href="/RH/PontoJornadas"&gt;&lt;sigov-icon name="settings" size="18"/&gt;&lt;span&gt;Jornadas e Escalas&lt;/span&gt;&lt;/a&gt;&#xD;
      &lt;a class="sigov-nav-link@(active("/RH/PontoRegistros"))" href="/RH/PontoRegistros"&gt;&lt;sigov-icon name="audit" size="18"/&gt;&lt;span&gt;Registros e Apuração&lt;/span&gt;&lt;/a&gt;&#xD;
      &lt;a class="sigov-nav-link@(active("/RH/PontoEspelho"))" href="/RH/PontoEspelho"&gt;&lt;sigov-icon name="documents" size="18"/&gt;&lt;span&gt;Espelho de Ponto&lt;/span&gt;&lt;/a&gt;&#xD;
      &lt;a class="sigov-nav-link@(active("/RH/FeriasDashboard"))" href="/RH/FeriasDashboard"&gt;&lt;sigov-icon name="dashboard" size="18"/&gt;&lt;span&gt;Férias e Afastamentos&lt;/span&gt;&lt;/a&gt;&#xD;
      &lt;a class="sigov-nav-link@(active("/RH/FeriasProgramacao"))" href="/RH/FeriasProgramacao"&gt;&lt;sigov-icon name="workflow" size="18"/&gt;&lt;span&gt;Programação e Aprovações&lt;/span&gt;&lt;/a&gt;&#xD;
      &lt;a class="sigov-nav-link@(active("/RH/Portal"))" href="/RH/Portal"&gt;&lt;sigov-icon name="home" size="18"/&gt;&lt;span&gt;Meu Portal&lt;/span&gt;&lt;/a&gt;&#xD;
      &lt;a class="sigov-nav-link@(active("/RH/PortalSolicitacoes"))" href="/RH/PortalSolicitacoes"&gt;&lt;sigov-icon name="notifications" size="18"/&gt;&lt;span&gt;Solicitações e Mensagens&lt;/span&gt;&lt;/a&gt;&#xD;
      &lt;a class="sigov-nav-link@(active("/RH/PortalAdminSolicitacoes"))" href="/RH/PortalAdminSolicitacoes"&gt;&lt;sigov-icon name="shield" size="18"/&gt;&lt;span&gt;Administração do Portal&lt;/span&gt;&lt;/a&gt;&#xD;
    &lt;/details&gt;&#xD;
    &lt;details class="sigov-nav-group" @opened(new[]{"/Financeiro","/Tributario","/Compras","/Contratos"})&gt;&lt;summary&gt;&lt;sigov-icon name="finance" size="16" /&gt;Financeiro / SIAFIC&lt;/summary&gt;&#xD;
      &lt;a class="sigov-nav-link@(active("/Financeiro/Dashboard"))" href="/Financeiro/Dashboard"&gt;&lt;sigov-icon name="dashboard" size="18"/&gt;&lt;span&gt;Dashboard Financeiro&lt;/span&gt;&lt;/a&gt;&#xD;
      &lt;a class="sigov-nav-link@(active("/Financeiro/OrcamentoDespesa"))" href="/Financeiro/OrcamentoDespesa"&gt;&lt;sigov-icon name="finance" size="18"/&gt;&lt;span&gt;Dotações e saldos&lt;/span&gt;&lt;/a&gt;&#xD;
      &lt;a class="sigov-nav-link@(active("/Financeiro/Empenhos"))" href="/Financeiro/Empenhos"&gt;&lt;sigov-icon name="documents" size="18"/&gt;&lt;span&gt;Empenhos&lt;/span&gt;&lt;/a&gt;&#xD;
      &lt;a class="sigov-nav-link@(active("/Financeiro/Liquidacoes"))" href="/Financeiro/Liquidacoes"&gt;&lt;sigov-icon name="workflow" size="18"/&gt;&lt;span&gt;Liquidações&lt;/span&gt;&lt;/a&gt;&#xD;
      &lt;a class="sigov-nav-link@(active("/Financeiro/Pagamentos"))" href="/Financeiro/Pagamentos"&gt;&lt;sigov-icon name="finance" size="18"/&gt;&lt;span&gt;Pagamentos&lt;/span&gt;&lt;/a&gt;&#xD;
      &lt;a class="sigov-nav-link@(active("/Tributario/Dashboard"))" href="/Tributario/Dashboard"&gt;&lt;sigov-icon name="dashboard" size="18"/&gt;&lt;span&gt;Dashboard Tributário&lt;/span&gt;&lt;/a&gt;&#xD;
      &lt;a class="sigov-nav-link@(active("/Tributario/Contribuintes"))" href="/Tributario/Contribuintes"&gt;&lt;sigov-icon name="users" size="18"/&gt;&lt;span&gt;Contribuintes&lt;/span&gt;&lt;/a&gt;&#xD;
      &lt;a class="sigov-nav-link@(active("/Tributario/Lancamentos"))" href="/Tributario/Lancamentos"&gt;&lt;sigov-icon name="tax" size="18"/&gt;&lt;span&gt;Lançamentos&lt;/span&gt;&lt;/a&gt;&#xD;
      &lt;a class="sigov-nav-link@(active("/Tributario/Parcelamentos"))" href="/Tributario/Parcelamentos"&gt;&lt;sigov-icon name="finance" size="18"/&gt;&lt;span&gt;Parcelamentos&lt;/span&gt;&lt;/a&gt;&#xD;
      &lt;a class="sigov-nav-link@(active("/Tributario/DividaAtiva"))" href="/Tributario/DividaAtiva"&gt;&lt;sigov-icon name="documents" size="18"/&gt;&lt;span&gt;Dívida Ativa&lt;/span&gt;&lt;/a&gt;&#xD;
      &lt;a class="sigov-nav-link@(active("/Tributario/CarnesBoletos"))" href="/Tributario/CarnesBoletos/Dashboard"&gt;&lt;sigov-icon name="documents" size="18"/&gt;&lt;span&gt;Carnês e Boletos&lt;/span&gt;&lt;/a&gt;&#xD;
      &lt;a class="sigov-nav-link@(active("/Tributario/CarnesBoletos/Producao"))" href="/Tributario/CarnesBoletos/Producao"&gt;&lt;sigov-icon name="workflow" size="18"/&gt;&lt;span&gt;Produção de Carnês&lt;/span&gt;&lt;/a&gt;&#xD;
      &lt;a class="sigov-nav-link@(active("/Tributario/CarnesBoletos/Entregas"))" href="/Tributario/CarnesBoletos/Entregas"&gt;&lt;sigov-icon name="services" size="18"/&gt;&lt;span&gt;Entrega de Carnês&lt;/span&gt;&lt;/a&gt;&#xD;
      &lt;a class="sigov-nav-link@(active("/PortalContribuinte"))" href="/PortalContribuinte"&gt;&lt;sigov-icon name="users" size="18"/&gt;&lt;span&gt;Portal do Contribuinte&lt;/span&gt;&lt;/a&gt;&#xD;
      &lt;a class="sigov-nav-link@(active("/Tributario/Fiscalizacao"))" href="/Tributario/Fiscalizacao/Dashboard"&gt;&lt;sigov-icon name="shield" size="18"/&gt;&lt;span&gt;Fiscalização ISSQN&lt;/span&gt;&lt;/a&gt;&#xD;
      &lt;a class="sigov-nav-link@(active("/Tributario/Fiscalizacao/AutosInfracao"))" href="/Tributario/Fiscalizacao/AutosInfracao"&gt;&lt;sigov-icon name="tax" size="18"/&gt;&lt;span&gt;Autos de Infração&lt;/span&gt;&lt;/a&gt;&#xD;
      &lt;a class="sigov-nav-link@(active("/Tributario/Fiscalizacao/SimplesDivergencias"))" href="/Tributario/Fiscalizacao/SimplesDivergencias"&gt;&lt;sigov-icon name="workflow" size="18"/&gt;&lt;span&gt;Simples Nacional Preparatório&lt;/span&gt;&lt;/a&gt;&#xD;
      &lt;a class="sigov-nav-link@(active("/Tributario/Nfse"))" href="/Tributario/Nfse/Dashboard"&gt;&lt;sigov-icon name="documents" size="18"/&gt;&lt;span&gt;NFS-e Preparatória&lt;/span&gt;&lt;/a&gt;&#xD;
      &lt;a class="sigov-nav-link@(active("/Tributario/Nfse/LivroEletronico"))" href="/Tributario/Nfse/LivroEletronico"&gt;&lt;sigov-icon name="documents" size="18"/&gt;&lt;span&gt;Livro Eletrônico&lt;/span&gt;&lt;/a&gt;&#xD;
      &lt;a class="sigov-nav-link@(active("/Tributario/Nfse/Desif"))" href="/Tributario/Nfse/Desif"&gt;&lt;sigov-icon name="finance" size="18"/&gt;&lt;span&gt;DES-IF Preparatório&lt;/span&gt;&lt;/a&gt;&#xD;
      &lt;a class="sigov-nav-link@(active("/Compras"))" href="/Compras/Dashboard"&gt;&lt;sigov-icon name="cart" size="18"/&gt;&lt;span&gt;Compras&lt;/span&gt;&lt;/a&gt;&#xD;
      &lt;a class="sigov-nav-link@(active("/Contratos"))" href="/Contratos/Dashboard"&gt;&lt;sigov-icon name="documents" size="18"/&gt;&lt;span&gt;Contratos&lt;/span&gt;&lt;/a&gt;&#xD;
    &lt;/details&gt;&#xD;
    &lt;details class="sigov-nav-group" @opened(new[]{"/RelatoriosExecutivos"})&gt;&lt;summary&gt;&lt;sigov-icon name="dashboard" size="16" /&gt;Relatórios Executivos&lt;/summary&gt;&#xD;
      &lt;a class="sigov-nav-link@(active("/RelatoriosExecutivos/Dashboard"))" href="/RelatoriosExecutivos/Dashboard"&gt;&lt;sigov-icon name="dashboard" size="18"/&gt;&lt;span&gt;Dashboard Executivo&lt;/span&gt;&lt;/a&gt;&#xD;
      &lt;a class="sigov-nav-link@(active("/RelatoriosExecutivos/Financeiro"))" href="/RelatoriosExecutivos/Financeiro"&gt;&lt;sigov-icon name="finance" size="18"/&gt;&lt;span&gt;Financeiro&lt;/span&gt;&lt;/a&gt;&#xD;
      &lt;a class="sigov-nav-link@(active("/RelatoriosExecutivos/Tributario"))" href="/RelatoriosExecutivos/Tributario"&gt;&lt;sigov-icon name="tax" size="18"/&gt;&lt;span&gt;Tributário&lt;/span&gt;&lt;/a&gt;&#xD;
      &lt;a class="sigov-nav-link@(active("/RelatoriosExecutivos/RhFolha"))" href="/RelatoriosExecutivos/RhFolha"&gt;&lt;sigov-icon name="users" size="18"/&gt;&lt;span&gt;RH / Folha agregado&lt;/span&gt;&lt;/a&gt;&#xD;
      &lt;a class="sigov-nav-link@(active("/RelatoriosExecutivos/Educacao"))" href="/RelatoriosExecutivos/Educacao"&gt;&lt;sigov-icon name="education" size="18"/&gt;&lt;span&gt;Educação agregada&lt;/span&gt;&lt;/a&gt;&#xD;
    &lt;/details&gt;&#xD;
    &lt;details class="sigov-nav-group" @opened(new[]{"/Rh","/Educacao","/Saude","/Saneamento","/Social","/AssistenciaSocial","/Habitacao","/Agro"})&gt;&lt;summary&gt;&lt;sigov-icon name="services" size="16" /&gt;Serviços públicos&lt;/summary&gt;&#xD;
      &lt;a class="sigov-nav-link@(active("/Rh"))" href="/Rh/Dashboard"&gt;&lt;sigov-icon name="users" size="18"/&gt;&lt;span&gt;Recursos Humanos&lt;/span&gt;&lt;/a&gt;&#xD;
      &lt;a class="sigov-nav-link@(active("/Educacao"))" href="/Educacao/Dashboard"&gt;&lt;sigov-icon name="education" size="18"/&gt;&lt;span&gt;Educação&lt;/span&gt;&lt;/a&gt;&#xD;
      &lt;a class="sigov-nav-link@(active("/Educacao/GestaoExecutiva"))" href="/Educacao/GestaoExecutiva"&gt;&lt;sigov-icon name="dashboard" size="18"/&gt;&lt;span&gt;Educação Executiva&lt;/span&gt;&lt;/a&gt;&#xD;
      &lt;a class="sigov-nav-link@(active("/RH/GestaoExecutiva"))" href="/RH/GestaoExecutiva"&gt;&lt;sigov-icon name="dashboard" size="18"/&gt;&lt;span&gt;RH Executivo&lt;/span&gt;&lt;/a&gt;&#xD;
      &lt;a class="sigov-nav-link@(active("/RH/FolhaGestaoExecutiva"))" href="/RH/FolhaGestaoExecutiva"&gt;&lt;sigov-icon name="finance" size="18"/&gt;&lt;span&gt;Folha Executiva&lt;/span&gt;&lt;/a&gt;&#xD;
      &lt;a class="sigov-nav-link@(active("/Workflows/MinhasTarefas"))" href="/Workflows/MinhasTarefas"&gt;&lt;sigov-icon name="workflow" size="18"/&gt;&lt;span&gt;Minhas tarefas&lt;/span&gt;&lt;/a&gt;&#xD;
      &lt;a class="sigov-nav-link@(active("/Saude"))" href="/Saude/Dashboard"&gt;&lt;sigov-icon name="health" size="18"/&gt;&lt;span&gt;Saúde&lt;/span&gt;&lt;/a&gt;&#xD;
      &lt;div class="sigov-nav-subgroup" aria-label="Saúde Avançada"&gt;&#xD;
        &lt;a class="sigov-nav-link@(active("/Saude/AcsOffline"))" href="/Saude/AcsOffline/Dashboard"&gt;&lt;span&gt;ACS Offline&lt;/span&gt;&lt;/a&gt;&#xD;
        &lt;a class="sigov-nav-link@(active("/Saude/AcsCampo"))" href="/Saude/AcsCampo/Dashboard"&gt;&lt;span&gt;Cadastros e visitas&lt;/span&gt;&lt;/a&gt;&#xD;
        &lt;a class="sigov-nav-link@(active("/Saude/Operacao"))" href="/Saude/Operacao/Dashboard"&gt;&lt;span&gt;Operação assistencial&lt;/span&gt;&lt;/a&gt;&#xD;
        &lt;a class="sigov-nav-link@(active("/Saude/Vacinacao"))" href="/Saude/Vacinacao/Pendencias"&gt;&lt;span&gt;Vacinação&lt;/span&gt;&lt;/a&gt;&#xD;
        &lt;a class="sigov-nav-link@(active("/Saude/Farmacia"))" href="/Saude/Farmacia/Estoque"&gt;&lt;span&gt;Farmácia&lt;/span&gt;&lt;/a&gt;&#xD;
        &lt;a class="sigov-nav-link@(active("/Saude/Regulacao"))" href="/Saude/Regulacao/Fila"&gt;&lt;span&gt;Regulação&lt;/span&gt;&lt;/a&gt;&#xD;
        &lt;a class="sigov-nav-link@(active("/Saude/Retaguarda"))" href="/Saude/Retaguarda/Dashboard"&gt;&lt;span&gt;Retaguarda ACS&lt;/span&gt;&lt;/a&gt;&#xD;
        &lt;a class="sigov-nav-link@(active("/Saude/Esus"))" href="/Saude/Esus/Lotes"&gt;&lt;span&gt;e-SUS preparatório&lt;/span&gt;&lt;/a&gt;&#xD;
        &lt;a class="sigov-nav-link@(active("/Saude/Suporte"))" href="/Saude/Suporte/Chamados"&gt;&lt;span&gt;SLA / Suporte&lt;/span&gt;&lt;/a&gt;&#xD;
      &lt;/div&gt;&#xD;
      &lt;a class="sigov-nav-link@(active("/Saneamento"))" href="/Saneamento/Dashboard"&gt;&lt;sigov-icon name="water" size="18"/&gt;&lt;span&gt;Dashboard Saneamento&lt;/span&gt;&lt;/a&gt;&#xD;
      &lt;a class="sigov-nav-link@(active("/Saneamento/Comercial"))" href="/Saneamento/Clientes"&gt;&lt;sigov-icon name="users" size="18"/&gt;&lt;span&gt;Consumidores e ligações&lt;/span&gt;&lt;/a&gt;&#xD;
      &lt;a class="sigov-nav-link@(active("/Saneamento/Hidrometros"))" href="/Saneamento/Hidrometros"&gt;&lt;sigov-icon name="water" size="18"/&gt;&lt;span&gt;Hidrômetros&lt;/span&gt;&lt;/a&gt;&#xD;
      &lt;a class="sigov-nav-link@(active("/Saneamento/Faturamento"))" href="/Saneamento/Faturamento"&gt;&lt;sigov-icon name="finance" size="18"/&gt;&lt;span&gt;Leitura e faturamento&lt;/span&gt;&lt;/a&gt;&#xD;
      &lt;a class="sigov-nav-link@(active("/Saneamento/Operacao"))" href="/Saneamento/OrdensServico"&gt;&lt;sigov-icon name="services" size="18"/&gt;&lt;span&gt;Operação de campo&lt;/span&gt;&lt;/a&gt;&#xD;
      &lt;a class="sigov-nav-link@(active("/Saneamento/GisQualidade"))" href="/Saneamento/GisQualidade/Dashboard"&gt;&lt;sigov-icon name="map" size="18"/&gt;&lt;span&gt;GIS e qualidade&lt;/span&gt;&lt;/a&gt;&#xD;
      &lt;a class="sigov-nav-link@(active("/AssistenciaSocial"))" href="/AssistenciaSocial/Dashboard"&gt;&lt;sigov-icon name="users" size="18"/&gt;&lt;span&gt;Assistência Social&lt;/span&gt;&lt;/a&gt;&#xD;
      &lt;a class="sigov-nav-link@(active("/Habitacao"))" href="/Habitacao/Dashboard"&gt;&lt;sigov-icon name="home" size="18"/&gt;&lt;span&gt;Habitação&lt;/span&gt;&lt;/a&gt;&#xD;
      &lt;a class="sigov-nav-link@(active("/Agro"))" href="/Agro"&gt;&lt;sigov-icon name="industry" size="18"/&gt;&lt;span&gt;Agro&lt;/span&gt;&lt;/a&gt;&#xD;
      &lt;a class="sigov-nav-link@(active("/Agro/Produtores"))" href="/Agro/Produtores"&gt;&lt;span&gt;Produtores rurais&lt;/span&gt;&lt;/a&gt;&#xD;
      &lt;a class="sigov-nav-link@(active("/Agro/Propriedades"))" href="/Agro/Propriedades"&gt;&lt;span&gt;Propriedades&lt;/span&gt;&lt;/a&gt;&#xD;
      &lt;a class="sigov-nav-link@(active("/Agro/AssistenciaTecnica"))" href="/Agro/AssistenciaTecnica"&gt;&lt;span&gt;Assistência técnica&lt;/span&gt;&lt;/a&gt;&#xD;
      &lt;a class="sigov-nav-link@(active("/Agro/Programas"))" href="/Agro/Programas"&gt;&lt;span&gt;Programas rurais&lt;/span&gt;&lt;/a&gt;&#xD;
      &lt;a class="sigov-nav-link@(active("/Agro/Patrulha"))" href="/Agro/Patrulha"&gt;&lt;span&gt;Patrulha mecanizada&lt;/span&gt;&lt;/a&gt;&#xD;
      &lt;a class="sigov-nav-link@(active("/Agro/Relatorios"))" href="/Agro/Relatorios"&gt;&lt;span&gt;Relatórios Agro&lt;/span&gt;&lt;/a&gt;&#xD;
    &lt;/details&gt;&#xD;
    &lt;details class="sigov-nav-group" @opened(new[]{"/Juridico","/Protocolo","/Ged","/Workflow","/Assinaturas"})&gt;&lt;summary&gt;&lt;sigov-icon name="protocol" size="16" /&gt;Administração&lt;/summary&gt;&#xD;
      &lt;a class="sigov-nav-link@(active("/Juridico"))" href="/Juridico/Dashboard"&gt;&lt;sigov-icon name="documents" size="18"/&gt;&lt;span&gt;Jurídico / Procuradoria&lt;/span&gt;&lt;/a&gt;&#xD;
      &lt;a class="sigov-nav-link@(active("/Protocolo"))" href="/Protocolo" data-favorite-key="Protocolo"&gt;&lt;sigov-icon name="protocol" size="18"/&gt;&lt;span&gt;Protocolo&lt;/span&gt;&lt;button type="button" class="sigov-favorite-toggle" aria-label="Favoritar Protocolo"&gt;★&lt;/button&gt;&lt;/a&gt;&#xD;
      &lt;a class="sigov-nav-link@(active("/Ged"))" href="/Ged/Dashboard" data-favorite-key="GED/OCR"&gt;&lt;sigov-icon name="documents" size="18"/&gt;&lt;span&gt;GED/OCR&lt;/span&gt;&lt;button type="button" class="sigov-favorite-toggle" aria-label="Favoritar GED"&gt;★&lt;/button&gt;&lt;/a&gt;&#xD;
      &lt;a class="sigov-nav-link@(active("/Patrimonio"))" href="/Patrimonio"&gt;&lt;sigov-icon name="services" size="18"/&gt;&lt;span&gt;Patrimônio&lt;/span&gt;&lt;/a&gt;&#xD;
      &lt;a class="sigov-nav-link@(active("/Obras"))" href="/Obras"&gt;&lt;sigov-icon name="services" size="18"/&gt;&lt;span&gt;Obras Públicas&lt;/span&gt;&lt;/a&gt;&#xD;
      &lt;a class="sigov-nav-link@(active("/MeioAmbiente"))" href="/MeioAmbiente"&gt;&lt;sigov-icon name="services" size="18"/&gt;&lt;span&gt;Meio Ambiente&lt;/span&gt;&lt;/a&gt;&#xD;
      &lt;a class="sigov-nav-link@(active("/AtendimentoCidadao"))" href="/AtendimentoCidadao"&gt;&lt;sigov-icon name="services" size="18"/&gt;&lt;span&gt;Atendimento ao Cidadão&lt;/span&gt;&lt;/a&gt;&#xD;
      &lt;a class="sigov-nav-link@(active("/Almoxarifado"))" href="/Almoxarifado"&gt;&lt;sigov-icon name="commercial" size="18"/&gt;&lt;span&gt;Almoxarifado&lt;/span&gt;&lt;/a&gt;&#xD;
      &lt;a class="sigov-nav-link@(active("/Compras"))" href="/Compras"&gt;&lt;sigov-icon name="commercial" size="18"/&gt;&lt;span&gt;Compras públicas&lt;/span&gt;&lt;/a&gt;&#xD;
    &lt;/details&gt;&#xD;
    &lt;details class="sigov-nav-group" @opened(new[]{"/ProcessosDigitais","/ProtocoloExterno"})&gt;&lt;summary&gt;&lt;sigov-icon name="protocol" size="16" /&gt;Processos Digitais&lt;/summary&gt;&#xD;
      &lt;a class="sigov-nav-link@(active("/ProcessosDigitais/Dashboard"))" href="/ProcessosDigitais/Dashboard"&gt;Dashboard Processos&lt;/a&gt;&lt;a class="sigov-nav-link@(active("/ProcessosDigitais/Novo"))" href="/ProcessosDigitais/Novo"&gt;Novo Processo&lt;/a&gt;&lt;a class="sigov-nav-link@(active("/ProcessosDigitais/Prazos"))" href="/ProcessosDigitais/Prazos"&gt;Prazos&lt;/a&gt;&lt;a class="sigov-nav-link@(active("/ProtocoloExterno"))" href="/ProtocoloExterno"&gt;Protocolo Externo&lt;/a&gt;&lt;a class="sigov-nav-link@(active("/ProcessosDigitais/Relatorios"))" href="/ProcessosDigitais/Relatorios"&gt;Relatórios&lt;/a&gt;&#xD;
    &lt;/details&gt;&#xD;
    &lt;details class="sigov-nav-group" @opened(new[]{"/Ged","/Assinaturas"})&gt;&lt;summary&gt;&lt;sigov-icon name="documents" size="16" /&gt;GED e Assinaturas&lt;/summary&gt;&#xD;
      &lt;a class="sigov-nav-link@(active("/Ged/Dashboard"))" href="/Ged/Dashboard"&gt;Dashboard GED&lt;/a&gt;&lt;a class="sigov-nav-link@(active("/Ged/Documentos"))" href="/Ged/Documentos"&gt;Documentos&lt;/a&gt;&lt;a class="sigov-nav-link@(active("/Ged/ArquivoFisico"))" href="/Ged/ArquivoFisico"&gt;Arquivo Físico&lt;/a&gt;&lt;a class="sigov-nav-link@(active("/Ged/ValidacaoPublica"))" href="/Ged/ValidacaoPublica"&gt;Validação Pública&lt;/a&gt;&lt;a class="sigov-nav-link@(active("/Assinaturas/Pendentes"))" href="/Assinaturas/Pendentes"&gt;Assinaturas Pendentes&lt;/a&gt;&#xD;
    &lt;/details&gt;&#xD;
    &lt;details class="sigov-nav-group" @opened(new[]{"/Legislativo"})&gt;&lt;summary&gt;&lt;sigov-icon name="audit" size="16" /&gt;Legislativo / Câmara&lt;/summary&gt;&#xD;
      &lt;a class="sigov-nav-link@(active("/Legislativo/Dashboard"))" href="/Legislativo/Dashboard"&gt;Dashboard Legislativo&lt;/a&gt;&lt;a class="sigov-nav-link@(active("/Legislativo/Proposicoes"))" href="/Legislativo/Proposicoes"&gt;Proposições&lt;/a&gt;&lt;a class="sigov-nav-link@(active("/Legislativo/Sessoes"))" href="/Legislativo/Sessoes"&gt;Sessões&lt;/a&gt;&lt;a class="sigov-nav-link@(active("/Legislativo/Votacoes"))" href="/Legislativo/Votacoes"&gt;Votações&lt;/a&gt;&lt;a class="sigov-nav-link@(active("/Legislativo/Normas"))" href="/Legislativo/Normas"&gt;Normas&lt;/a&gt;&#xD;
    &lt;/details&gt;&#xD;
    &lt;details class="sigov-nav-group" @opened(new[]{"/Transparencia","/DiarioOficial","/AtendimentoDigital"})&gt;&lt;summary&gt;&lt;sigov-icon name="services" size="16" /&gt;Transparência e Atendimento&lt;/summary&gt;&#xD;
      &lt;a class="sigov-nav-link@(active("/Transparencia/Dashboard"))" href="/Transparencia/Dashboard"&gt;Dashboard Transparência&lt;/a&gt;&lt;a class="sigov-nav-link@(active("/DiarioOficial/Edicoes"))" href="/DiarioOficial/Edicoes"&gt;Diário Oficial&lt;/a&gt;&lt;a class="sigov-nav-link@(active("/Transparencia/Pntp"))" href="/Transparencia/Pntp"&gt;PNTP / ATRICON&lt;/a&gt;&lt;a class="sigov-nav-link@(active("/Transparencia/Pncp"))" href="/Transparencia/Pncp"&gt;PNCP Preparatório&lt;/a&gt;&lt;a class="sigov-nav-link@(active("/AtendimentoDigital/ESic"))" href="/AtendimentoDigital/ESic"&gt;e-SIC&lt;/a&gt;&lt;a class="sigov-nav-link@(active("/AtendimentoDigital/Ouvidoria"))" href="/AtendimentoDigital/Ouvidoria"&gt;Ouvidoria&lt;/a&gt;&lt;a class="sigov-nav-link@(active("/AtendimentoDigital/Chamados"))" href="/AtendimentoDigital/Chamados"&gt;Atendimento Digital&lt;/a&gt;&#xD;
    &lt;/details&gt;&#xD;
    &lt;details class="sigov-nav-group" @opened(new[]{"/Operacao","/MobileCampo","/IA"})&gt;&lt;summary&gt;&lt;sigov-icon name="services" size="16" /&gt;Operação&lt;/summary&gt;&#xD;
      &lt;a class="sigov-nav-link@(active("/MobileCampo"))" href="/MobileCampo"&gt;&lt;sigov-icon name="mobile" size="18"/&gt;&lt;span&gt;Mobile/Campo&lt;/span&gt;&lt;/a&gt;&#xD;
      &lt;a class="sigov-nav-link@(active("/IA"))" href="/IA"&gt;&lt;sigov-icon name="ai" size="18"/&gt;&lt;span&gt;IA&lt;/span&gt;&lt;/a&gt;&#xD;
      &lt;a class="sigov-nav-link@(active("/Operacao/Health"))" href="/Operacao/Health"&gt;&lt;sigov-icon name="active" size="18"/&gt;&lt;span&gt;Health&lt;/span&gt;&lt;/a&gt;&#xD;
    &lt;/details&gt;&#xD;
    @if (canSeeAnyEnterprise) {
    &lt;details class="sigov-nav-group" @opened(new[]{"/Empresarial"})&gt;&lt;summary&gt;&lt;sigov-icon name="commercial" size="16" /&gt;Empresarial SaaS&lt;/summary&gt;
      &lt;a class="sigov-nav-link@(active("/Empresarial/Comercial/Dashboard"))" href="/Empresarial/Comercial/Dashboard"&gt;&lt;sigov-icon name="commercial" size="18"/&gt;&lt;span&gt;Dashboard&lt;/span&gt;&lt;/a&gt;&#xD;
      &lt;a class="sigov-nav-link@(active("/Empresarial/Comercial/Clientes"))" href="/Empresarial/Comercial/Clientes"&gt;&lt;sigov-icon name="commercial" size="18"/&gt;&lt;span&gt;Clientes&lt;/span&gt;&lt;/a&gt;&#xD;
      &lt;a class="sigov-nav-link@(active("/Empresarial/Comercial/Leads"))" href="/Empresarial/Comercial/Leads"&gt;&lt;sigov-icon name="commercial" size="18"/&gt;&lt;span&gt;Leads&lt;/span&gt;&lt;/a&gt;&#xD;
      &lt;a class="sigov-nav-link@(active("/Empresarial/Comercial/Oportunidades"))" href="/Empresarial/Comercial/Oportunidades"&gt;&lt;sigov-icon name="commercial" size="18"/&gt;&lt;span&gt;Oportunidades&lt;/span&gt;&lt;/a&gt;&#xD;
      &lt;a class="sigov-nav-link@(active("/Empresarial/Comercial/Funil"))" href="/Empresarial/Comercial/Funil"&gt;&lt;sigov-icon name="commercial" size="18"/&gt;&lt;span&gt;Funil&lt;/span&gt;&lt;/a&gt;&#xD;
      &lt;a class="sigov-nav-link@(active("/Empresarial/Comercial/Propostas"))" href="/Empresarial/Comercial/Propostas"&gt;&lt;sigov-icon name="commercial" size="18"/&gt;&lt;span&gt;Propostas&lt;/span&gt;&lt;/a&gt;&#xD;
      &lt;a class="sigov-nav-link@(active("/Empresarial/Comercial/Pedidos"))" href="/Empresarial/Comercial/Pedidos"&gt;&lt;sigov-icon name="commercial" size="18"/&gt;&lt;span&gt;Pedidos&lt;/span&gt;&lt;/a&gt;&#xD;
      &lt;a class="sigov-nav-link@(active("/Empresarial/Comercial/TabelasPreco"))" href="/Empresarial/Comercial/TabelasPreco"&gt;&lt;sigov-icon name="commercial" size="18"/&gt;&lt;span&gt;Tabelas de Preço&lt;/span&gt;&lt;/a&gt;&#xD;
      &lt;a class="sigov-nav-link@(active("/Empresarial/Comercial/Relatorios"))" href="/Empresarial/Comercial/Relatorios"&gt;&lt;sigov-icon name="commercial" size="18"/&gt;&lt;span&gt;Relatorios&lt;/span&gt;&lt;/a&gt;&#xD;
      &lt;a class="sigov-nav-link@(active("/Empresarial/OrdemServico/Dashboard"))" href="/Empresarial/OrdemServico/Dashboard"&gt;&lt;sigov-icon name="commercial" size="18"/&gt;&lt;span&gt;Dashboard&lt;/span&gt;&lt;/a&gt;&#xD;
      &lt;a class="sigov-nav-link@(active("/Empresarial/OrdemServico/Ordens"))" href="/Empresarial/OrdemServico/Ordens"&gt;&lt;sigov-icon name="commercial" size="18"/&gt;&lt;span&gt;Ordens&lt;/span&gt;&lt;/a&gt;&#xD;
      &lt;a class="sigov-nav-link@(active("/Empresarial/OrdemServico/Agenda"))" href="/Empresarial/OrdemServico/Agenda"&gt;&lt;sigov-icon name="commercial" size="18"/&gt;&lt;span&gt;Agenda&lt;/span&gt;&lt;/a&gt;&#xD;
      &lt;a class="sigov-nav-link@(active("/Empresarial/OrdemServico/Sla"))" href="/Empresarial/OrdemServico/Sla"&gt;&lt;sigov-icon name="commercial" size="18"/&gt;&lt;span&gt;SLA&lt;/span&gt;&lt;/a&gt;&#xD;
      &lt;a class="sigov-nav-link@(active("/Empresarial/OrdemServico/Checklist"))" href="/Empresarial/OrdemServico/Checklist"&gt;&lt;sigov-icon name="commercial" size="18"/&gt;&lt;span&gt;Checklist&lt;/span&gt;&lt;/a&gt;&#xD;
      &lt;a class="sigov-nav-link@(active("/Empresarial/OrdemServico/Apontamentos"))" href="/Empresarial/OrdemServico/Apontamentos"&gt;&lt;sigov-icon name="commercial" size="18"/&gt;&lt;span&gt;Apontamentos&lt;/span&gt;&lt;/a&gt;&#xD;
      &lt;a class="sigov-nav-link@(active("/Empresarial/OrdemServico/Relatorios"))" href="/Empresarial/OrdemServico/Relatorios"&gt;&lt;sigov-icon name="commercial" size="18"/&gt;&lt;span&gt;Relatorios&lt;/span&gt;&lt;/a&gt;&#xD;
      &lt;a class="sigov-nav-link@(active("/Empresarial/Estoque/Dashboard"))" href="/Empresarial/Estoque/Dashboard"&gt;&lt;sigov-icon name="commercial" size="18"/&gt;&lt;span&gt;Dashboard&lt;/span&gt;&lt;/a&gt;&#xD;
      &lt;a class="sigov-nav-link@(active("/Empresarial/Estoque/Produtos"))" href="/Empresarial/Estoque/Produtos"&gt;&lt;sigov-icon name="commercial" size="18"/&gt;&lt;span&gt;Produtos&lt;/span&gt;&lt;/a&gt;&#xD;
      &lt;a class="sigov-nav-link@(active("/Empresarial/Estoque/Almoxarifados"))" href="/Empresarial/Estoque/Almoxarifados"&gt;&lt;sigov-icon name="commercial" size="18"/&gt;&lt;span&gt;Almoxarifados&lt;/span&gt;&lt;/a&gt;&#xD;
      &lt;a class="sigov-nav-link@(active("/Empresarial/Estoque/Saldos"))" href="/Empresarial/Estoque/Saldos"&gt;&lt;sigov-icon name="commercial" size="18"/&gt;&lt;span&gt;Saldos&lt;/span&gt;&lt;/a&gt;&#xD;
      &lt;a class="sigov-nav-link@(active("/Empresarial/Estoque/Movimentos"))" href="/Empresarial/Estoque/Movimentos"&gt;&lt;sigov-icon name="commercial" size="18"/&gt;&lt;span&gt;Movimentos&lt;/span&gt;&lt;/a&gt;&#xD;
      &lt;a class="sigov-nav-link@(active("/Empresarial/Estoque/Requisicoes"))" href="/Empresarial/Estoque/Requisicoes"&gt;&lt;sigov-icon name="commercial" size="18"/&gt;&lt;span&gt;Requisicoes&lt;/span&gt;&lt;/a&gt;&#xD;
      &lt;a class="sigov-nav-link@(active("/Empresarial/Estoque/Inventarios"))" href="/Empresarial/Estoque/Inventarios"&gt;&lt;sigov-icon name="commercial" size="18"/&gt;&lt;span&gt;Inventarios&lt;/span&gt;&lt;/a&gt;&#xD;
      &lt;a class="sigov-nav-link@(active("/Empresarial/Estoque/Fornecedores"))" href="/Empresarial/Estoque/Fornecedores"&gt;&lt;sigov-icon name="commercial" size="18"/&gt;&lt;span&gt;Fornecedores&lt;/span&gt;&lt;/a&gt;&#xD;
      &lt;a class="sigov-nav-link@(active("/Empresarial/Estoque/Compras"))" href="/Empresarial/Estoque/Compras"&gt;&lt;sigov-icon name="commercial" size="18"/&gt;&lt;span&gt;Compras&lt;/span&gt;&lt;/a&gt;&#xD;
      &lt;a class="sigov-nav-link@(active("/Empresarial/Estoque/Relatorios"))" href="/Empresarial/Estoque/Relatorios"&gt;&lt;sigov-icon name="commercial" size="18"/&gt;&lt;span&gt;Relatorios&lt;/span&gt;&lt;/a&gt;&#xD;
      &lt;a class="sigov-nav-link@(active("/Empresarial/Industrial/Dashboard"))" href="/Empresarial/Industrial/Dashboard"&gt;&lt;sigov-icon name="industry" size="18"/&gt;&lt;span&gt;Dashboard&lt;/span&gt;&lt;/a&gt;&#xD;
      &lt;a class="sigov-nav-link@(active("/Empresarial/Industrial/Ativos"))" href="/Empresarial/Industrial/Ativos"&gt;&lt;sigov-icon name="industry" size="18"/&gt;&lt;span&gt;Ativos&lt;/span&gt;&lt;/a&gt;&#xD;
      &lt;a class="sigov-nav-link@(active("/Empresarial/Industrial/PlanosManutencao"))" href="/Empresarial/Industrial/PlanosManutencao"&gt;&lt;sigov-icon name="industry" size="18"/&gt;&lt;span&gt;Planos de Manutenção&lt;/span&gt;&lt;/a&gt;&#xD;
      &lt;a class="sigov-nav-link@(active("/Empresarial/Industrial/Programadas"))" href="/Empresarial/Industrial/Programadas"&gt;&lt;sigov-icon name="industry" size="18"/&gt;&lt;span&gt;Manutenções Programadas&lt;/span&gt;&lt;/a&gt;&#xD;
      &lt;a class="sigov-nav-link@(active("/Empresarial/Industrial/Medidores"))" href="/Empresarial/Industrial/Medidores"&gt;&lt;sigov-icon name="industry" size="18"/&gt;&lt;span&gt;Medidores&lt;/span&gt;&lt;/a&gt;&#xD;
      &lt;a class="sigov-nav-link@(active("/Empresarial/Industrial/Paradas"))" href="/Empresarial/Industrial/Paradas"&gt;&lt;sigov-icon name="industry" size="18"/&gt;&lt;span&gt;Paradas&lt;/span&gt;&lt;/a&gt;&#xD;
      &lt;a class="sigov-nav-link@(active("/Empresarial/Industrial/Producao"))" href="/Empresarial/Industrial/Producao"&gt;&lt;sigov-icon name="industry" size="18"/&gt;&lt;span&gt;Producao&lt;/span&gt;&lt;/a&gt;&#xD;
      &lt;a class="sigov-nav-link@(active("/Empresarial/Industrial/Qualidade"))" href="/Empresarial/Industrial/Qualidade"&gt;&lt;sigov-icon name="industry" size="18"/&gt;&lt;span&gt;Qualidade&lt;/span&gt;&lt;/a&gt;&#xD;
      &lt;a class="sigov-nav-link@(active("/Empresarial/Industrial/Relatorios"))" href="/Empresarial/Industrial/Relatorios"&gt;&lt;sigov-icon name="industry" size="18"/&gt;&lt;span&gt;Relatorios&lt;/span&gt;&lt;/a&gt;&#xD;
    &lt;/details&gt;
    }
    &lt;details class="sigov-nav-group" @opened(new[]{"/SystemHealth","/Observabilidade","/Seguranca","/Auditoria","/Lgpd"})&gt;&lt;summary&gt;&lt;sigov-icon name="shield" size="16" /&gt;Governança e Segurança&lt;/summary&gt;&#xD;
      &lt;a class="sigov-nav-link@(active("/SystemHealth/ProjectStatus"))" href="/SystemHealth/ProjectStatus"&gt;&lt;span&gt;Project Status&lt;/span&gt;&lt;/a&gt;&#xD;
      &lt;a class="sigov-nav-link@(active("/Observabilidade"))" href="/Observabilidade/Dashboard"&gt;&lt;span&gt;Observabilidade&lt;/span&gt;&lt;/a&gt;&#xD;
      @if (canSeeSecurity) {&#xD;
      &lt;a class="sigov-nav-link@(active("/Seguranca/Dashboard"))" href="/Seguranca/Dashboard"&gt;&lt;span&gt;Segurança&lt;/span&gt;&lt;/a&gt;&#xD;
      &lt;a class="sigov-nav-link@(active("/Seguranca/Perfis"))" href="/Seguranca/Perfis"&gt;&lt;span&gt;Perfis e Permissões&lt;/span&gt;&lt;/a&gt;&#xD;
      &lt;a class="sigov-nav-link@(active("/Seguranca/MatrizAcesso"))" href="/Seguranca/MatrizAcesso"&gt;&lt;span&gt;Matriz de acesso&lt;/span&gt;&lt;/a&gt;&#xD;
      }&#xD;
      @if (canSeeAudit) {&#xD;
      &lt;a class="sigov-nav-link@(active("/Auditoria"))" href="/Auditoria/Dashboard"&gt;&lt;span&gt;Auditoria&lt;/span&gt;&lt;/a&gt;&#xD;
      &lt;a class="sigov-nav-link@(active("/Lgpd"))" href="/Lgpd/Dashboard"&gt;&lt;span&gt;LGPD&lt;/span&gt;&lt;/a&gt;&#xD;
      &lt;a class="sigov-nav-link@(active("/Lgpd/Incidentes"))" href="/Lgpd/Incidentes"&gt;&lt;span&gt;Incidentes&lt;/span&gt;&lt;/a&gt;&#xD;
      &lt;a class="sigov-nav-link@(active("/Lgpd/AcessosDadosPessoais"))" href="/Lgpd/AcessosDadosPessoais"&gt;&lt;span&gt;Acessos a Dados Pessoais&lt;/span&gt;&lt;/a&gt;&#xD;
      &lt;a class="sigov-nav-link@(active("/Lgpd/Retencao"))" href="/Lgpd/Retencao"&gt;&lt;span&gt;Retenção e Descarte&lt;/span&gt;&lt;/a&gt;&#xD;
      &lt;a class="sigov-nav-link@(active("/Auditoria/Exportacoes"))" href="/Auditoria/Exportacoes"&gt;&lt;span&gt;Relatórios de Governança&lt;/span&gt;&lt;/a&gt;&#xD;
      }&#xD;
    &lt;/details&gt;&#xD;
    &lt;details class="sigov-nav-group" @opened(new[]{"/Seguranca","/Saas","/Auditoria","/Lgpd"})&gt;&lt;summary&gt;&lt;sigov-icon name="settings" size="16" /&gt;Administração&lt;/summary&gt;&#xD;
      &lt;a class="sigov-nav-link@(active("/Seguranca/Usuarios"))" href="/Seguranca/Usuarios"&gt;&lt;sigov-icon name="users" size="18"/&gt;&lt;span&gt;Usuários&lt;/span&gt;&lt;/a&gt;&#xD;
      &lt;a class="sigov-nav-link@(active("/Saas/Implantacao"))" href="/Saas/Implantacao"&gt;&lt;sigov-icon name="sync" size="18"/&gt;&lt;span&gt;Implantação&lt;/span&gt;&lt;/a&gt;&#xD;
      &lt;a class="sigov-nav-link@(active("/Auditoria"))" href="/Auditoria/Trilhas"&gt;&lt;sigov-icon name="audit" size="18"/&gt;&lt;span&gt;Auditoria&lt;/span&gt;&lt;/a&gt;&#xD;
      &lt;a class="sigov-nav-link@(active("/Lgpd"))" href="/Lgpd/Dashboard"&gt;&lt;sigov-icon name="shield" size="18"/&gt;&lt;span&gt;LGPD&lt;/span&gt;&lt;/a&gt;&#xD;
    &lt;/details&gt;&#xD;
    &lt;details class="sigov-nav-group" @opened(new[]{"/Ajuda","/Manual","/Modulos"})&gt;&lt;summary&gt;&lt;sigov-icon name="help" size="16" /&gt;Ajuda&lt;/summary&gt;&#xD;
      &lt;a class="sigov-nav-link@(active("/Ajuda"))" href="/Ajuda"&gt;&lt;sigov-icon name="help" size="18"/&gt;&lt;span&gt;Central de Ajuda&lt;/span&gt;&lt;/a&gt;&#xD;
      &lt;a class="sigov-nav-link@(active("/Modulos/Catalogo"))" href="/Modulos/Catalogo"&gt;&lt;sigov-icon name="dashboard" size="18"/&gt;&lt;span&gt;Catálogo de módulos&lt;/span&gt;&lt;/a&gt;&#xD;
      &lt;a class="sigov-nav-link@(active("/Modulos/MeuAcesso"))" href="/Modulos/MeuAcesso"&gt;&lt;sigov-icon name="shield" size="18"/&gt;&lt;span&gt;Meu acesso&lt;/span&gt;&lt;/a&gt;&#xD;
    &lt;/details&gt;&#xD;
  &lt;/nav&gt;&#xD;
&lt;/aside&gt;&#xD;
" to contain "data-module="comercio_varejo"".</Message>
          <StackTrace>   at FluentAssertions.Execution.XUnit2TestFramework.Throw(String message)&#xD;
   at FluentAssertions.Execution.TestFrameworkProvider.Throw(String message)&#xD;
   at FluentAssertions.Execution.DefaultAssertionStrategy.HandleFailure(String message)&#xD;
   at FluentAssertions.Execution.AssertionScope.FailWith(Func`1 failReasonFunc)&#xD;
   at FluentAssertions.Execution.AssertionScope.FailWith(Func`1 failReasonFunc)&#xD;
   at FluentAssertions.Execution.AssertionScope.FailWith(String message, Object[] args)&#xD;
   at FluentAssertions.Primitives.StringAssertions`1.Contain(String expected, String because, Object[] becauseArgs)&#xD;
   at Sigov.ApiTests.PostBuild05ComercioTests.Catalogo_menu_docs_e_script_expoem_varejo_atacado_pdv_caixa_e_financeiro() in C:\MNSOFT\SIGOV-PLUS\tests\Sigov.ApiTests\PostBuild05ComercioTests.cs:line 60&#xD;
   at System.Reflection.MethodBaseInvoker.InterpretedInvoke_Method(Object obj, IntPtr* args)&#xD;
   at System.Reflection.MethodBaseInvoker.InvokeWithNoArgs(Object obj, BindingFlags invokeAttr)</StackTrace>
        </ErrorInfo>
      </Output>
    </UnitTestResult>
    <UnitTestResult executionId="67adf6bd-6a1e-402c-9798-11292c6007af" testId="e4b88c0c-726c-3a7e-8f1e-7a65ab9a3688" testName="Sigov.ApiTests.PostBuild08TributarioAvancadoTests.Telas_docs_e_demo_do_tributario_avancado_foram_entregues" computerName="DESKTOP-CK86BSC" duration="00:00:00.0010893" startTime="2026-09-08T18:16:48.7510169-03:00" endTime="2026-09-08T18:16:48.7510171-03:00" testType="13cdc9d9-ddb5-4fa4-a97d-d965ccfc6d4b" outcome="Failed" testListId="8c84fa94-04c1-424b-9868-57a2d4851a1d" relativeResultsDirectory="67adf6bd-6a1e-402c-9798-11292c6007af">
      <Output>
        <ErrorInfo>
          <Message>Expected Web "using Microsoft.AspNetCore.Authorization;&#xD;
using Microsoft.AspNetCore.Mvc;&#xD;
using Sigov.Application.Tributario.ReceitaMunicipal;&#xD;
namespace Sigov.Web.Controllers;&#xD;
[Authorize]&#xD;
[Route("Tributario")]&#xD;
public sealed class TributarioController(ITributarioReceitaRepository repository,ILogger&lt;TributarioController&gt; logger) : Controller&#xD;
{&#xD;
 [HttpGet(""),HttpGet("Dashboard")]&#xD;
 [Authorize(Policy="TRIBUTARIO_DASHBOARD_VIEW")]&#xD;
 public async Task&lt;IActionResult&gt; Dashboard(CancellationToken ct){var c=Contexto();return View("Dashboard",await repository.DashboardAsync(c.TenantId,c.EntidadeId,ct));}&#xD;
 [HttpGet("Contribuintes")][Authorize(Policy="TRIBUTARIO_CONTRIBUINTE_VIEW")] public Task&lt;IActionResult&gt; Contribuintes(string? busca,string? status,int pagina,CancellationToken ct)=&gt;Lista("Contribuintes","contribuintes",busca,status,pagina,ct);&#xD;
 [HttpGet("Imobiliario"),HttpGet("Imoveis")][Authorize(Policy="TRIBUTARIO_IMOVEL_VIEW")] public Task&lt;IActionResult&gt; Imoveis(string? busca,string? status,int pagina,CancellationToken ct)=&gt;Lista("Cadastro imobiliário","imoveis",busca,status,pagina,ct);&#xD;
 [HttpGet("Mobiliario"),HttpGet("Empresas")][Authorize(Policy="TRIBUTARIO_MOBILIARIO_VIEW")] public Task&lt;IActionResult&gt; Mobiliario(string? busca,string? status,int pagina,CancellationToken ct)=&gt;Lista("Cadastro mobiliário","mobiliario",busca,status,pagina,ct);&#xD;
 [HttpGet("Parametros")][Authorize(Policy="TRIBUTARIO_PARAMETRO_VIEW")] public Task&lt;IActionResult&gt; Parametros(string? busca,string? status,int pagina,CancellationToken ct)=&gt;Lista("Parâmetros tributários","parametros",busca,status,pagina,ct);&#xD;
 [HttpGet("Exercicios")][Authorize(Policy="TRIBUTARIO_PARAMETRO_VIEW")] public Task&lt;IActionResult&gt; Exercicios(string? busca,string? status,int pagina,CancellationToken ct)=&gt;Lista("Exercícios fiscais","exercicios",busca,status,pagina,ct);&#xD;
 [HttpGet("Tributos")][Authorize(Policy="TRIBUTARIO_PARAMETRO_VIEW")] public Task&lt;IActionResult&gt; Tributos(string? busca,string? status,int pagina,CancellationToken ct)=&gt;Lista("Tributos","tributos",busca,status,pagina,ct);&#xD;
 [HttpGet("Lancamentos")][Authorize(Policy="TRIBUTARIO_LANCAMENTO_VIEW")] public Task&lt;IActionResult&gt; Lancamentos(string? busca,string? status,int pagina,CancellationToken ct)=&gt;Lista("Lançamentos tributários","lancamentos",busca,status,pagina,ct);&#xD;
 [HttpGet("Guias"),HttpGet("Carnes")][Authorize(Policy="TRIBUTARIO_GUIA_VIEW")] public Task&lt;IActionResult&gt; Guias(string? busca,string? status,int pagina,CancellationToken ct)=&gt;Lista("Guias e carnês","guias",busca,status,pagina,ct);&#xD;
 [HttpGet("Arrecadacao"),HttpGet("Pagamentos")][Authorize(Policy="TRIBUTARIO_ARRECADACAO_VIEW")] public Task&lt;IActionResult&gt; Pagamentos(string? busca,string? status,int pagina,CancellationToken ct)=&gt;Lista("Arrecadação e baixas","pagamentos",busca,status,pagina,ct);&#xD;
 [HttpGet("DividaAtiva")][Authorize(Policy="TRIBUTARIO_DIVIDA_ATIVA_VIEW")] public Task&lt;IActionResult&gt; DividaAtiva(string? busca,string? status,int pagina,CancellationToken ct)=&gt;Lista("Dívida ativa","divida-ativa",busca,status,pagina,ct);&#xD;
 [HttpGet("Parcelamentos")][Authorize(Policy="TRIBUTARIO_PARCELAMENTO_VIEW")] public Task&lt;IActionResult&gt; Parcelamentos(string? busca,string? status,int pagina,CancellationToken ct)=&gt;Lista("Parcelamentos","parcelamentos",busca,status,pagina,ct);&#xD;
 [HttpGet("Fiscalizacao")][Authorize(Policy="TRIBUTARIO_FISCALIZACAO_VIEW")] public Task&lt;IActionResult&gt; Fiscalizacao(string? busca,string? status,int pagina,CancellationToken ct)=&gt;Lista("Fiscalização tributária","fiscalizacoes",busca,status,pagina,ct);&#xD;
 [HttpGet("Notificacoes")][Authorize(Policy="TRIBUTARIO_FISCALIZACAO_VIEW")] public Task&lt;IActionResult&gt; Notificacoes(string? busca,string? status,int pagina,CancellationToken ct)=&gt;Lista("Notificações fiscais","notificacoes",busca,status,pagina,ct);&#xD;
 [HttpGet("AutosInfracao")][Authorize(Policy="TRIBUTARIO_FISCALIZACAO_VIEW")] public Task&lt;IActionResult&gt; Autos(string? busca,string? status,int pagina,CancellationToken ct)=&gt;Lista("Autos de infração","autos-infracao",busca,status,pagina,ct);&#xD;
 [HttpGet("Certidoes")][Authorize(Policy="TRIBUTARIO_CERTIDAO_VIEW")] public Task&lt;IActionResult&gt; Certidoes(string? busca,string? status,int pagina,CancellationToken ct)=&gt;Lista("Certidões","certidoes",busca,status,pagina,ct);&#xD;
 [AllowAnonymous,HttpGet("ValidarCertidao")] public async Task&lt;IActionResult&gt; ValidarCertidao(string? codigo,CancellationToken ct){if(string.IsNullOrWhiteSpace(codigo))return View("ValidarCertidao",null);var c=ContextoPublico();var p=await repository.ListarAsync(c.TenantId,c.EntidadeId,"certidoes",codigo,null,1,1,ct);return View("ValidarCertidao",p.Items.SingleOrDefault());}&#xD;
 [HttpGet("Relatorios")][Authorize(Policy="TRIBUTARIO_RELATORIO_EXPORT")] public IActionResult Relatorios()=&gt;View("Relatorios");&#xD;
 [HttpGet("Relatorios/{recurso}.csv")][Authorize(Policy="TRIBUTARIO_RELATORIO_EXPORT")] public async Task&lt;IActionResult&gt; Csv(string recurso,CancellationToken ct){var c=Contexto();var bytes=await repository.ExportarCsvAsync(c.TenantId,c.EntidadeId,recurso,ct);await repository.RegistrarAuditoriaAsync(c,"EXPORTAR_CSV",recurso,null,"Relatório operacional tributário",ct);return File(bytes,"text/csv; charset=utf-8",$"tributario-{recurso}-{DateTime.UtcNow:yyyyMMdd}.csv");}&#xD;
 [HttpGet("Contribuintes/Novo")][Authorize(Policy="TRIBUTARIO_CONTRIBUINTE_MANAGE")] public IActionResult NovoContribuinte()=&gt;View("ContribuinteForm",new ContribuinteRequest("F","","",null,null,null,null,null,null,null));&#xD;
 [HttpPost("Contribuintes/Novo")][ValidateAntiForgeryToken][Authorize(Policy="TRIBUTARIO_CONTRIBUINTE_MANAGE")]&#xD;
 public async Task&lt;IActionResult&gt; NovoContribuinte(ContribuinteRequest model,CancellationToken ct){if(string.IsNullOrWhiteSpace(model.NomeRazaoSocial)||string.IsNullOrWhiteSpace(model.Documento))ModelState.AddModelError("","Documento e nome/razão social são obrigatórios.");if(!ModelState.IsValid)return View("ContribuinteForm",model);try{var c=Contexto();var id=await repository.CriarContribuinteAsync(c,model,ct);await repository.RegistrarAuditoriaAsync(c,"CRIAR","contribuinte",id,"Cadastro fiscal municipal",ct);TempData["Success"]="Contribuinte cadastrado com sucesso.";return RedirectToAction(nameof(Contribuintes));}catch(ArgumentException ex){ModelState.AddModelError("",ex.Message);return View("ContribuinteForm",model);}catch(Exception ex){logger.LogError(ex,"Falha ao cadastrar contribuinte. CorrelationId={CorrelationId}",HttpContext.TraceIdentifier);ModelState.AddModelError("",$"Não foi possível salvar. Referência: {HttpContext.TraceIdentifier}");return View("ContribuinteForm",model);}}&#xD;
 private async Task&lt;IActionResult&gt; Lista(string titulo,string recurso,string? busca,string? status,int pagina,CancellationToken ct){var c=Contexto();ViewData["Title"]=titulo;ViewData["Recurso"]=recurso;return View("Lista",await repository.ListarAsync(c.TenantId,c.EntidadeId,recurso,busca,status,pagina&lt;1?1:pagina,20,ct));}&#xD;
 private TributarioContexto Contexto(){if(!long.TryParse(User.FindFirst("tenant_id")?.Value,out var t)||t&lt;=0)throw new UnauthorizedAccessException("Tenant não resolvido.");if(!long.TryParse(User.FindFirst("entidade_id")?.Value,out var e)||e&lt;=0)throw new UnauthorizedAccessException("Entidade não resolvida.");long.TryParse(User.FindFirst("sub")?.Value??User.FindFirst(System.Security.Claims.ClaimTypes.NameIdentifier)?.Value,out var u);return new(t,e,u&gt;0?u:null,HttpContext.TraceIdentifier);}&#xD;
 private TributarioContexto ContextoPublico(){if(!long.TryParse(Request.Query["tenantId"],out var t)||!long.TryParse(Request.Query["entidadeId"],out var e)||t&lt;=0||e&lt;=0)throw new BadHttpRequestException("Tenant e entidade são obrigatórios para validação.");return new(t,e,null,HttpContext.TraceIdentifier);}&#xD;
}&#xD;
" to contain "IActionResult Iptu".</Message>
          <StackTrace>   at FluentAssertions.Execution.XUnit2TestFramework.Throw(String message)&#xD;
   at FluentAssertions.Execution.TestFrameworkProvider.Throw(String message)&#xD;
   at FluentAssertions.Execution.DefaultAssertionStrategy.HandleFailure(String message)&#xD;
   at FluentAssertions.Execution.AssertionScope.FailWith(Func`1 failReasonFunc)&#xD;
   at FluentAssertions.Execution.AssertionScope.FailWith(Func`1 failReasonFunc)&#xD;
   at FluentAssertions.Execution.AssertionScope.FailWith(String message, Object[] args)&#xD;
   at FluentAssertions.Primitives.StringAssertions`1.Contain(String expected, String because, Object[] becauseArgs)&#xD;
   at Sigov.ApiTests.PostBuild08TributarioAvancadoTests.Telas_docs_e_demo_do_tributario_avancado_foram_entregues() in C:\MNSOFT\SIGOV-PLUS\tests\Sigov.ApiTests\PostBuild08TributarioAvancadoTests.cs:line 65&#xD;
   at System.Reflection.MethodBaseInvoker.InterpretedInvoke_Method(Object obj, IntPtr* args)&#xD;
   at System.Reflection.MethodBaseInvoker.InvokeWithNoArgs(Object obj, BindingFlags invokeAttr)</StackTrace>
        </ErrorInfo>
      </Output>
    </UnitTestResult>
    <UnitTestResult executionId="e24e88f6-5097-41be-b3cb-4cc9ae706094" testId="8020937d-3193-4ee7-c611-4014bc7cea30" testName="Sigov.ApiTests.PostBuild07FinanceiroIntegradoTests.Apis_financeiras_empresariais_exigem_modulo_e_expoem_fluxos_principais" computerName="DESKTOP-CK86BSC" duration="00:00:00.0004252" startTime="2026-09-08T18:16:48.0837044-03:00" endTime="2026-09-08T18:16:48.0837045-03:00" testType="13cdc9d9-ddb5-4fa4-a97d-d965ccfc6d4b" outcome="Passed" testListId="8c84fa94-04c1-424b-9868-57a2d4851a1d" relativeResultsDirectory="e24e88f6-5097-41be-b3cb-4cc9ae706094" />
    <UnitTestResult executionId="0e1e2993-9b6f-4f33-9ff0-1f278020ab64" testId="a1609f67-d870-83c1-8727-65768b5d2847" testName="Sigov.ApiTests.AuthPermissionRegressionTests.Identificador_De_Login_Deve_Normalizar_Formatos_Suportados(input: &quot;admin-legado&quot;, kind: LegacyLogin, expected: &quot;admin-legado&quot;)" computerName="DESKTOP-CK86BSC" duration="00:00:00.0002791" startTime="2026-09-08T18:16:48.0912498-03:00" endTime="2026-09-08T18:16:48.0912499-03:00" testType="13cdc9d9-ddb5-4fa4-a97d-d965ccfc6d4b" outcome="Passed" testListId="8c84fa94-04c1-424b-9868-57a2d4851a1d" relativeResultsDirectory="0e1e2993-9b6f-4f33-9ff0-1f278020ab64" />
    <UnitTestResult executionId="2b64c393-f6a2-493c-bb0b-596e25389039" testId="d761738e-f14f-33fe-c305-7e46bb369c11" testName="Sigov.ApiTests.PosRc07StaticContractTests.GoLiveCheckCiSmokeSeedAndPackageContractsArePresent" computerName="DESKTOP-CK86BSC" duration="00:00:00.0013107" startTime="2026-09-08T18:16:48.0907229-03:00" endTime="2026-09-08T18:16:48.0907231-03:00" testType="13cdc9d9-ddb5-4fa4-a97d-d965ccfc6d4b" outcome="Failed" testListId="8c84fa94-04c1-424b-9868-57a2d4851a1d" relativeResultsDirectory="2b64c393-f6a2-493c-bb0b-596e25389039">
      <Output>
        <ErrorInfo>
          <Message>Expected Read("database/postgres/seeds/pos_rc_homologacao_demo.sql") "-- SIGOV PLUS Pós-RC 27A: seed seguro, idempotente e compatível com o schema final.
-- Não cria schema/tabelas, não usa IDs fixos e não cria usuários/senhas.
\set ON_ERROR_STOP on

insert into sigov.tenant (nome, slug, documento, status, ativo, metadados)
values ('Prefeitura Demo SIGOV','prefeitura-demo-sigov','00.000.000/0000-00','ATIVO',true,'{"ambiente":"Homologacao","dados":"ficticios"}'::jsonb)
on conflict (slug) do update set nome=excluded.nome, documento=excluded.documento, status=excluded.status, ativo=true, metadados=excluded.metadados;

with permissoes_demo(modulo,chave,descricao) as (values
  ('protocolo','protocolo.visualizar','Permissão demo homologação: visualizar protocolo'),
  ('protocolo','protocolo.criar','Permissão demo homologação: criar protocolo'),
  ('protocolo','protocolo.tramitar','Permissão demo homologação: tramitar protocolo'),
  ('ged','ged.visualizar','Permissão demo homologação: visualizar GED'),
  ('ged','ged.upload','Permissão demo homologação: upload GED'),
  ('workflow','workflow.visualizar','Permissão demo homologação: visualizar workflow'),
  ('integracoes','api_key.gerenciar','Permissão demo homologação: gerenciar API key'),
  ('bi','relatorio.exportar','Permissão demo homologação: exportar relatório')
)
insert into sigov.permissao (modulo,chave,descricao,ativo)
select modulo,chave,descricao,true from permissoes_demo
on conflict (modulo,chave) do update set descricao=excluded.descricao, ativo=true;

with tenant_demo as (
  select id from sigov.tenant where slug='prefeitura-demo-sigov'
)
insert into sigov.protocolo (tenant_id,numero,codigo,status,assunto,dados_json,exercicio)
select t.id,v.numero,v.codigo,v.status,v.assunto,v.dados_json::jsonb,2026
from tenant_demo t
cross join (values
  ('2026-000001','DEMO-PROT-001','ABERTO','Solicitação demonstrativa de alvará simplificado','{"interessado":"Pessoa Demo A","setorAtual":"Protocolo"}'),
  ('2026-000002','DEMO-PROT-002','EM_TRAMITACAO','Revisão demonstrativa de cadastro municipal','{"interessado":"Pessoa Demo B","setorAtual":"Tributário"}')
) as v(numero,codigo,status,assunto,dados_json)
where not exists (select 1 from sigov.protocolo p where p.codigo=v.codigo);

with tenant_demo as (select id from sigov.tenant where slug='prefeitura-demo-sigov')
insert into sigov.documento (tenant_id,codigo,status,titulo,hash_sha256,storage_path,classificacao_lgpd,dados_json)
select t.id,v.codigo,'VALIDO',v.titulo,v.hash_sha256,v.storage_path,'PUBLICO',v.dados_json::jsonb
from tenant_demo t
cross join (values
  ('DEMO-DOC-PUB-001','Certidão pública demonstrativa','8f14e45fceea167a5a36dedd4bea2543c9f8b9f1f2f6b1d7b7a7f7f7f7f7f701','demo/publico/certidao-publica-001.txt','{"codigoValidacao":"PUB-DEMO-001"}')
) as v(codigo,titulo,hash_sha256,storage_path,dados_json)
where not exists (select 1 from sigov.documento d where d.codigo=v.codigo);

with tenant_demo as (select id from sigov.tenant where slug='prefeitura-demo-sigov')
insert into sigov.workflow (tenant_id,codigo,status,dados_json)
select id,'DEMO-WF-PROTOCOLO','ATIVO','{"nome":"Fluxo demo Protocolo-GED"}'::jsonb from tenant_demo
where not exists (select 1 from sigov.workflow w where w.codigo='DEMO-WF-PROTOCOLO');

with tenant_demo as (select id from sigov.tenant where slug='prefeitura-demo-sigov')
insert into sigov.api_key (tenant_id,nome,prefixo,api_key_hash,algoritmo_hash,status,dados_json)
select id,'API Key Demo Homologação','sigov_demo','fc86ee2b04157910a83296966cd5033de0f564cbe8dc64d1f3a54238fb32063a','SHA-256','ATIVA','{"aviso":"token claro nunca é salvo no banco","producao":false}'::jsonb from tenant_demo
where not exists (select 1 from sigov.api_key k where k.prefixo='sigov_demo');

with tenant_demo as (select id from sigov.tenant where slug='prefeitura-demo-sigov')
insert into sigov.outbox_evento (tenant_id,event_id,event_type,aggregate_type,aggregate_id,payload,status,idempotency_key)
select t.id, gen_random_uuid(), v.event_type, v.aggregate_type, v.aggregate_id, v.payload::jsonb, 'PENDING', v.idempotency_key
from tenant_demo t
cross join (values
  ('protocolo.criado','protocolo','DEMO-PROT-001','{"codigo":"DEMO-PROT-001"}','seed:protocolo:DEMO-PROT-001'),
  ('documento.criado','documento','DEMO-DOC-PUB-001','{"codigo":"DEMO-DOC-PUB-001"}','seed:documento:DEMO-DOC-PUB-001')
) as v(event_type,aggregate_type,aggregate_id,payload,idempotency_key)
on conflict (idempotency_key) do update set payload=excluded.payload, status=excluded.status;
" to contain "protocolos.read".</Message>
          <StackTrace>   at FluentAssertions.Execution.XUnit2TestFramework.Throw(String message)&#xD;
   at FluentAssertions.Execution.TestFrameworkProvider.Throw(String message)&#xD;
   at FluentAssertions.Execution.DefaultAssertionStrategy.HandleFailure(String message)&#xD;
   at FluentAssertions.Execution.AssertionScope.FailWith(Func`1 failReasonFunc)&#xD;
   at FluentAssertions.Execution.AssertionScope.FailWith(Func`1 failReasonFunc)&#xD;
   at FluentAssertions.Execution.AssertionScope.FailWith(String message, Object[] args)&#xD;
   at FluentAssertions.Primitives.StringAssertions`1.Contain(String expected, String because, Object[] becauseArgs)&#xD;
   at Sigov.ApiTests.PosRc07StaticContractTests.GoLiveCheckCiSmokeSeedAndPackageContractsArePresent() in C:\MNSOFT\SIGOV-PLUS\tests\Sigov.ApiTests\PosRc07StaticContractTests.cs:line 37&#xD;
   at System.Reflection.MethodBaseInvoker.InterpretedInvoke_Method(Object obj, IntPtr* args)&#xD;
   at System.Reflection.MethodBaseInvoker.InvokeWithNoArgs(Object obj, BindingFlags invokeAttr)</StackTrace>
        </ErrorInfo>
      </Output>
    </UnitTestResult>
    <UnitTestResult executionId="ed9b1c1c-2bc9-4e02-9fcc-7a64cd827349" testId="e4ea16c2-6886-bf26-fb6e-293b254c05e6" testName="Sigov.ApiTests.PosRc07StaticContractTests.TenantContextExistsAndDashboardDoesNotHardcodeTenantOne" computerName="DESKTOP-CK86BSC" duration="00:00:00.0005389" startTime="2026-09-08T18:16:48.0896688-03:00" endTime="2026-09-08T18:16:48.0896689-03:00" testType="13cdc9d9-ddb5-4fa4-a97d-d965ccfc6d4b" outcome="Passed" testListId="8c84fa94-04c1-424b-9868-57a2d4851a1d" relativeResultsDirectory="ed9b1c1c-2bc9-4e02-9fcc-7a64cd827349" />
    <UnitTestResult executionId="3f1d0658-e0ef-459f-9f08-7903fadaad41" testId="322e7c29-4ce8-ce80-700c-2d013d99ae7d" testName="Sigov.ApiTests.ApiContractRegressionTests.PublicHealthEndpoints_Deve_Retornar_ApiResponse_Sem_Autenticacao(path: &quot;/api/health&quot;, expectedStatus: OK)" computerName="DESKTOP-CK86BSC" duration="00:00:00.0040426" startTime="2026-09-08T18:16:51.8305953-03:00" endTime="2026-09-08T18:16:51.8305960-03:00" testType="13cdc9d9-ddb5-4fa4-a97d-d965ccfc6d4b" outcome="Failed" testListId="8c84fa94-04c1-424b-9868-57a2d4851a1d" relativeResultsDirectory="3f1d0658-e0ef-459f-9f08-7903fadaad41">
      <Output>
        <ErrorInfo>
          <Message>Expected response.StatusCode to be HttpStatusCode.OK {value: 200}, but found HttpStatusCode.InternalServerError {value: 500}.</Message>
          <StackTrace>   at FluentAssertions.Execution.XUnit2TestFramework.Throw(String message)&#xD;
   at FluentAssertions.Execution.TestFrameworkProvider.Throw(String message)&#xD;
   at FluentAssertions.Execution.DefaultAssertionStrategy.HandleFailure(String message)&#xD;
   at FluentAssertions.Execution.AssertionScope.FailWith(Func`1 failReasonFunc)&#xD;
   at FluentAssertions.Execution.AssertionScope.FailWith(Func`1 failReasonFunc)&#xD;
   at FluentAssertions.Execution.AssertionScope.FailWith(String message, Object[] args)&#xD;
   at FluentAssertions.Primitives.EnumAssertions`2.Be(TEnum expected, String because, Object[] becauseArgs)&#xD;
   at Sigov.ApiTests.ApiContractRegressionTests.PublicHealthEndpoints_Deve_Retornar_ApiResponse_Sem_Autenticacao(String path, HttpStatusCode expectedStatus) in C:\MNSOFT\SIGOV-PLUS\tests\Sigov.ApiTests\ApiContractRegressionTests.cs:line 29&#xD;
--- End of stack trace from previous location ---</StackTrace>
        </ErrorInfo>
      </Output>
    </UnitTestResult>
[...]
   at Sigov.Api.Middlewares.RequestLoggingMiddleware.InvokeAsync(HttpContext context) in C:\MNSOFT\SIGOV-PLUS\src\Sigov.Api\Middlewares\RequestLoggingMiddleware.cs:line 19&#xD;
   at Sigov.Api.Middlewares.SecurityHeadersMiddleware.InvokeAsync(HttpContext context) in C:\MNSOFT\SIGOV-PLUS\src\Sigov.Api\Middlewares\SecurityHeadersMiddleware.cs:line 32&#xD;
   at Sigov.Api.Middlewares.ExceptionHandlingMiddleware.InvokeAsync(HttpContext context) in C:\MNSOFT\SIGOV-PLUS\src\Sigov.Api\Middlewares\ExceptionHandlingMiddleware.cs:line 22&#xD;
[18:16:51 INF] Request finished HTTP/1.1 GET http://localhost/api/health - 500 null application/json; charset=utf-8 1.9728ms&#xD;
[xUnit.net 00:00:04.30]       Expected response.StatusCode to be HttpStatusCode.OK {value: 200}, but found HttpStatusCode.InternalServerError {value: 500}.&#xD;
[xUnit.net 00:00:04.30]       Stack Trace:&#xD;
[xUnit.net 00:00:04.30]            at FluentAssertions.Execution.XUnit2TestFramework.Throw(String message)&#xD;
[xUnit.net 00:00:04.30]            at FluentAssertions.Execution.TestFrameworkProvider.Throw(String message)&#xD;
[xUnit.net 00:00:04.30]            at FluentAssertions.Execution.DefaultAssertionStrategy.HandleFailure(String message)&#xD;
[xUnit.net 00:00:04.30]            at FluentAssertions.Execution.AssertionScope.FailWith(Func`1 failReasonFunc)&#xD;
[xUnit.net 00:00:04.30]            at FluentAssertions.Execution.AssertionScope.FailWith(Func`1 failReasonFunc)&#xD;
[xUnit.net 00:00:04.30]            at FluentAssertions.Execution.AssertionScope.FailWith(String message, Object[] args)&#xD;
[xUnit.net 00:00:04.30]            at FluentAssertions.Primitives.EnumAssertions`2.Be(TEnum expected, String because, Object[] becauseArgs)&#xD;
[xUnit.net 00:00:04.30]         C:\MNSOFT\SIGOV-PLUS\tests\Sigov.ApiTests\ApiContractRegressionTests.cs(29,0): at Sigov.ApiTests.ApiContractRegressionTests.PublicHealthEndpoints_Deve_Retornar_ApiResponse_Sem_Autenticacao(String path, HttpStatusCode expectedStatus)&#xD;
[xUnit.net 00:00:04.30]         --- End of stack trace from previous location ---&#xD;
[18:16:51 INF] Request starting HTTP/1.1 GET http://localhost/api/health/version - null null&#xD;
[18:16:51 ERR] Erro inesperado na requisi��o 6cc28fb2-667c-492e-b67e-58c0c7caddb4.&#xD;
System.InvalidOperationException: ConnectionStrings:DefaultConnection n�o configurada. Em Production use vari�vel de ambiente ou secret manager.&#xD;
   at Sigov.Infrastructure.Persistence.Dapper.NpgsqlConnectionFactory..ctor(IConfiguration configuration) in C:\MNSOFT\SIGOV-PLUS\src\Sigov.Infrastructure\Persistence\Dapper\NpgsqlConnectionFactory.cs:line 17&#xD;
   at InvokeStub_NpgsqlConnectionFactory..ctor(Object, Span`1)&#xD;
   at System.Reflection.MethodBaseInvoker.InvokeWithOneArg(Object obj, BindingFlags invokeAttr, Binder binder, Object[] parameters, CultureInfo culture)&#xD;
   at System.Reflection.RuntimeConstructorInfo.Invoke(BindingFlags invokeAttr, Binder binder, Object[] parameters, CultureInfo culture)&#xD;
   at Microsoft.Extensions.DependencyInjection.ServiceLookup.CallSiteRuntimeResolver.VisitConstructor(ConstructorCallSite constructorCallSite, RuntimeResolverContext context)&#xD;
   at Microsoft.Extensions.DependencyInjection.ServiceLookup.CallSiteRuntimeResolver.VisitRootCache(ServiceCallSite callSite, RuntimeResolverContext context)&#xD;
   at Microsoft.Extensions.DependencyInjection.ServiceLookup.CallSiteVisitor`2.VisitCallSite(ServiceCallSite callSite, TArgument argument)&#xD;
   at Microsoft.Extensions.DependencyInjection.ServiceLookup.CallSiteRuntimeResolver.VisitConstructor(ConstructorCallSite constructorCallSite, RuntimeResolverContext context)&#xD;
   at Microsoft.Extensions.DependencyInjection.ServiceLookup.CallSiteRuntimeResolver.VisitCache(ServiceCallSite callSite, RuntimeResolverContext context, ServiceProviderEngineScope serviceProviderEngine, RuntimeResolverLock lockType)&#xD;
   at Microsoft.Extensions.DependencyInjection.ServiceLookup.CallSiteRuntimeResolver.VisitScopeCache(ServiceCallSite callSite, RuntimeResolverContext context)&#xD;
   at Microsoft.Extensions.DependencyInjection.ServiceLookup.CallSiteVisitor`2.VisitCallSite(ServiceCallSite callSite, TArgument argument)&#xD;
   at Microsoft.Extensions.DependencyInjection.ServiceLookup.CallSiteRuntimeResolver.Resolve(ServiceCallSite callSite, ServiceProviderEngineScope scope)&#xD;
   at Microsoft.Extensions.DependencyInjection.ServiceLookup.DynamicServiceProviderEngine.&lt;&gt;c__DisplayClass2_0.&lt;RealizeService&gt;b__0(ServiceProviderEngineScope scope)&#xD;
   at Microsoft.Extensions.DependencyInjection.ServiceProvider.GetService(ServiceIdentifier serviceIdentifier, ServiceProviderEngineScope serviceProviderEngineScope)&#xD;
   at Microsoft.Extensions.DependencyInjection.ServiceLookup.ServiceProviderEngineScope.GetService(Type serviceType)&#xD;
   at lambda_method1615(Closure, Object, HttpContext, IServiceProvider)&#xD;
   at Sigov.Api.Middlewares.RequestLoggingMiddleware.InvokeAsync(HttpContext context) in C:\MNSOFT\SIGOV-PLUS\src\Sigov.Api\Middlewares\RequestLoggingMiddleware.cs:line 19&#xD;
   at Sigov.Api.Middlewares.SecurityHeadersMiddleware.InvokeAsync(HttpContext context) in C:\MNSOFT\SIGOV-PLUS\src\Sigov.Api\Middlewares\SecurityHeadersMiddleware.cs:line 32&#xD;
   at Sigov.Api.Middlewares.ExceptionHandlingMiddleware.InvokeAsync(HttpContext context) in C:\MNSOFT\SIGOV-PLUS\src\Sigov.Api\Middlewares\ExceptionHandlingMiddleware.cs:line 22&#xD;
[18:16:51 INF] Request finished HTTP/1.1 GET http://localhost/api/health/version - 500 null application/json; charset=utf-8 1.3295ms&#xD;
[xUnit.net 00:00:04.33]       Expected response.StatusCode to be HttpStatusCode.OK {value: 200}, but found HttpStatusCode.InternalServerError {value: 500}.&#xD;
[xUnit.net 00:00:04.33]       Stack Trace:&#xD;
[xUnit.net 00:00:04.33]            at FluentAssertions.Execution.XUnit2TestFramework.Throw(String message)&#xD;
[xUnit.net 00:00:04.33]            at FluentAssertions.Execution.TestFrameworkProvider.Throw(String message)&#xD;
[xUnit.net 00:00:04.33]            at FluentAssertions.Execution.DefaultAssertionStrategy.HandleFailure(String message)&#xD;
[xUnit.net 00:00:04.33]            at FluentAssertions.Execution.AssertionScope.FailWith(Func`1 failReasonFunc)&#xD;
[xUnit.net 00:00:04.33]            at FluentAssertions.Execution.AssertionScope.FailWith(Func`1 failReasonFunc)&#xD;
[xUnit.net 00:00:04.33]            at FluentAssertions.Execution.AssertionScope.FailWith(String message, Object[] args)&#xD;
[xUnit.net 00:00:04.33]            at FluentAssertions.Primitives.EnumAssertions`2.Be(TEnum expected, String because, Object[] becauseArgs)&#xD;
[xUnit.net 00:00:04.33]         C:\MNSOFT\SIGOV-PLUS\tests\Sigov.ApiTests\ApiContractRegressionTests.cs(54,0): at Sigov.ApiTests.ApiContractRegressionTests.VersionEndpoint_Deve_Expor_Metadados_De_Release_Final()&#xD;
[xUnit.net 00:00:04.33]         --- End of stack trace from previous location ---&#xD;
[18:16:51 INF] Request starting HTTP/1.1 GET http://localhost/swagger/v1/swagger.json - null null&#xD;
[18:16:51 ERR] Erro inesperado na requisi��o 19a9975d-1bc7-4aac-af3d-c0fc776afebb.&#xD;
System.InvalidOperationException: ConnectionStrings:DefaultConnection n�o configurada. Em Production use vari�vel de ambiente ou secret manager.&#xD;
   at Sigov.Infrastructure.Persistence.Dapper.NpgsqlConnectionFactory..ctor(IConfiguration configuration) in C:\MNSOFT\SIGOV-PLUS\src\Sigov.Infrastructure\Persistence\Dapper\NpgsqlConnectionFactory.cs:line 17&#xD;
   at InvokeStub_NpgsqlConnectionFactory..ctor(Object, Span`1)&#xD;
   at System.Reflection.MethodBaseInvoker.InvokeWithOneArg(Object obj, BindingFlags invokeAttr, Binder binder, Object[] parameters, CultureInfo culture)&#xD;
   at System.Reflection.RuntimeConstructorInfo.Invoke(BindingFlags invokeAttr, Binder binder, Object[] parameters, CultureInfo culture)&#xD;
   at Microsoft.Extensions.DependencyInjection.ServiceLookup.CallSiteRuntimeResolver.VisitConstructor(ConstructorCallSite constructorCallSite, RuntimeResolverContext context)&#xD;
   at Microsoft.Extensions.DependencyInjection.ServiceLookup.CallSiteRuntimeResolver.VisitRootCache(ServiceCallSite callSite, RuntimeResolverContext context)&#xD;
   at Microsoft.Extensions.DependencyInjection.ServiceLookup.CallSiteVisitor`2.VisitCallSite(ServiceCallSite callSite, TArgument argument)&#xD;
   at Microsoft.Extensions.DependencyInjection.ServiceLookup.CallSiteRuntimeResolver.VisitConstructor(ConstructorCallSite constructorCallSite, RuntimeResolverContext context)&#xD;
   at Microsoft.Extensions.DependencyInjection.ServiceLookup.CallSiteRuntimeResolver.VisitCache(ServiceCallSite callSite, RuntimeResolverContext context, ServiceProviderEngineScope serviceProviderEngine, RuntimeResolverLock lockType)&#xD;
   at Microsoft.Extensions.DependencyInjection.ServiceLookup.CallSiteRuntimeResolver.VisitScopeCache(ServiceCallSite callSite, RuntimeResolverContext context)&#xD;
   at Microsoft.Extensions.DependencyInjection.ServiceLookup.CallSiteVisitor`2.VisitCallSite(ServiceCallSite callSite, TArgument argument)&#xD;
   at Microsoft.Extensions.DependencyInjection.ServiceLookup.CallSiteRuntimeResolver.Resolve(ServiceCallSite callSite, ServiceProviderEngineScope scope)&#xD;
   at Microsoft.Extensions.DependencyInjection.ServiceLookup.DynamicServiceProviderEngine.&lt;&gt;c__DisplayClass2_0.&lt;RealizeService&gt;b__0(ServiceProviderEngineScope scope)&#xD;
   at Microsoft.Extensions.DependencyInjection.ServiceProvider.GetService(ServiceIdentifier serviceIdentifier, ServiceProviderEngineScope serviceProviderEngineScope)&#xD;
   at Microsoft.Extensions.DependencyInjection.ServiceLookup.ServiceProviderEngineScope.GetService(Type serviceType)&#xD;
   at lambda_method1615(Closure, Object, HttpContext, IServiceProvider)&#xD;
   at Sigov.Api.Middlewares.RequestLoggingMiddleware.InvokeAsync(HttpContext context) in C:\MNSOFT\SIGOV-PLUS\src\Sigov.Api\Middlewares\RequestLoggingMiddleware.cs:line 19&#xD;
   at Sigov.Api.Middlewares.SecurityHeadersMiddleware.InvokeAsync(HttpContext context) in C:\MNSOFT\SIGOV-PLUS\src\Sigov.Api\Middlewares\SecurityHeadersMiddleware.cs:line 32&#xD;
   at Sigov.Api.Middlewares.ExceptionHandlingMiddleware.InvokeAsync(HttpContext context) in C:\MNSOFT\SIGOV-PLUS\src\Sigov.Api\Middlewares\ExceptionHandlingMiddleware.cs:line 22&#xD;
[18:16:51 INF] Request finished HTTP/1.1 GET http://localhost/swagger/v1/swagger.json - 500 null application/json; charset=utf-8 1.8898ms&#xD;
[18:16:51 INF] Application is shutting down...&#xD;
[xUnit.net 00:00:04.34]       Expected response.StatusCode to be HttpStatusCode.OK {value: 200}, but found HttpStatusCode.InternalServerError {value: 500}.&#xD;
[xUnit.net 00:00:04.34]       Stack Trace:&#xD;
[xUnit.net 00:00:04.34]            at FluentAssertions.Execution.XUnit2TestFramework.Throw(String message)&#xD;
[xUnit.net 00:00:04.34]            at FluentAssertions.Execution.TestFrameworkProvider.Throw(String message)&#xD;
[xUnit.net 00:00:04.34]            at FluentAssertions.Execution.DefaultAssertionStrategy.HandleFailure(String message)&#xD;
[xUnit.net 00:00:04.34]            at FluentAssertions.Execution.AssertionScope.FailWith(Func`1 failReasonFunc)&#xD;
[xUnit.net 00:00:04.34]            at FluentAssertions.Execution.AssertionScope.FailWith(Func`1 failReasonFunc)&#xD;
[xUnit.net 00:00:04.34]            at FluentAssertions.Execution.AssertionScope.FailWith(String message, Object[] args)&#xD;
[xUnit.net 00:00:04.34]            at FluentAssertions.Primitives.EnumAssertions`2.Be(TEnum expected, String because, Object[] becauseArgs)&#xD;
[xUnit.net 00:00:04.34]         C:\MNSOFT\SIGOV-PLUS\tests\Sigov.ApiTests\ApiContractRegressionTests.cs(95,0): at Sigov.ApiTests.ApiContractRegressionTests.SwaggerJson_Deve_Ser_Valido_Sem_Rotas_Ou_OperationIds_Duplicados()&#xD;
[xUnit.net 00:00:04.34]         --- End of stack trace from previous location ---&#xD;
[xUnit.net 00:00:04.34]   Finished:    Sigov.ApiTests&#xD;
</StdOut>
    </Output>
    <RunInfos>
      <RunInfo computerName="DESKTOP-CK86BSC" outcome="Error" timestamp="2026-09-08T18:16:47.9318201-03:00">
        <Text>[xUnit.net 00:00:00.39]     Sigov.ApiTests.PosRc02RealFlowStaticTests.ApiV1_Deve_Exigir_Key_Tenant_E_Escopo_Com_Log_Sem_Token_Claro [FAIL]</Text>
      </RunInfo>
      <RunInfo computerName="DESKTOP-CK86BSC" outcome="Error" timestamp="2026-09-08T18:16:47.9976669-03:00">
        <Text>[xUnit.net 00:00:00.47]     Sigov.ApiTests.PostBuild01RegressionTests.PosBuild01_Deve_Ter_Seed_Admin_E_Auditoria_Idempotente [FAIL]</Text>
      </RunInfo>
      <RunInfo computerName="DESKTOP-CK86BSC" outcome="Error" timestamp="2026-09-08T18:16:47.9990451-03:00">
        <Text>[xUnit.net 00:00:00.47]     Sigov.ApiTests.PostBuild05ComercioTests.Catalogo_menu_docs_e_script_expoem_varejo_atacado_pdv_caixa_e_financeiro [FAIL]</Text>
      </RunInfo>
      <RunInfo computerName="DESKTOP-CK86BSC" outcome="Error" timestamp="2026-09-08T18:16:48.0178714-03:00">
        <Text>[xUnit.net 00:00:00.49]     Sigov.ApiTests.AuthPermissionRegressionTests.Api_Deve_Ter_Middleware_De_Erros_Sem_StackTrace_E_Headers_De_Seguranca [FAIL]</Text>
      </RunInfo>
      <RunInfo computerName="DESKTOP-CK86BSC" outcome="Error" timestamp="2026-09-08T18:16:48.0205032-03:00">
        <Text>[xUnit.net 00:00:00.49]     Sigov.ApiTests.PostBuild09GedOcrAssinaturaAutomacaoTests.Telas_demo_e_documentacao_do_modulo_documental_foram_entregues [FAIL]</Text>
      </RunInfo>
      <RunInfo computerName="DESKTOP-CK86BSC" outcome="Error" timestamp="2026-09-08T18:16:48.0289938-03:00">
        <Text>[xUnit.net 00:00:00.50]     Sigov.ApiTests.AgroParte6ApiTests.Controllers_Definem_Endpoints_Privados_E_Publicos [FAIL]</Text>
      </RunInfo>
      <RunInfo computerName="DESKTOP-CK86BSC" outcome="Error" timestamp="2026-09-08T18:16:48.0539159-03:00">
        <Text>[xUnit.net 00:00:00.53]     Sigov.ApiTests.PostBuild09GedOcrAssinaturaAutomacaoTests.Permissoes_e_catalogo_saas_documental_estao_seedados [FAIL]</Text>
      </RunInfo>
      <RunInfo computerName="DESKTOP-CK86BSC" outcome="Error" timestamp="2026-09-08T18:16:48.0603033-03:00">
        <Text>[xUnit.net 00:00:00.53]     Sigov.ApiTests.PosRc06StaticTests.Ci_Deve_Conter_Jobs_E_Validar_OutboxEvento [FAIL]</Text>
      </RunInfo>
      <RunInfo computerName="DESKTOP-CK86BSC" outcome="Error" timestamp="2026-09-08T18:16:48.0622020-03:00">
        <Text>[xUnit.net 00:00:00.53]     Sigov.ApiTests.SegurancaApiTests.Menu_Deve_Ter_Rotas_De_Seguranca [FAIL]</Text>
      </RunInfo>
      <RunInfo computerName="DESKTOP-CK86BSC" outcome="Error" timestamp="2026-09-08T18:16:48.0701278-03:00">
        <Text>[xUnit.net 00:00:00.54]     Sigov.ApiTests.PostBuild07FinanceiroIntegradoTests.Telas_menu_docs_e_demo_foram_entregues [FAIL]</Text>
      </RunInfo>
      <RunInfo computerName="DESKTOP-CK86BSC" outcome="Error" timestamp="2026-09-08T18:16:48.0881803-03:00">
        <Text>[xUnit.net 00:00:00.56]     Sigov.ApiTests.PosRc07StaticContractTests.EnvExampleAndDockerComposeUseSigovDefaults [FAIL]</Text>
      </RunInfo>
      <RunInfo computerName="DESKTOP-CK86BSC" outcome="Error" timestamp="2026-09-08T18:16:48.0893338-03:00">
        <Text>[xUnit.net 00:00:00.56]     Sigov.ApiTests.PosRc06StaticTests.SchemaReport_Smoke_Seed_E_Package_Devem_Cobrir_Correcoes_PosRc06 [FAIL]</Text>
      </RunInfo>
      <RunInfo computerName="DESKTOP-CK86BSC" outcome="Error" timestamp="2026-09-08T18:16:48.0899646-03:00">
        <Text>[xUnit.net 00:00:00.56]     Sigov.ApiTests.PosRc07StaticContractTests.GoLiveCheckCiSmokeSeedAndPackageContractsArePresent [FAIL]</Text>
      </RunInfo>
      <RunInfo computerName="DESKTOP-CK86BSC" outcome="Error" timestamp="2026-09-08T18:16:48.7516547-03:00">
        <Text>[xUnit.net 00:00:01.22]     Sigov.ApiTests.PostBuild08TributarioAvancadoTests.Telas_docs_e_demo_do_tributario_avancado_foram_entregues [FAIL]</Text>
      </RunInfo>
      <RunInfo computerName="DESKTOP-CK86BSC" outcome="Error" timestamp="2026-09-08T18:16:51.6053294-03:00">
        <Text>[xUnit.net 00:00:04.08]     Sigov.ApiTests.Ui.OnboardingApiTests.Onboarding_Deve_Retornar_Jornada_Padrao [FAIL]</Text>
      </RunInfo>
      <RunInfo computerName="DESKTOP-CK86BSC" outcome="Error" timestamp="2026-09-08T18:16:51.6068072-03:00">
        <Text>[xUnit.net 00:00:04.08]     Sigov.ApiTests.Ui.UserPreferencesApiTests.Preferencias_Deve_Exigir_Usuario [FAIL]</Text>
      </RunInfo>
      <RunInfo computerName="DESKTOP-CK86BSC" outcome="Error" timestamp="2026-09-08T18:16:51.6079041-03:00">
        <Text>[xUnit.net 00:00:04.08]     Sigov.ApiTests.IntegracoesApiTests.DashboardSemTenant_RetornaBadRequestOuForbidden [FAIL]</Text>
      </RunInfo>
      <RunInfo computerName="DESKTOP-CK86BSC" outcome="Error" timestamp="2026-09-08T18:16:51.6085354-03:00">
        <Text>[xUnit.net 00:00:04.08]     Sigov.ApiTests.Release.HealthVersionApiTests.HealthVersion_Deve_Retornar_Versao_E_Schema_Sigov [FAIL]</Text>
      </RunInfo>
      <RunInfo computerName="DESKTOP-CK86BSC" outcome="Error" timestamp="2026-09-08T18:16:51.6093824-03:00">
        <Text>[xUnit.net 00:00:04.08]     Sigov.ApiTests.HealthEndpointTests.Health_Deve_Retornar_Sucesso [FAIL]</Text>
      </RunInfo>
      <RunInfo computerName="DESKTOP-CK86BSC" outcome="Error" timestamp="2026-09-08T18:16:51.6291579-03:00">
        <Text>[xUnit.net 00:00:04.10]     Sigov.ApiTests.SaneamentoApiTests.Dashboard_Sem_Tenant_Deve_Bloquear_Acesso_Ao_Modulo [FAIL]</Text>
      </RunInfo>
      <RunInfo computerName="DESKTOP-CK86BSC" outcome="Error" timestamp="2026-09-08T18:16:51.6349112-03:00">
        <Text>[xUnit.net 00:00:04.11]     Sigov.ApiTests.Ui.BusinessRulesApiTests.Regras_De_Negocio_Deve_Responder_Lista_E_Modulo [FAIL]</Text>
      </RunInfo>
      <RunInfo computerName="DESKTOP-CK86BSC" outcome="Error" timestamp="2026-09-08T18:16:51.6361302-03:00">
        <Text>[xUnit.net 00:00:04.11]     Sigov.ApiTests.Hardening.RateLimitTests.Health_Live_Nao_Deve_Ser_Bloqueado_Pelo_RateLimit [FAIL]</Text>
      </RunInfo>
      <RunInfo computerName="DESKTOP-CK86BSC" outcome="Error" timestamp="2026-09-08T18:16:51.6390682-03:00">
        <Text>[xUnit.net 00:00:04.11]     Sigov.ApiTests.Ui.ModuleCatalogApiTests.Catalogo_De_Modulos_Deve_Responder_Rotas_Comerciais [FAIL]</Text>
      </RunInfo>
      <RunInfo computerName="DESKTOP-CK86BSC" outcome="Error" timestamp="2026-09-08T18:16:51.7823368-03:00">
        <Text>[xUnit.net 00:00:04.26]     Sigov.ApiTests.ApiContractRegressionTests.PublicHealthEndpoints_Deve_Retornar_ApiResponse_Sem_Autenticacao(path: "/api/health/live", expectedStatus: OK) [FAIL]</Text>
      </RunInfo>
      <RunInfo computerName="DESKTOP-CK86BSC" outcome="Error" timestamp="2026-09-08T18:16:51.8252211-03:00">
        <Text>[xUnit.net 00:00:04.30]     Sigov.ApiTests.ApiContractRegressionTests.PublicHealthEndpoints_Deve_Retornar_ApiResponse_Sem_Autenticacao(path: "/api/health/version", expectedStatus: OK) [FAIL]</Text>
      </RunInfo>
      <RunInfo computerName="DESKTOP-CK86BSC" outcome="Error" timestamp="2026-09-08T18:16:51.8299742-03:00">
        <Text>[xUnit.net 00:00:04.30]     Sigov.ApiTests.ApiContractRegressionTests.PublicHealthEndpoints_Deve_Retornar_ApiResponse_Sem_Autenticacao(path: "/api/health", expectedStatus: OK) [FAIL]</Text>
      </RunInfo>
      <RunInfo computerName="DESKTOP-CK86BSC" outcome="Error" timestamp="2026-09-08T18:16:51.8568483-03:00">
        <Text>[xUnit.net 00:00:04.33]     Sigov.ApiTests.ApiContractRegressionTests.VersionEndpoint_Deve_Expor_Metadados_De_Release_Final [FAIL]</Text>
      </RunInfo>
      <RunInfo computerName="DESKTOP-CK86BSC" outcome="Error" timestamp="2026-09-08T18:16:51.8655416-03:00">
        <Text>[xUnit.net 00:00:04.34]     Sigov.ApiTests.ApiContractRegressionTests.SwaggerJson_Deve_Ser_Valido_Sem_Rotas_Ou_OperationIds_Duplicados [FAIL]</Text>
      </RunInfo>
    </RunInfos>
  </ResultSummary>
</TestRun>